<?xml version="1.0" encoding="utf-8" ?>
<!DOCTYPE html PUBLIC "-//W3C//DTD XHTML 1.0 Strict//EN"
        "http://www.w3.org/TR/xhtml1/DTD/xhtml1-strict.dtd">
<html xmlns="http://www.w3.org/1999/xhtml" xml:lang="" lang="">
<head>
  <title>Test Results Report - Login Test</title>
  <meta http-equiv="Content-Type" content="text/html;charset=utf-8" />
  <meta name="description" content="TestNG unit test results." />
  <link href="reportng.css" rel="stylesheet" type="text/css" />
    <script type="text/javascript" src="reportng.js"></script>
</head>
<body>
<h1>Login Test</h1>
<p>
  Test duration: 130.278s
</p>



  <table class="resultsTable">
    <tr><th colspan="3" class="header failed">Failed Tests</th></tr>
          <tr>
        <td colspan="3" class="group">com.orangehrmlive.demo.testsuite.UsersTest</td>
      </tr>
            
<tr>
  <td class="method">
                  adminShouldAddUserSuccessFully
      </td>
  <td class="duration">
    23.578s
  </td>
  <td class="result">
        
    
        

        <a href="javascript:toggleElement('exception-0', 'block')" title="Click to expand/collapse"><b>org.openqa.selenium.json.JsonException: java.lang.reflect.InvocationTargetException<br/>
Build info: version: &apos;4.1.4&apos;, revision: &apos;535d840ee2&apos;<br/>
System info: host: &apos;JITEN&apos;, ip: &apos;192.168.0.208&apos;, os.name: &apos;Windows 10&apos;, os.arch: &apos;amd64&apos;, os.version: &apos;10.0&apos;, java.version: &apos;1.8.0_121&apos;<br/>
Driver info: org.openqa.selenium.chrome.ChromeDriver<br/>
Command: [940e7deff222e8bd63c39331e22d5ddd, actions {actions=[org.openqa.selenium.interactions.Sequence@72e789cb]}]<br/>
Capabilities {acceptInsecureCerts: false, browserName: chrome, browserVersion: 109.0.5414.120, chrome: {chromedriverVersion: 109.0.5414.74 (e7c5703604da..., userDataDir: C:\Users\mjfoo\AppData\Loca...}, goog:chromeOptions: {debuggerAddress: localhost:53211}, javascriptEnabled: true, networkConnectionEnabled: false, pageLoadStrategy: normal, platform: WINDOWS, platformName: WINDOWS, proxy: Proxy(), se:cdp: ws://localhost:53211/devtoo..., se:cdpVersion: 109.0.5414.120, setWindowRect: true, strictFileInteractability: false, timeouts: {implicit: 0, pageLoad: 300000, script: 30000}, unhandledPromptBehavior: dismiss and notify, webauthn:extension:credBlob: true, webauthn:extension:largeBlob: true, webauthn:virtualAuthenticators: true}<br/>
Session ID: 940e7deff222e8bd63c39331e22d5ddd</b></a><br />
    <div class="stackTrace" id="exception-0">
              org.openqa.selenium.json.JsonOutput.convertUsingMethod(JsonOutput.java:362)<br />
              org.openqa.selenium.json.JsonOutput.lambda$new$16(JsonOutput.java:154)<br />
              org.openqa.selenium.json.JsonOutput.write(JsonOutput.java:287)<br />
              org.openqa.selenium.json.JsonOutput.lambda$new$22(JsonOutput.java:169)<br />
              java.util.stream.ForEachOps$ForEachOp$OfRef.accept(ForEachOps.java:184)<br />
              java.util.stream.ReferencePipeline$2$1.accept(ReferencePipeline.java:175)<br />
              java.util.Iterator.forEachRemaining(Iterator.java:116)<br />
              java.util.Spliterators$IteratorSpliterator.forEachRemaining(Spliterators.java:1801)<br />
              java.util.stream.AbstractPipeline.copyInto(AbstractPipeline.java:481)<br />
              java.util.stream.AbstractPipeline.wrapAndCopyInto(AbstractPipeline.java:471)<br />
              java.util.stream.ForEachOps$ForEachOp.evaluateSequential(ForEachOps.java:151)<br />
              java.util.stream.ForEachOps$ForEachOp$OfRef.evaluateSequential(ForEachOps.java:174)<br />
              java.util.stream.AbstractPipeline.evaluate(AbstractPipeline.java:234)<br />
              java.util.stream.ReferencePipeline.forEach(ReferencePipeline.java:418)<br />
              org.openqa.selenium.json.JsonOutput.lambda$new$23(JsonOutput.java:169)<br />
              org.openqa.selenium.json.JsonOutput.write(JsonOutput.java:287)<br />
              org.openqa.selenium.json.JsonOutput.lambda$new$24(JsonOutput.java:182)<br />
              com.google.common.collect.SingletonImmutableBiMap.forEach(SingletonImmutableBiMap.java:68)<br />
              org.openqa.selenium.json.JsonOutput.lambda$new$25(JsonOutput.java:177)<br />
              org.openqa.selenium.json.JsonOutput.write(JsonOutput.java:287)<br />
              org.openqa.selenium.json.JsonOutput.write(JsonOutput.java:278)<br />
              org.openqa.selenium.json.Json.toJson(Json.java:42)<br />
              org.openqa.selenium.remote.codec.AbstractHttpCommandCodec.encode(AbstractHttpCommandCodec.java:259)<br />
              org.openqa.selenium.remote.codec.AbstractHttpCommandCodec.encode(AbstractHttpCommandCodec.java:127)<br />
              org.openqa.selenium.remote.HttpCommandExecutor.execute(HttpCommandExecutor.java:172)<br />
              org.openqa.selenium.remote.service.DriverCommandExecutor.invokeExecute(DriverCommandExecutor.java:167)<br />
              org.openqa.selenium.remote.service.DriverCommandExecutor.execute(DriverCommandExecutor.java:142)<br />
              org.openqa.selenium.remote.RemoteWebDriver.execute(RemoteWebDriver.java:567)<br />
              org.openqa.selenium.remote.RemoteWebDriver.perform(RemoteWebDriver.java:635)<br />
              org.openqa.selenium.interactions.Actions$BuiltAction.perform(Actions.java:656)<br />
              org.openqa.selenium.interactions.Actions.perform(Actions.java:612)<br />
              com.orangehrmlive.demo.utility.Utility.mouseHoverToElement(Utility.java:234)<br />
              com.orangehrmlive.demo.pages.AddUserPage.ClickonUserrole(AddUserPage.java:109)<br />
              com.orangehrmlive.demo.testsuite.UsersTest.adminShouldAddUserSuccessFully(UsersTest.java:42)<br />
              sun.reflect.NativeMethodAccessorImpl.invoke0(Native Method)<br />
              sun.reflect.NativeMethodAccessorImpl.invoke(NativeMethodAccessorImpl.java:62)<br />
              sun.reflect.DelegatingMethodAccessorImpl.invoke(DelegatingMethodAccessorImpl.java:43)<br />
              java.lang.reflect.Method.invoke(Method.java:498)<br />
              org.testng.internal.invokers.MethodInvocationHelper.invokeMethod(MethodInvocationHelper.java:135)<br />
              org.testng.internal.invokers.TestInvoker.invokeMethod(TestInvoker.java:673)<br />
              org.testng.internal.invokers.TestInvoker.invokeTestMethod(TestInvoker.java:220)<br />
              org.testng.internal.invokers.MethodRunner.runInSequence(MethodRunner.java:50)<br />
              org.testng.internal.invokers.TestInvoker$MethodInvocationAgent.invoke(TestInvoker.java:945)<br />
              org.testng.internal.invokers.TestInvoker.invokeTestMethods(TestInvoker.java:193)<br />
              org.testng.internal.invokers.TestMethodWorker.invokeTestMethods(TestMethodWorker.java:146)<br />
              org.testng.internal.invokers.TestMethodWorker.run(TestMethodWorker.java:128)<br />
              java.util.ArrayList.forEach(ArrayList.java:1249)<br />
              org.testng.TestRunner.privateRun(TestRunner.java:808)<br />
              org.testng.TestRunner.run(TestRunner.java:603)<br />
              org.testng.SuiteRunner.runTest(SuiteRunner.java:429)<br />
              org.testng.SuiteRunner.runSequentially(SuiteRunner.java:423)<br />
              org.testng.SuiteRunner.privateRun(SuiteRunner.java:383)<br />
              org.testng.SuiteRunner.run(SuiteRunner.java:326)<br />
              org.testng.SuiteRunnerWorker.runSuite(SuiteRunnerWorker.java:52)<br />
              org.testng.SuiteRunnerWorker.run(SuiteRunnerWorker.java:95)<br />
              org.testng.TestNG.runSuitesSequentially(TestNG.java:1249)<br />
              org.testng.TestNG.runSuitesLocally(TestNG.java:1169)<br />
              org.testng.TestNG.runSuites(TestNG.java:1092)<br />
              org.testng.TestNG.run(TestNG.java:1060)<br />
              com.intellij.rt.testng.IDEARemoteTestNG.run(IDEARemoteTestNG.java:66)<br />
              com.intellij.rt.testng.RemoteTestNGStarter.main(RemoteTestNGStarter.java:109)<br />
                    <b>Caused by: </b> <a href="javascript:toggleElement('exception-1', 'block')" title="Click to expand/collapse">java.lang.reflect.InvocationTargetException</a><br />
        <div class="stackTrace" id="exception-1">
                      sun.reflect.NativeMethodAccessorImpl.invoke0(Native Method)<br />
                      sun.reflect.NativeMethodAccessorImpl.invoke(NativeMethodAccessorImpl.java:62)<br />
                      sun.reflect.DelegatingMethodAccessorImpl.invoke(DelegatingMethodAccessorImpl.java:43)<br />
                      java.lang.reflect.Method.invoke(Method.java:498)<br />
                      org.openqa.selenium.json.JsonOutput.convertUsingMethod(JsonOutput.java:358)<br />
                      org.openqa.selenium.json.JsonOutput.lambda$new$16(JsonOutput.java:154)<br />
                      org.openqa.selenium.json.JsonOutput.write(JsonOutput.java:287)<br />
                      org.openqa.selenium.json.JsonOutput.lambda$new$22(JsonOutput.java:169)<br />
                      java.util.stream.ForEachOps$ForEachOp$OfRef.accept(ForEachOps.java:184)<br />
                      java.util.stream.ReferencePipeline$2$1.accept(ReferencePipeline.java:175)<br />
                      java.util.Iterator.forEachRemaining(Iterator.java:116)<br />
                      java.util.Spliterators$IteratorSpliterator.forEachRemaining(Spliterators.java:1801)<br />
                      java.util.stream.AbstractPipeline.copyInto(AbstractPipeline.java:481)<br />
                      java.util.stream.AbstractPipeline.wrapAndCopyInto(AbstractPipeline.java:471)<br />
                      java.util.stream.ForEachOps$ForEachOp.evaluateSequential(ForEachOps.java:151)<br />
                      java.util.stream.ForEachOps$ForEachOp$OfRef.evaluateSequential(ForEachOps.java:174)<br />
                      java.util.stream.AbstractPipeline.evaluate(AbstractPipeline.java:234)<br />
                      java.util.stream.ReferencePipeline.forEach(ReferencePipeline.java:418)<br />
                      org.openqa.selenium.json.JsonOutput.lambda$new$23(JsonOutput.java:169)<br />
                      org.openqa.selenium.json.JsonOutput.write(JsonOutput.java:287)<br />
                      org.openqa.selenium.json.JsonOutput.lambda$new$24(JsonOutput.java:182)<br />
                      com.google.common.collect.SingletonImmutableBiMap.forEach(SingletonImmutableBiMap.java:68)<br />
                      org.openqa.selenium.json.JsonOutput.lambda$new$25(JsonOutput.java:177)<br />
                      org.openqa.selenium.json.JsonOutput.write(JsonOutput.java:287)<br />
                      org.openqa.selenium.json.JsonOutput.write(JsonOutput.java:278)<br />
                      org.openqa.selenium.json.Json.toJson(Json.java:42)<br />
                      org.openqa.selenium.remote.codec.AbstractHttpCommandCodec.encode(AbstractHttpCommandCodec.java:259)<br />
                      org.openqa.selenium.remote.codec.AbstractHttpCommandCodec.encode(AbstractHttpCommandCodec.java:127)<br />
                      org.openqa.selenium.remote.HttpCommandExecutor.execute(HttpCommandExecutor.java:172)<br />
                      org.openqa.selenium.remote.service.DriverCommandExecutor.invokeExecute(DriverCommandExecutor.java:167)<br />
                      org.openqa.selenium.remote.service.DriverCommandExecutor.execute(DriverCommandExecutor.java:142)<br />
                      org.openqa.selenium.remote.RemoteWebDriver.execute(RemoteWebDriver.java:567)<br />
                      org.openqa.selenium.remote.RemoteWebDriver.perform(RemoteWebDriver.java:635)<br />
                      org.openqa.selenium.interactions.Actions$BuiltAction.perform(Actions.java:656)<br />
                      org.openqa.selenium.interactions.Actions.perform(Actions.java:612)<br />
                      com.orangehrmlive.demo.utility.Utility.mouseHoverToElement(Utility.java:234)<br />
                      com.orangehrmlive.demo.pages.AddUserPage.ClickonUserrole(AddUserPage.java:109)<br />
                      com.orangehrmlive.demo.testsuite.UsersTest.adminShouldAddUserSuccessFully(UsersTest.java:42)<br />
                      sun.reflect.NativeMethodAccessorImpl.invoke0(Native Method)<br />
                      sun.reflect.NativeMethodAccessorImpl.invoke(NativeMethodAccessorImpl.java:62)<br />
                      sun.reflect.DelegatingMethodAccessorImpl.invoke(DelegatingMethodAccessorImpl.java:43)<br />
                      java.lang.reflect.Method.invoke(Method.java:498)<br />
                      org.testng.internal.invokers.MethodInvocationHelper.invokeMethod(MethodInvocationHelper.java:135)<br />
                      org.testng.internal.invokers.TestInvoker.invokeMethod(TestInvoker.java:673)<br />
                      org.testng.internal.invokers.TestInvoker.invokeTestMethod(TestInvoker.java:220)<br />
                      org.testng.internal.invokers.MethodRunner.runInSequence(MethodRunner.java:50)<br />
                      org.testng.internal.invokers.TestInvoker$MethodInvocationAgent.invoke(TestInvoker.java:945)<br />
                      org.testng.internal.invokers.TestInvoker.invokeTestMethods(TestInvoker.java:193)<br />
                      org.testng.internal.invokers.TestMethodWorker.invokeTestMethods(TestMethodWorker.java:146)<br />
                      org.testng.internal.invokers.TestMethodWorker.run(TestMethodWorker.java:128)<br />
                      java.util.ArrayList.forEach(ArrayList.java:1249)<br />
                      org.testng.TestRunner.privateRun(TestRunner.java:808)<br />
                      org.testng.TestRunner.run(TestRunner.java:603)<br />
                      org.testng.SuiteRunner.runTest(SuiteRunner.java:429)<br />
                      org.testng.SuiteRunner.runSequentially(SuiteRunner.java:423)<br />
                      org.testng.SuiteRunner.privateRun(SuiteRunner.java:383)<br />
                      org.testng.SuiteRunner.run(SuiteRunner.java:326)<br />
                      org.testng.SuiteRunnerWorker.runSuite(SuiteRunnerWorker.java:52)<br />
                      org.testng.SuiteRunnerWorker.run(SuiteRunnerWorker.java:95)<br />
                      org.testng.TestNG.runSuitesSequentially(TestNG.java:1249)<br />
                      org.testng.TestNG.runSuitesLocally(TestNG.java:1169)<br />
                      org.testng.TestNG.runSuites(TestNG.java:1092)<br />
                      org.testng.TestNG.run(TestNG.java:1060)<br />
                      com.intellij.rt.testng.IDEARemoteTestNG.run(IDEARemoteTestNG.java:66)<br />
                      com.intellij.rt.testng.RemoteTestNGStarter.main(RemoteTestNGStarter.java:109)<br />
                  </div>
              <b>Caused by: </b> <a href="javascript:toggleElement('exception-2', 'block')" title="Click to expand/collapse">org.openqa.selenium.NoSuchElementException: no such element: Unable to locate element: {&quot;method&quot;:&quot;xpath&quot;,&quot;selector&quot;:&quot;//div[@class=&apos;oxd-select-wrapper&apos;]/child::div/div[text()=&apos;Admin&apos;]&quot;}<br/>
&nbsp; (Session info: chrome=109.0.5414.120)<br/>
For documentation on this error, please visit: https://selenium.dev/exceptions/#no_such_element<br/>
Build info: version: &apos;4.1.4&apos;, revision: &apos;535d840ee2&apos;<br/>
System info: host: &apos;JITEN&apos;, ip: &apos;192.168.0.208&apos;, os.name: &apos;Windows 10&apos;, os.arch: &apos;amd64&apos;, os.version: &apos;10.0&apos;, java.version: &apos;1.8.0_121&apos;<br/>
Driver info: org.openqa.selenium.chrome.ChromeDriver<br/>
Command: [940e7deff222e8bd63c39331e22d5ddd, findElement {using=xpath, value=//div[@class=&apos;oxd-select-wrapper&apos;]/child::div/div[text()=&apos;Admin&apos;]}]<br/>
Capabilities {acceptInsecureCerts: false, browserName: chrome, browserVersion: 109.0.5414.120, chrome: {chromedriverVersion: 109.0.5414.74 (e7c5703604da..., userDataDir: C:\Users\mjfoo\AppData\Loca...}, goog:chromeOptions: {debuggerAddress: localhost:53211}, javascriptEnabled: true, networkConnectionEnabled: false, pageLoadStrategy: normal, platform: WINDOWS, platformName: WINDOWS, proxy: Proxy(), se:cdp: ws://localhost:53211/devtoo..., se:cdpVersion: 109.0.5414.120, setWindowRect: true, strictFileInteractability: false, timeouts: {implicit: 0, pageLoad: 300000, script: 30000}, unhandledPromptBehavior: dismiss and notify, webauthn:extension:credBlob: true, webauthn:extension:largeBlob: true, webauthn:virtualAuthenticators: true}<br/>
Session ID: 940e7deff222e8bd63c39331e22d5ddd</a><br />
        <div class="stackTrace" id="exception-2">
                      sun.reflect.NativeConstructorAccessorImpl.newInstance0(Native Method)<br />
                      sun.reflect.NativeConstructorAccessorImpl.newInstance(NativeConstructorAccessorImpl.java:62)<br />
                      sun.reflect.DelegatingConstructorAccessorImpl.newInstance(DelegatingConstructorAccessorImpl.java:45)<br />
                      java.lang.reflect.Constructor.newInstance(Constructor.java:423)<br />
                      org.openqa.selenium.remote.codec.w3c.W3CHttpResponseCodec.createException(W3CHttpResponseCodec.java:200)<br />
                      org.openqa.selenium.remote.codec.w3c.W3CHttpResponseCodec.decode(W3CHttpResponseCodec.java:133)<br />
                      org.openqa.selenium.remote.codec.w3c.W3CHttpResponseCodec.decode(W3CHttpResponseCodec.java:53)<br />
                      org.openqa.selenium.remote.HttpCommandExecutor.execute(HttpCommandExecutor.java:184)<br />
                      org.openqa.selenium.remote.service.DriverCommandExecutor.invokeExecute(DriverCommandExecutor.java:167)<br />
                      org.openqa.selenium.remote.service.DriverCommandExecutor.execute(DriverCommandExecutor.java:142)<br />
                      org.openqa.selenium.remote.RemoteWebDriver.execute(RemoteWebDriver.java:567)<br />
                      org.openqa.selenium.remote.ElementLocation$ElementFinder$2.findElement(ElementLocation.java:162)<br />
                      org.openqa.selenium.remote.ElementLocation.findElement(ElementLocation.java:60)<br />
                      org.openqa.selenium.remote.RemoteWebDriver.findElement(RemoteWebDriver.java:385)<br />
                      org.openqa.selenium.remote.RemoteWebDriver.findElement(RemoteWebDriver.java:377)<br />
                      org.openqa.selenium.support.pagefactory.DefaultElementLocator.findElement(DefaultElementLocator.java:70)<br />
                      org.openqa.selenium.support.pagefactory.internal.LocatingElementHandler.invoke(LocatingElementHandler.java:39)<br />
                      com.sun.proxy.$Proxy14.getWrappedElement(Unknown Source)<br />
                      org.openqa.selenium.interactions.PointerInput$Origin.asArg(PointerInput.java:234)<br />
                      org.openqa.selenium.interactions.PointerInput$Move.encode(PointerInput.java:185)<br />
                      org.openqa.selenium.interactions.Sequence.encode(Sequence.java:73)<br />
                      org.openqa.selenium.interactions.Sequence.toJson(Sequence.java:82)<br />
                      sun.reflect.NativeMethodAccessorImpl.invoke0(Native Method)<br />
                      sun.reflect.NativeMethodAccessorImpl.invoke(NativeMethodAccessorImpl.java:62)<br />
                      sun.reflect.DelegatingMethodAccessorImpl.invoke(DelegatingMethodAccessorImpl.java:43)<br />
                      java.lang.reflect.Method.invoke(Method.java:498)<br />
                      org.openqa.selenium.json.JsonOutput.convertUsingMethod(JsonOutput.java:358)<br />
                      org.openqa.selenium.json.JsonOutput.lambda$new$16(JsonOutput.java:154)<br />
                      org.openqa.selenium.json.JsonOutput.write(JsonOutput.java:287)<br />
                      org.openqa.selenium.json.JsonOutput.lambda$new$22(JsonOutput.java:169)<br />
                      java.util.stream.ForEachOps$ForEachOp$OfRef.accept(ForEachOps.java:184)<br />
                      java.util.stream.ReferencePipeline$2$1.accept(ReferencePipeline.java:175)<br />
                      java.util.Iterator.forEachRemaining(Iterator.java:116)<br />
                      java.util.Spliterators$IteratorSpliterator.forEachRemaining(Spliterators.java:1801)<br />
                      java.util.stream.AbstractPipeline.copyInto(AbstractPipeline.java:481)<br />
                      java.util.stream.AbstractPipeline.wrapAndCopyInto(AbstractPipeline.java:471)<br />
                      java.util.stream.ForEachOps$ForEachOp.evaluateSequential(ForEachOps.java:151)<br />
                      java.util.stream.ForEachOps$ForEachOp$OfRef.evaluateSequential(ForEachOps.java:174)<br />
                      java.util.stream.AbstractPipeline.evaluate(AbstractPipeline.java:234)<br />
                      java.util.stream.ReferencePipeline.forEach(ReferencePipeline.java:418)<br />
                      org.openqa.selenium.json.JsonOutput.lambda$new$23(JsonOutput.java:169)<br />
                      org.openqa.selenium.json.JsonOutput.write(JsonOutput.java:287)<br />
                      org.openqa.selenium.json.JsonOutput.lambda$new$24(JsonOutput.java:182)<br />
                      com.google.common.collect.SingletonImmutableBiMap.forEach(SingletonImmutableBiMap.java:68)<br />
                      org.openqa.selenium.json.JsonOutput.lambda$new$25(JsonOutput.java:177)<br />
                      org.openqa.selenium.json.JsonOutput.write(JsonOutput.java:287)<br />
                      org.openqa.selenium.json.JsonOutput.write(JsonOutput.java:278)<br />
                      org.openqa.selenium.json.Json.toJson(Json.java:42)<br />
                      org.openqa.selenium.remote.codec.AbstractHttpCommandCodec.encode(AbstractHttpCommandCodec.java:259)<br />
                      org.openqa.selenium.remote.codec.AbstractHttpCommandCodec.encode(AbstractHttpCommandCodec.java:127)<br />
                      org.openqa.selenium.remote.HttpCommandExecutor.execute(HttpCommandExecutor.java:172)<br />
                      org.openqa.selenium.remote.service.DriverCommandExecutor.invokeExecute(DriverCommandExecutor.java:167)<br />
                      org.openqa.selenium.remote.service.DriverCommandExecutor.execute(DriverCommandExecutor.java:142)<br />
                      org.openqa.selenium.remote.RemoteWebDriver.execute(RemoteWebDriver.java:567)<br />
                      org.openqa.selenium.remote.RemoteWebDriver.perform(RemoteWebDriver.java:635)<br />
                      org.openqa.selenium.interactions.Actions$BuiltAction.perform(Actions.java:656)<br />
                      org.openqa.selenium.interactions.Actions.perform(Actions.java:612)<br />
                      com.orangehrmlive.demo.utility.Utility.mouseHoverToElement(Utility.java:234)<br />
                      com.orangehrmlive.demo.pages.AddUserPage.ClickonUserrole(AddUserPage.java:109)<br />
                      com.orangehrmlive.demo.testsuite.UsersTest.adminShouldAddUserSuccessFully(UsersTest.java:42)<br />
                      sun.reflect.NativeMethodAccessorImpl.invoke0(Native Method)<br />
                      sun.reflect.NativeMethodAccessorImpl.invoke(NativeMethodAccessorImpl.java:62)<br />
                      sun.reflect.DelegatingMethodAccessorImpl.invoke(DelegatingMethodAccessorImpl.java:43)<br />
                      java.lang.reflect.Method.invoke(Method.java:498)<br />
                      org.testng.internal.invokers.MethodInvocationHelper.invokeMethod(MethodInvocationHelper.java:135)<br />
                      org.testng.internal.invokers.TestInvoker.invokeMethod(TestInvoker.java:673)<br />
                      org.testng.internal.invokers.TestInvoker.invokeTestMethod(TestInvoker.java:220)<br />
                      org.testng.internal.invokers.MethodRunner.runInSequence(MethodRunner.java:50)<br />
                      org.testng.internal.invokers.TestInvoker$MethodInvocationAgent.invoke(TestInvoker.java:945)<br />
                      org.testng.internal.invokers.TestInvoker.invokeTestMethods(TestInvoker.java:193)<br />
                      org.testng.internal.invokers.TestMethodWorker.invokeTestMethods(TestMethodWorker.java:146)<br />
                      org.testng.internal.invokers.TestMethodWorker.run(TestMethodWorker.java:128)<br />
                      java.util.ArrayList.forEach(ArrayList.java:1249)<br />
                      org.testng.TestRunner.privateRun(TestRunner.java:808)<br />
                      org.testng.TestRunner.run(TestRunner.java:603)<br />
                      org.testng.SuiteRunner.runTest(SuiteRunner.java:429)<br />
                      org.testng.SuiteRunner.runSequentially(SuiteRunner.java:423)<br />
                      org.testng.SuiteRunner.privateRun(SuiteRunner.java:383)<br />
                      org.testng.SuiteRunner.run(SuiteRunner.java:326)<br />
                      org.testng.SuiteRunnerWorker.runSuite(SuiteRunnerWorker.java:52)<br />
                      org.testng.SuiteRunnerWorker.run(SuiteRunnerWorker.java:95)<br />
                      org.testng.TestNG.runSuitesSequentially(TestNG.java:1249)<br />
                      org.testng.TestNG.runSuitesLocally(TestNG.java:1169)<br />
                      org.testng.TestNG.runSuites(TestNG.java:1092)<br />
                      org.testng.TestNG.run(TestNG.java:1060)<br />
                      com.intellij.rt.testng.IDEARemoteTestNG.run(IDEARemoteTestNG.java:66)<br />
                      com.intellij.rt.testng.RemoteTestNGStarter.main(RemoteTestNGStarter.java:109)<br />
                  </div>
          </div>
      </td>
</tr>
<tr>
  <td class="method">
                  searchTheDeletedUserAndVerifyTheMessageNoRecordFound
      </td>
  <td class="duration">
    23.013s
  </td>
  <td class="result">
        
    
        

        <a href="javascript:toggleElement('exception-3', 'block')" title="Click to expand/collapse"><b>org.openqa.selenium.json.JsonException: java.lang.reflect.InvocationTargetException<br/>
Build info: version: &apos;4.1.4&apos;, revision: &apos;535d840ee2&apos;<br/>
System info: host: &apos;JITEN&apos;, ip: &apos;192.168.0.208&apos;, os.name: &apos;Windows 10&apos;, os.arch: &apos;amd64&apos;, os.version: &apos;10.0&apos;, java.version: &apos;1.8.0_121&apos;<br/>
Driver info: org.openqa.selenium.chrome.ChromeDriver<br/>
Command: [f39815dd835a6b0a92c4024dc0618b5f, actions {actions=[org.openqa.selenium.interactions.Sequence@41ffaeb8]}]<br/>
Capabilities {acceptInsecureCerts: false, browserName: chrome, browserVersion: 109.0.5414.120, chrome: {chromedriverVersion: 109.0.5414.74 (e7c5703604da..., userDataDir: C:\Users\mjfoo\AppData\Loca...}, goog:chromeOptions: {debuggerAddress: localhost:53241}, javascriptEnabled: true, networkConnectionEnabled: false, pageLoadStrategy: normal, platform: WINDOWS, platformName: WINDOWS, proxy: Proxy(), se:cdp: ws://localhost:53241/devtoo..., se:cdpVersion: 109.0.5414.120, setWindowRect: true, strictFileInteractability: false, timeouts: {implicit: 0, pageLoad: 300000, script: 30000}, unhandledPromptBehavior: dismiss and notify, webauthn:extension:credBlob: true, webauthn:extension:largeBlob: true, webauthn:virtualAuthenticators: true}<br/>
Session ID: f39815dd835a6b0a92c4024dc0618b5f</b></a><br />
    <div class="stackTrace" id="exception-3">
              org.openqa.selenium.json.JsonOutput.convertUsingMethod(JsonOutput.java:362)<br />
              org.openqa.selenium.json.JsonOutput.lambda$new$16(JsonOutput.java:154)<br />
              org.openqa.selenium.json.JsonOutput.write(JsonOutput.java:287)<br />
              org.openqa.selenium.json.JsonOutput.lambda$new$22(JsonOutput.java:169)<br />
              java.util.stream.ForEachOps$ForEachOp$OfRef.accept(ForEachOps.java:184)<br />
              java.util.stream.ReferencePipeline$2$1.accept(ReferencePipeline.java:175)<br />
              java.util.Iterator.forEachRemaining(Iterator.java:116)<br />
              java.util.Spliterators$IteratorSpliterator.forEachRemaining(Spliterators.java:1801)<br />
              java.util.stream.AbstractPipeline.copyInto(AbstractPipeline.java:481)<br />
              java.util.stream.AbstractPipeline.wrapAndCopyInto(AbstractPipeline.java:471)<br />
              java.util.stream.ForEachOps$ForEachOp.evaluateSequential(ForEachOps.java:151)<br />
              java.util.stream.ForEachOps$ForEachOp$OfRef.evaluateSequential(ForEachOps.java:174)<br />
              java.util.stream.AbstractPipeline.evaluate(AbstractPipeline.java:234)<br />
              java.util.stream.ReferencePipeline.forEach(ReferencePipeline.java:418)<br />
              org.openqa.selenium.json.JsonOutput.lambda$new$23(JsonOutput.java:169)<br />
              org.openqa.selenium.json.JsonOutput.write(JsonOutput.java:287)<br />
              org.openqa.selenium.json.JsonOutput.lambda$new$24(JsonOutput.java:182)<br />
              com.google.common.collect.SingletonImmutableBiMap.forEach(SingletonImmutableBiMap.java:68)<br />
              org.openqa.selenium.json.JsonOutput.lambda$new$25(JsonOutput.java:177)<br />
              org.openqa.selenium.json.JsonOutput.write(JsonOutput.java:287)<br />
              org.openqa.selenium.json.JsonOutput.write(JsonOutput.java:278)<br />
              org.openqa.selenium.json.Json.toJson(Json.java:42)<br />
              org.openqa.selenium.remote.codec.AbstractHttpCommandCodec.encode(AbstractHttpCommandCodec.java:259)<br />
              org.openqa.selenium.remote.codec.AbstractHttpCommandCodec.encode(AbstractHttpCommandCodec.java:127)<br />
              org.openqa.selenium.remote.HttpCommandExecutor.execute(HttpCommandExecutor.java:172)<br />
              org.openqa.selenium.remote.service.DriverCommandExecutor.invokeExecute(DriverCommandExecutor.java:167)<br />
              org.openqa.selenium.remote.service.DriverCommandExecutor.execute(DriverCommandExecutor.java:142)<br />
              org.openqa.selenium.remote.RemoteWebDriver.execute(RemoteWebDriver.java:567)<br />
              org.openqa.selenium.remote.RemoteWebDriver.perform(RemoteWebDriver.java:635)<br />
              org.openqa.selenium.interactions.Actions$BuiltAction.perform(Actions.java:656)<br />
              org.openqa.selenium.interactions.Actions.perform(Actions.java:612)<br />
              com.orangehrmlive.demo.utility.Utility.mouseHoverToElement(Utility.java:234)<br />
              com.orangehrmlive.demo.pages.ViewSystemUsersPage.ClickonUserR(ViewSystemUsersPage.java:101)<br />
              com.orangehrmlive.demo.testsuite.UsersTest.searchTheDeletedUserAndVerifyTheMessageNoRecordFound(UsersTest.java:89)<br />
              sun.reflect.NativeMethodAccessorImpl.invoke0(Native Method)<br />
              sun.reflect.NativeMethodAccessorImpl.invoke(NativeMethodAccessorImpl.java:62)<br />
              sun.reflect.DelegatingMethodAccessorImpl.invoke(DelegatingMethodAccessorImpl.java:43)<br />
              java.lang.reflect.Method.invoke(Method.java:498)<br />
              org.testng.internal.invokers.MethodInvocationHelper.invokeMethod(MethodInvocationHelper.java:135)<br />
              org.testng.internal.invokers.TestInvoker.invokeMethod(TestInvoker.java:673)<br />
              org.testng.internal.invokers.TestInvoker.invokeTestMethod(TestInvoker.java:220)<br />
              org.testng.internal.invokers.MethodRunner.runInSequence(MethodRunner.java:50)<br />
              org.testng.internal.invokers.TestInvoker$MethodInvocationAgent.invoke(TestInvoker.java:945)<br />
              org.testng.internal.invokers.TestInvoker.invokeTestMethods(TestInvoker.java:193)<br />
              org.testng.internal.invokers.TestMethodWorker.invokeTestMethods(TestMethodWorker.java:146)<br />
              org.testng.internal.invokers.TestMethodWorker.run(TestMethodWorker.java:128)<br />
              java.util.ArrayList.forEach(ArrayList.java:1249)<br />
              org.testng.TestRunner.privateRun(TestRunner.java:808)<br />
              org.testng.TestRunner.run(TestRunner.java:603)<br />
              org.testng.SuiteRunner.runTest(SuiteRunner.java:429)<br />
              org.testng.SuiteRunner.runSequentially(SuiteRunner.java:423)<br />
              org.testng.SuiteRunner.privateRun(SuiteRunner.java:383)<br />
              org.testng.SuiteRunner.run(SuiteRunner.java:326)<br />
              org.testng.SuiteRunnerWorker.runSuite(SuiteRunnerWorker.java:52)<br />
              org.testng.SuiteRunnerWorker.run(SuiteRunnerWorker.java:95)<br />
              org.testng.TestNG.runSuitesSequentially(TestNG.java:1249)<br />
              org.testng.TestNG.runSuitesLocally(TestNG.java:1169)<br />
              org.testng.TestNG.runSuites(TestNG.java:1092)<br />
              org.testng.TestNG.run(TestNG.java:1060)<br />
              com.intellij.rt.testng.IDEARemoteTestNG.run(IDEARemoteTestNG.java:66)<br />
              com.intellij.rt.testng.RemoteTestNGStarter.main(RemoteTestNGStarter.java:109)<br />
                    <b>Caused by: </b> <a href="javascript:toggleElement('exception-4', 'block')" title="Click to expand/collapse">java.lang.reflect.InvocationTargetException</a><br />
        <div class="stackTrace" id="exception-4">
                      sun.reflect.NativeMethodAccessorImpl.invoke0(Native Method)<br />
                      sun.reflect.NativeMethodAccessorImpl.invoke(NativeMethodAccessorImpl.java:62)<br />
                      sun.reflect.DelegatingMethodAccessorImpl.invoke(DelegatingMethodAccessorImpl.java:43)<br />
                      java.lang.reflect.Method.invoke(Method.java:498)<br />
                      org.openqa.selenium.json.JsonOutput.convertUsingMethod(JsonOutput.java:358)<br />
                      org.openqa.selenium.json.JsonOutput.lambda$new$16(JsonOutput.java:154)<br />
                      org.openqa.selenium.json.JsonOutput.write(JsonOutput.java:287)<br />
                      org.openqa.selenium.json.JsonOutput.lambda$new$22(JsonOutput.java:169)<br />
                      java.util.stream.ForEachOps$ForEachOp$OfRef.accept(ForEachOps.java:184)<br />
                      java.util.stream.ReferencePipeline$2$1.accept(ReferencePipeline.java:175)<br />
                      java.util.Iterator.forEachRemaining(Iterator.java:116)<br />
                      java.util.Spliterators$IteratorSpliterator.forEachRemaining(Spliterators.java:1801)<br />
                      java.util.stream.AbstractPipeline.copyInto(AbstractPipeline.java:481)<br />
                      java.util.stream.AbstractPipeline.wrapAndCopyInto(AbstractPipeline.java:471)<br />
                      java.util.stream.ForEachOps$ForEachOp.evaluateSequential(ForEachOps.java:151)<br />
                      java.util.stream.ForEachOps$ForEachOp$OfRef.evaluateSequential(ForEachOps.java:174)<br />
                      java.util.stream.AbstractPipeline.evaluate(AbstractPipeline.java:234)<br />
                      java.util.stream.ReferencePipeline.forEach(ReferencePipeline.java:418)<br />
                      org.openqa.selenium.json.JsonOutput.lambda$new$23(JsonOutput.java:169)<br />
                      org.openqa.selenium.json.JsonOutput.write(JsonOutput.java:287)<br />
                      org.openqa.selenium.json.JsonOutput.lambda$new$24(JsonOutput.java:182)<br />
                      com.google.common.collect.SingletonImmutableBiMap.forEach(SingletonImmutableBiMap.java:68)<br />
                      org.openqa.selenium.json.JsonOutput.lambda$new$25(JsonOutput.java:177)<br />
                      org.openqa.selenium.json.JsonOutput.write(JsonOutput.java:287)<br />
                      org.openqa.selenium.json.JsonOutput.write(JsonOutput.java:278)<br />
                      org.openqa.selenium.json.Json.toJson(Json.java:42)<br />
                      org.openqa.selenium.remote.codec.AbstractHttpCommandCodec.encode(AbstractHttpCommandCodec.java:259)<br />
                      org.openqa.selenium.remote.codec.AbstractHttpCommandCodec.encode(AbstractHttpCommandCodec.java:127)<br />
                      org.openqa.selenium.remote.HttpCommandExecutor.execute(HttpCommandExecutor.java:172)<br />
                      org.openqa.selenium.remote.service.DriverCommandExecutor.invokeExecute(DriverCommandExecutor.java:167)<br />
                      org.openqa.selenium.remote.service.DriverCommandExecutor.execute(DriverCommandExecutor.java:142)<br />
                      org.openqa.selenium.remote.RemoteWebDriver.execute(RemoteWebDriver.java:567)<br />
                      org.openqa.selenium.remote.RemoteWebDriver.perform(RemoteWebDriver.java:635)<br />
                      org.openqa.selenium.interactions.Actions$BuiltAction.perform(Actions.java:656)<br />
                      org.openqa.selenium.interactions.Actions.perform(Actions.java:612)<br />
                      com.orangehrmlive.demo.utility.Utility.mouseHoverToElement(Utility.java:234)<br />
                      com.orangehrmlive.demo.pages.ViewSystemUsersPage.ClickonUserR(ViewSystemUsersPage.java:101)<br />
                      com.orangehrmlive.demo.testsuite.UsersTest.searchTheDeletedUserAndVerifyTheMessageNoRecordFound(UsersTest.java:89)<br />
                      sun.reflect.NativeMethodAccessorImpl.invoke0(Native Method)<br />
                      sun.reflect.NativeMethodAccessorImpl.invoke(NativeMethodAccessorImpl.java:62)<br />
                      sun.reflect.DelegatingMethodAccessorImpl.invoke(DelegatingMethodAccessorImpl.java:43)<br />
                      java.lang.reflect.Method.invoke(Method.java:498)<br />
                      org.testng.internal.invokers.MethodInvocationHelper.invokeMethod(MethodInvocationHelper.java:135)<br />
                      org.testng.internal.invokers.TestInvoker.invokeMethod(TestInvoker.java:673)<br />
                      org.testng.internal.invokers.TestInvoker.invokeTestMethod(TestInvoker.java:220)<br />
                      org.testng.internal.invokers.MethodRunner.runInSequence(MethodRunner.java:50)<br />
                      org.testng.internal.invokers.TestInvoker$MethodInvocationAgent.invoke(TestInvoker.java:945)<br />
                      org.testng.internal.invokers.TestInvoker.invokeTestMethods(TestInvoker.java:193)<br />
                      org.testng.internal.invokers.TestMethodWorker.invokeTestMethods(TestMethodWorker.java:146)<br />
                      org.testng.internal.invokers.TestMethodWorker.run(TestMethodWorker.java:128)<br />
                      java.util.ArrayList.forEach(ArrayList.java:1249)<br />
                      org.testng.TestRunner.privateRun(TestRunner.java:808)<br />
                      org.testng.TestRunner.run(TestRunner.java:603)<br />
                      org.testng.SuiteRunner.runTest(SuiteRunner.java:429)<br />
                      org.testng.SuiteRunner.runSequentially(SuiteRunner.java:423)<br />
                      org.testng.SuiteRunner.privateRun(SuiteRunner.java:383)<br />
                      org.testng.SuiteRunner.run(SuiteRunner.java:326)<br />
                      org.testng.SuiteRunnerWorker.runSuite(SuiteRunnerWorker.java:52)<br />
                      org.testng.SuiteRunnerWorker.run(SuiteRunnerWorker.java:95)<br />
                      org.testng.TestNG.runSuitesSequentially(TestNG.java:1249)<br />
                      org.testng.TestNG.runSuitesLocally(TestNG.java:1169)<br />
                      org.testng.TestNG.runSuites(TestNG.java:1092)<br />
                      org.testng.TestNG.run(TestNG.java:1060)<br />
                      com.intellij.rt.testng.IDEARemoteTestNG.run(IDEARemoteTestNG.java:66)<br />
                      com.intellij.rt.testng.RemoteTestNGStarter.main(RemoteTestNGStarter.java:109)<br />
                  </div>
              <b>Caused by: </b> <a href="javascript:toggleElement('exception-5', 'block')" title="Click to expand/collapse">org.openqa.selenium.NoSuchElementException: no such element: Unable to locate element: {&quot;method&quot;:&quot;xpath&quot;,&quot;selector&quot;:&quot;//*[@id=&apos;app&apos;]/div[1]/div[2]/div[2]/div/div/form/div[1]/div/div[1]/div/div[2]/div/div/div[1]&quot;}<br/>
&nbsp; (Session info: chrome=109.0.5414.120)<br/>
For documentation on this error, please visit: https://selenium.dev/exceptions/#no_such_element<br/>
Build info: version: &apos;4.1.4&apos;, revision: &apos;535d840ee2&apos;<br/>
System info: host: &apos;JITEN&apos;, ip: &apos;192.168.0.208&apos;, os.name: &apos;Windows 10&apos;, os.arch: &apos;amd64&apos;, os.version: &apos;10.0&apos;, java.version: &apos;1.8.0_121&apos;<br/>
Driver info: org.openqa.selenium.chrome.ChromeDriver<br/>
Command: [f39815dd835a6b0a92c4024dc0618b5f, findElement {using=xpath, value=//*[@id=&apos;app&apos;]/div[1]/div[2]/div[2]/div/div/form/div[1]/div/div[1]/div/div[2]/div/div/div[1]}]<br/>
Capabilities {acceptInsecureCerts: false, browserName: chrome, browserVersion: 109.0.5414.120, chrome: {chromedriverVersion: 109.0.5414.74 (e7c5703604da..., userDataDir: C:\Users\mjfoo\AppData\Loca...}, goog:chromeOptions: {debuggerAddress: localhost:53241}, javascriptEnabled: true, networkConnectionEnabled: false, pageLoadStrategy: normal, platform: WINDOWS, platformName: WINDOWS, proxy: Proxy(), se:cdp: ws://localhost:53241/devtoo..., se:cdpVersion: 109.0.5414.120, setWindowRect: true, strictFileInteractability: false, timeouts: {implicit: 0, pageLoad: 300000, script: 30000}, unhandledPromptBehavior: dismiss and notify, webauthn:extension:credBlob: true, webauthn:extension:largeBlob: true, webauthn:virtualAuthenticators: true}<br/>
Session ID: f39815dd835a6b0a92c4024dc0618b5f</a><br />
        <div class="stackTrace" id="exception-5">
                      sun.reflect.NativeConstructorAccessorImpl.newInstance0(Native Method)<br />
                      sun.reflect.NativeConstructorAccessorImpl.newInstance(NativeConstructorAccessorImpl.java:62)<br />
                      sun.reflect.DelegatingConstructorAccessorImpl.newInstance(DelegatingConstructorAccessorImpl.java:45)<br />
                      java.lang.reflect.Constructor.newInstance(Constructor.java:423)<br />
                      org.openqa.selenium.remote.codec.w3c.W3CHttpResponseCodec.createException(W3CHttpResponseCodec.java:200)<br />
                      org.openqa.selenium.remote.codec.w3c.W3CHttpResponseCodec.decode(W3CHttpResponseCodec.java:133)<br />
                      org.openqa.selenium.remote.codec.w3c.W3CHttpResponseCodec.decode(W3CHttpResponseCodec.java:53)<br />
                      org.openqa.selenium.remote.HttpCommandExecutor.execute(HttpCommandExecutor.java:184)<br />
                      org.openqa.selenium.remote.service.DriverCommandExecutor.invokeExecute(DriverCommandExecutor.java:167)<br />
                      org.openqa.selenium.remote.service.DriverCommandExecutor.execute(DriverCommandExecutor.java:142)<br />
                      org.openqa.selenium.remote.RemoteWebDriver.execute(RemoteWebDriver.java:567)<br />
                      org.openqa.selenium.remote.ElementLocation$ElementFinder$2.findElement(ElementLocation.java:162)<br />
                      org.openqa.selenium.remote.ElementLocation.findElement(ElementLocation.java:60)<br />
                      org.openqa.selenium.remote.RemoteWebDriver.findElement(RemoteWebDriver.java:385)<br />
                      org.openqa.selenium.remote.RemoteWebDriver.findElement(RemoteWebDriver.java:377)<br />
                      org.openqa.selenium.support.pagefactory.DefaultElementLocator.findElement(DefaultElementLocator.java:70)<br />
                      org.openqa.selenium.support.pagefactory.internal.LocatingElementHandler.invoke(LocatingElementHandler.java:39)<br />
                      com.sun.proxy.$Proxy14.getWrappedElement(Unknown Source)<br />
                      org.openqa.selenium.interactions.PointerInput$Origin.asArg(PointerInput.java:234)<br />
                      org.openqa.selenium.interactions.PointerInput$Move.encode(PointerInput.java:185)<br />
                      org.openqa.selenium.interactions.Sequence.encode(Sequence.java:73)<br />
                      org.openqa.selenium.interactions.Sequence.toJson(Sequence.java:82)<br />
                      sun.reflect.NativeMethodAccessorImpl.invoke0(Native Method)<br />
                      sun.reflect.NativeMethodAccessorImpl.invoke(NativeMethodAccessorImpl.java:62)<br />
                      sun.reflect.DelegatingMethodAccessorImpl.invoke(DelegatingMethodAccessorImpl.java:43)<br />
                      java.lang.reflect.Method.invoke(Method.java:498)<br />
                      org.openqa.selenium.json.JsonOutput.convertUsingMethod(JsonOutput.java:358)<br />
                      org.openqa.selenium.json.JsonOutput.lambda$new$16(JsonOutput.java:154)<br />
                      org.openqa.selenium.json.JsonOutput.write(JsonOutput.java:287)<br />
                      org.openqa.selenium.json.JsonOutput.lambda$new$22(JsonOutput.java:169)<br />
                      java.util.stream.ForEachOps$ForEachOp$OfRef.accept(ForEachOps.java:184)<br />
                      java.util.stream.ReferencePipeline$2$1.accept(ReferencePipeline.java:175)<br />
                      java.util.Iterator.forEachRemaining(Iterator.java:116)<br />
                      java.util.Spliterators$IteratorSpliterator.forEachRemaining(Spliterators.java:1801)<br />
                      java.util.stream.AbstractPipeline.copyInto(AbstractPipeline.java:481)<br />
                      java.util.stream.AbstractPipeline.wrapAndCopyInto(AbstractPipeline.java:471)<br />
                      java.util.stream.ForEachOps$ForEachOp.evaluateSequential(ForEachOps.java:151)<br />
                      java.util.stream.ForEachOps$ForEachOp$OfRef.evaluateSequential(ForEachOps.java:174)<br />
                      java.util.stream.AbstractPipeline.evaluate(AbstractPipeline.java:234)<br />
                      java.util.stream.ReferencePipeline.forEach(ReferencePipeline.java:418)<br />
                      org.openqa.selenium.json.JsonOutput.lambda$new$23(JsonOutput.java:169)<br />
                      org.openqa.selenium.json.JsonOutput.write(JsonOutput.java:287)<br />
                      org.openqa.selenium.json.JsonOutput.lambda$new$24(JsonOutput.java:182)<br />
                      com.google.common.collect.SingletonImmutableBiMap.forEach(SingletonImmutableBiMap.java:68)<br />
                      org.openqa.selenium.json.JsonOutput.lambda$new$25(JsonOutput.java:177)<br />
                      org.openqa.selenium.json.JsonOutput.write(JsonOutput.java:287)<br />
                      org.openqa.selenium.json.JsonOutput.write(JsonOutput.java:278)<br />
                      org.openqa.selenium.json.Json.toJson(Json.java:42)<br />
                      org.openqa.selenium.remote.codec.AbstractHttpCommandCodec.encode(AbstractHttpCommandCodec.java:259)<br />
                      org.openqa.selenium.remote.codec.AbstractHttpCommandCodec.encode(AbstractHttpCommandCodec.java:127)<br />
                      org.openqa.selenium.remote.HttpCommandExecutor.execute(HttpCommandExecutor.java:172)<br />
                      org.openqa.selenium.remote.service.DriverCommandExecutor.invokeExecute(DriverCommandExecutor.java:167)<br />
                      org.openqa.selenium.remote.service.DriverCommandExecutor.execute(DriverCommandExecutor.java:142)<br />
                      org.openqa.selenium.remote.RemoteWebDriver.execute(RemoteWebDriver.java:567)<br />
                      org.openqa.selenium.remote.RemoteWebDriver.perform(RemoteWebDriver.java:635)<br />
                      org.openqa.selenium.interactions.Actions$BuiltAction.perform(Actions.java:656)<br />
                      org.openqa.selenium.interactions.Actions.perform(Actions.java:612)<br />
                      com.orangehrmlive.demo.utility.Utility.mouseHoverToElement(Utility.java:234)<br />
                      com.orangehrmlive.demo.pages.ViewSystemUsersPage.ClickonUserR(ViewSystemUsersPage.java:101)<br />
                      com.orangehrmlive.demo.testsuite.UsersTest.searchTheDeletedUserAndVerifyTheMessageNoRecordFound(UsersTest.java:89)<br />
                      sun.reflect.NativeMethodAccessorImpl.invoke0(Native Method)<br />
                      sun.reflect.NativeMethodAccessorImpl.invoke(NativeMethodAccessorImpl.java:62)<br />
                      sun.reflect.DelegatingMethodAccessorImpl.invoke(DelegatingMethodAccessorImpl.java:43)<br />
                      java.lang.reflect.Method.invoke(Method.java:498)<br />
                      org.testng.internal.invokers.MethodInvocationHelper.invokeMethod(MethodInvocationHelper.java:135)<br />
                      org.testng.internal.invokers.TestInvoker.invokeMethod(TestInvoker.java:673)<br />
                      org.testng.internal.invokers.TestInvoker.invokeTestMethod(TestInvoker.java:220)<br />
                      org.testng.internal.invokers.MethodRunner.runInSequence(MethodRunner.java:50)<br />
                      org.testng.internal.invokers.TestInvoker$MethodInvocationAgent.invoke(TestInvoker.java:945)<br />
                      org.testng.internal.invokers.TestInvoker.invokeTestMethods(TestInvoker.java:193)<br />
                      org.testng.internal.invokers.TestMethodWorker.invokeTestMethods(TestMethodWorker.java:146)<br />
                      org.testng.internal.invokers.TestMethodWorker.run(TestMethodWorker.java:128)<br />
                      java.util.ArrayList.forEach(ArrayList.java:1249)<br />
                      org.testng.TestRunner.privateRun(TestRunner.java:808)<br />
                      org.testng.TestRunner.run(TestRunner.java:603)<br />
                      org.testng.SuiteRunner.runTest(SuiteRunner.java:429)<br />
                      org.testng.SuiteRunner.runSequentially(SuiteRunner.java:423)<br />
                      org.testng.SuiteRunner.privateRun(SuiteRunner.java:383)<br />
                      org.testng.SuiteRunner.run(SuiteRunner.java:326)<br />
                      org.testng.SuiteRunnerWorker.runSuite(SuiteRunnerWorker.java:52)<br />
                      org.testng.SuiteRunnerWorker.run(SuiteRunnerWorker.java:95)<br />
                      org.testng.TestNG.runSuitesSequentially(TestNG.java:1249)<br />
                      org.testng.TestNG.runSuitesLocally(TestNG.java:1169)<br />
                      org.testng.TestNG.runSuites(TestNG.java:1092)<br />
                      org.testng.TestNG.run(TestNG.java:1060)<br />
                      com.intellij.rt.testng.IDEARemoteTestNG.run(IDEARemoteTestNG.java:66)<br />
                      com.intellij.rt.testng.RemoteTestNGStarter.main(RemoteTestNGStarter.java:109)<br />
                  </div>
          </div>
      </td>
</tr>
<tr>
  <td class="method">
                  searchTheUserCreatedAndVerifyIt
      </td>
  <td class="duration">
    22.948s
  </td>
  <td class="result">
        
    
        

        <a href="javascript:toggleElement('exception-6', 'block')" title="Click to expand/collapse"><b>org.openqa.selenium.json.JsonException: java.lang.reflect.InvocationTargetException<br/>
Build info: version: &apos;4.1.4&apos;, revision: &apos;535d840ee2&apos;<br/>
System info: host: &apos;JITEN&apos;, ip: &apos;192.168.0.208&apos;, os.name: &apos;Windows 10&apos;, os.arch: &apos;amd64&apos;, os.version: &apos;10.0&apos;, java.version: &apos;1.8.0_121&apos;<br/>
Driver info: org.openqa.selenium.chrome.ChromeDriver<br/>
Command: [9e52926f8a38c06a7fd947525d1b37b7, actions {actions=[org.openqa.selenium.interactions.Sequence@50756c76]}]<br/>
Capabilities {acceptInsecureCerts: false, browserName: chrome, browserVersion: 109.0.5414.120, chrome: {chromedriverVersion: 109.0.5414.74 (e7c5703604da..., userDataDir: C:\Users\mjfoo\AppData\Loca...}, goog:chromeOptions: {debuggerAddress: localhost:53274}, javascriptEnabled: true, networkConnectionEnabled: false, pageLoadStrategy: normal, platform: WINDOWS, platformName: WINDOWS, proxy: Proxy(), se:cdp: ws://localhost:53274/devtoo..., se:cdpVersion: 109.0.5414.120, setWindowRect: true, strictFileInteractability: false, timeouts: {implicit: 0, pageLoad: 300000, script: 30000}, unhandledPromptBehavior: dismiss and notify, webauthn:extension:credBlob: true, webauthn:extension:largeBlob: true, webauthn:virtualAuthenticators: true}<br/>
Session ID: 9e52926f8a38c06a7fd947525d1b37b7</b></a><br />
    <div class="stackTrace" id="exception-6">
              org.openqa.selenium.json.JsonOutput.convertUsingMethod(JsonOutput.java:362)<br />
              org.openqa.selenium.json.JsonOutput.lambda$new$16(JsonOutput.java:154)<br />
              org.openqa.selenium.json.JsonOutput.write(JsonOutput.java:287)<br />
              org.openqa.selenium.json.JsonOutput.lambda$new$22(JsonOutput.java:169)<br />
              java.util.stream.ForEachOps$ForEachOp$OfRef.accept(ForEachOps.java:184)<br />
              java.util.stream.ReferencePipeline$2$1.accept(ReferencePipeline.java:175)<br />
              java.util.Iterator.forEachRemaining(Iterator.java:116)<br />
              java.util.Spliterators$IteratorSpliterator.forEachRemaining(Spliterators.java:1801)<br />
              java.util.stream.AbstractPipeline.copyInto(AbstractPipeline.java:481)<br />
              java.util.stream.AbstractPipeline.wrapAndCopyInto(AbstractPipeline.java:471)<br />
              java.util.stream.ForEachOps$ForEachOp.evaluateSequential(ForEachOps.java:151)<br />
              java.util.stream.ForEachOps$ForEachOp$OfRef.evaluateSequential(ForEachOps.java:174)<br />
              java.util.stream.AbstractPipeline.evaluate(AbstractPipeline.java:234)<br />
              java.util.stream.ReferencePipeline.forEach(ReferencePipeline.java:418)<br />
              org.openqa.selenium.json.JsonOutput.lambda$new$23(JsonOutput.java:169)<br />
              org.openqa.selenium.json.JsonOutput.write(JsonOutput.java:287)<br />
              org.openqa.selenium.json.JsonOutput.lambda$new$24(JsonOutput.java:182)<br />
              com.google.common.collect.SingletonImmutableBiMap.forEach(SingletonImmutableBiMap.java:68)<br />
              org.openqa.selenium.json.JsonOutput.lambda$new$25(JsonOutput.java:177)<br />
              org.openqa.selenium.json.JsonOutput.write(JsonOutput.java:287)<br />
              org.openqa.selenium.json.JsonOutput.write(JsonOutput.java:278)<br />
              org.openqa.selenium.json.Json.toJson(Json.java:42)<br />
              org.openqa.selenium.remote.codec.AbstractHttpCommandCodec.encode(AbstractHttpCommandCodec.java:259)<br />
              org.openqa.selenium.remote.codec.AbstractHttpCommandCodec.encode(AbstractHttpCommandCodec.java:127)<br />
              org.openqa.selenium.remote.HttpCommandExecutor.execute(HttpCommandExecutor.java:172)<br />
              org.openqa.selenium.remote.service.DriverCommandExecutor.invokeExecute(DriverCommandExecutor.java:167)<br />
              org.openqa.selenium.remote.service.DriverCommandExecutor.execute(DriverCommandExecutor.java:142)<br />
              org.openqa.selenium.remote.RemoteWebDriver.execute(RemoteWebDriver.java:567)<br />
              org.openqa.selenium.remote.RemoteWebDriver.perform(RemoteWebDriver.java:635)<br />
              org.openqa.selenium.interactions.Actions$BuiltAction.perform(Actions.java:656)<br />
              org.openqa.selenium.interactions.Actions.perform(Actions.java:612)<br />
              com.orangehrmlive.demo.utility.Utility.mouseHoverToElement(Utility.java:234)<br />
              com.orangehrmlive.demo.pages.ViewSystemUsersPage.ClickonUserR(ViewSystemUsersPage.java:101)<br />
              com.orangehrmlive.demo.testsuite.UsersTest.searchTheUserCreatedAndVerifyIt(UsersTest.java:60)<br />
              sun.reflect.NativeMethodAccessorImpl.invoke0(Native Method)<br />
              sun.reflect.NativeMethodAccessorImpl.invoke(NativeMethodAccessorImpl.java:62)<br />
              sun.reflect.DelegatingMethodAccessorImpl.invoke(DelegatingMethodAccessorImpl.java:43)<br />
              java.lang.reflect.Method.invoke(Method.java:498)<br />
              org.testng.internal.invokers.MethodInvocationHelper.invokeMethod(MethodInvocationHelper.java:135)<br />
              org.testng.internal.invokers.TestInvoker.invokeMethod(TestInvoker.java:673)<br />
              org.testng.internal.invokers.TestInvoker.invokeTestMethod(TestInvoker.java:220)<br />
              org.testng.internal.invokers.MethodRunner.runInSequence(MethodRunner.java:50)<br />
              org.testng.internal.invokers.TestInvoker$MethodInvocationAgent.invoke(TestInvoker.java:945)<br />
              org.testng.internal.invokers.TestInvoker.invokeTestMethods(TestInvoker.java:193)<br />
              org.testng.internal.invokers.TestMethodWorker.invokeTestMethods(TestMethodWorker.java:146)<br />
              org.testng.internal.invokers.TestMethodWorker.run(TestMethodWorker.java:128)<br />
              java.util.ArrayList.forEach(ArrayList.java:1249)<br />
              org.testng.TestRunner.privateRun(TestRunner.java:808)<br />
              org.testng.TestRunner.run(TestRunner.java:603)<br />
              org.testng.SuiteRunner.runTest(SuiteRunner.java:429)<br />
              org.testng.SuiteRunner.runSequentially(SuiteRunner.java:423)<br />
              org.testng.SuiteRunner.privateRun(SuiteRunner.java:383)<br />
              org.testng.SuiteRunner.run(SuiteRunner.java:326)<br />
              org.testng.SuiteRunnerWorker.runSuite(SuiteRunnerWorker.java:52)<br />
              org.testng.SuiteRunnerWorker.run(SuiteRunnerWorker.java:95)<br />
              org.testng.TestNG.runSuitesSequentially(TestNG.java:1249)<br />
              org.testng.TestNG.runSuitesLocally(TestNG.java:1169)<br />
              org.testng.TestNG.runSuites(TestNG.java:1092)<br />
              org.testng.TestNG.run(TestNG.java:1060)<br />
              com.intellij.rt.testng.IDEARemoteTestNG.run(IDEARemoteTestNG.java:66)<br />
              com.intellij.rt.testng.RemoteTestNGStarter.main(RemoteTestNGStarter.java:109)<br />
                    <b>Caused by: </b> <a href="javascript:toggleElement('exception-7', 'block')" title="Click to expand/collapse">java.lang.reflect.InvocationTargetException</a><br />
        <div class="stackTrace" id="exception-7">
                      sun.reflect.NativeMethodAccessorImpl.invoke0(Native Method)<br />
                      sun.reflect.NativeMethodAccessorImpl.invoke(NativeMethodAccessorImpl.java:62)<br />
                      sun.reflect.DelegatingMethodAccessorImpl.invoke(DelegatingMethodAccessorImpl.java:43)<br />
                      java.lang.reflect.Method.invoke(Method.java:498)<br />
                      org.openqa.selenium.json.JsonOutput.convertUsingMethod(JsonOutput.java:358)<br />
                      org.openqa.selenium.json.JsonOutput.lambda$new$16(JsonOutput.java:154)<br />
                      org.openqa.selenium.json.JsonOutput.write(JsonOutput.java:287)<br />
                      org.openqa.selenium.json.JsonOutput.lambda$new$22(JsonOutput.java:169)<br />
                      java.util.stream.ForEachOps$ForEachOp$OfRef.accept(ForEachOps.java:184)<br />
                      java.util.stream.ReferencePipeline$2$1.accept(ReferencePipeline.java:175)<br />
                      java.util.Iterator.forEachRemaining(Iterator.java:116)<br />
                      java.util.Spliterators$IteratorSpliterator.forEachRemaining(Spliterators.java:1801)<br />
                      java.util.stream.AbstractPipeline.copyInto(AbstractPipeline.java:481)<br />
                      java.util.stream.AbstractPipeline.wrapAndCopyInto(AbstractPipeline.java:471)<br />
                      java.util.stream.ForEachOps$ForEachOp.evaluateSequential(ForEachOps.java:151)<br />
                      java.util.stream.ForEachOps$ForEachOp$OfRef.evaluateSequential(ForEachOps.java:174)<br />
                      java.util.stream.AbstractPipeline.evaluate(AbstractPipeline.java:234)<br />
                      java.util.stream.ReferencePipeline.forEach(ReferencePipeline.java:418)<br />
                      org.openqa.selenium.json.JsonOutput.lambda$new$23(JsonOutput.java:169)<br />
                      org.openqa.selenium.json.JsonOutput.write(JsonOutput.java:287)<br />
                      org.openqa.selenium.json.JsonOutput.lambda$new$24(JsonOutput.java:182)<br />
                      com.google.common.collect.SingletonImmutableBiMap.forEach(SingletonImmutableBiMap.java:68)<br />
                      org.openqa.selenium.json.JsonOutput.lambda$new$25(JsonOutput.java:177)<br />
                      org.openqa.selenium.json.JsonOutput.write(JsonOutput.java:287)<br />
                      org.openqa.selenium.json.JsonOutput.write(JsonOutput.java:278)<br />
                      org.openqa.selenium.json.Json.toJson(Json.java:42)<br />
                      org.openqa.selenium.remote.codec.AbstractHttpCommandCodec.encode(AbstractHttpCommandCodec.java:259)<br />
                      org.openqa.selenium.remote.codec.AbstractHttpCommandCodec.encode(AbstractHttpCommandCodec.java:127)<br />
                      org.openqa.selenium.remote.HttpCommandExecutor.execute(HttpCommandExecutor.java:172)<br />
                      org.openqa.selenium.remote.service.DriverCommandExecutor.invokeExecute(DriverCommandExecutor.java:167)<br />
                      org.openqa.selenium.remote.service.DriverCommandExecutor.execute(DriverCommandExecutor.java:142)<br />
                      org.openqa.selenium.remote.RemoteWebDriver.execute(RemoteWebDriver.java:567)<br />
                      org.openqa.selenium.remote.RemoteWebDriver.perform(RemoteWebDriver.java:635)<br />
                      org.openqa.selenium.interactions.Actions$BuiltAction.perform(Actions.java:656)<br />
                      org.openqa.selenium.interactions.Actions.perform(Actions.java:612)<br />
                      com.orangehrmlive.demo.utility.Utility.mouseHoverToElement(Utility.java:234)<br />
                      com.orangehrmlive.demo.pages.ViewSystemUsersPage.ClickonUserR(ViewSystemUsersPage.java:101)<br />
                      com.orangehrmlive.demo.testsuite.UsersTest.searchTheUserCreatedAndVerifyIt(UsersTest.java:60)<br />
                      sun.reflect.NativeMethodAccessorImpl.invoke0(Native Method)<br />
                      sun.reflect.NativeMethodAccessorImpl.invoke(NativeMethodAccessorImpl.java:62)<br />
                      sun.reflect.DelegatingMethodAccessorImpl.invoke(DelegatingMethodAccessorImpl.java:43)<br />
                      java.lang.reflect.Method.invoke(Method.java:498)<br />
                      org.testng.internal.invokers.MethodInvocationHelper.invokeMethod(MethodInvocationHelper.java:135)<br />
                      org.testng.internal.invokers.TestInvoker.invokeMethod(TestInvoker.java:673)<br />
                      org.testng.internal.invokers.TestInvoker.invokeTestMethod(TestInvoker.java:220)<br />
                      org.testng.internal.invokers.MethodRunner.runInSequence(MethodRunner.java:50)<br />
                      org.testng.internal.invokers.TestInvoker$MethodInvocationAgent.invoke(TestInvoker.java:945)<br />
                      org.testng.internal.invokers.TestInvoker.invokeTestMethods(TestInvoker.java:193)<br />
                      org.testng.internal.invokers.TestMethodWorker.invokeTestMethods(TestMethodWorker.java:146)<br />
                      org.testng.internal.invokers.TestMethodWorker.run(TestMethodWorker.java:128)<br />
                      java.util.ArrayList.forEach(ArrayList.java:1249)<br />
                      org.testng.TestRunner.privateRun(TestRunner.java:808)<br />
                      org.testng.TestRunner.run(TestRunner.java:603)<br />
                      org.testng.SuiteRunner.runTest(SuiteRunner.java:429)<br />
                      org.testng.SuiteRunner.runSequentially(SuiteRunner.java:423)<br />
                      org.testng.SuiteRunner.privateRun(SuiteRunner.java:383)<br />
                      org.testng.SuiteRunner.run(SuiteRunner.java:326)<br />
                      org.testng.SuiteRunnerWorker.runSuite(SuiteRunnerWorker.java:52)<br />
                      org.testng.SuiteRunnerWorker.run(SuiteRunnerWorker.java:95)<br />
                      org.testng.TestNG.runSuitesSequentially(TestNG.java:1249)<br />
                      org.testng.TestNG.runSuitesLocally(TestNG.java:1169)<br />
                      org.testng.TestNG.runSuites(TestNG.java:1092)<br />
                      org.testng.TestNG.run(TestNG.java:1060)<br />
                      com.intellij.rt.testng.IDEARemoteTestNG.run(IDEARemoteTestNG.java:66)<br />
                      com.intellij.rt.testng.RemoteTestNGStarter.main(RemoteTestNGStarter.java:109)<br />
                  </div>
              <b>Caused by: </b> <a href="javascript:toggleElement('exception-8', 'block')" title="Click to expand/collapse">org.openqa.selenium.NoSuchElementException: no such element: Unable to locate element: {&quot;method&quot;:&quot;xpath&quot;,&quot;selector&quot;:&quot;//*[@id=&apos;app&apos;]/div[1]/div[2]/div[2]/div/div/form/div[1]/div/div[1]/div/div[2]/div/div/div[1]&quot;}<br/>
&nbsp; (Session info: chrome=109.0.5414.120)<br/>
For documentation on this error, please visit: https://selenium.dev/exceptions/#no_such_element<br/>
Build info: version: &apos;4.1.4&apos;, revision: &apos;535d840ee2&apos;<br/>
System info: host: &apos;JITEN&apos;, ip: &apos;192.168.0.208&apos;, os.name: &apos;Windows 10&apos;, os.arch: &apos;amd64&apos;, os.version: &apos;10.0&apos;, java.version: &apos;1.8.0_121&apos;<br/>
Driver info: org.openqa.selenium.chrome.ChromeDriver<br/>
Command: [9e52926f8a38c06a7fd947525d1b37b7, findElement {using=xpath, value=//*[@id=&apos;app&apos;]/div[1]/div[2]/div[2]/div/div/form/div[1]/div/div[1]/div/div[2]/div/div/div[1]}]<br/>
Capabilities {acceptInsecureCerts: false, browserName: chrome, browserVersion: 109.0.5414.120, chrome: {chromedriverVersion: 109.0.5414.74 (e7c5703604da..., userDataDir: C:\Users\mjfoo\AppData\Loca...}, goog:chromeOptions: {debuggerAddress: localhost:53274}, javascriptEnabled: true, networkConnectionEnabled: false, pageLoadStrategy: normal, platform: WINDOWS, platformName: WINDOWS, proxy: Proxy(), se:cdp: ws://localhost:53274/devtoo..., se:cdpVersion: 109.0.5414.120, setWindowRect: true, strictFileInteractability: false, timeouts: {implicit: 0, pageLoad: 300000, script: 30000}, unhandledPromptBehavior: dismiss and notify, webauthn:extension:credBlob: true, webauthn:extension:largeBlob: true, webauthn:virtualAuthenticators: true}<br/>
Session ID: 9e52926f8a38c06a7fd947525d1b37b7</a><br />
        <div class="stackTrace" id="exception-8">
                      sun.reflect.NativeConstructorAccessorImpl.newInstance0(Native Method)<br />
                      sun.reflect.NativeConstructorAccessorImpl.newInstance(NativeConstructorAccessorImpl.java:62)<br />
                      sun.reflect.DelegatingConstructorAccessorImpl.newInstance(DelegatingConstructorAccessorImpl.java:45)<br />
                      java.lang.reflect.Constructor.newInstance(Constructor.java:423)<br />
                      org.openqa.selenium.remote.codec.w3c.W3CHttpResponseCodec.createException(W3CHttpResponseCodec.java:200)<br />
                      org.openqa.selenium.remote.codec.w3c.W3CHttpResponseCodec.decode(W3CHttpResponseCodec.java:133)<br />
                      org.openqa.selenium.remote.codec.w3c.W3CHttpResponseCodec.decode(W3CHttpResponseCodec.java:53)<br />
                      org.openqa.selenium.remote.HttpCommandExecutor.execute(HttpCommandExecutor.java:184)<br />
                      org.openqa.selenium.remote.service.DriverCommandExecutor.invokeExecute(DriverCommandExecutor.java:167)<br />
                      org.openqa.selenium.remote.service.DriverCommandExecutor.execute(DriverCommandExecutor.java:142)<br />
                      org.openqa.selenium.remote.RemoteWebDriver.execute(RemoteWebDriver.java:567)<br />
                      org.openqa.selenium.remote.ElementLocation$ElementFinder$2.findElement(ElementLocation.java:162)<br />
                      org.openqa.selenium.remote.ElementLocation.findElement(ElementLocation.java:60)<br />
                      org.openqa.selenium.remote.RemoteWebDriver.findElement(RemoteWebDriver.java:385)<br />
                      org.openqa.selenium.remote.RemoteWebDriver.findElement(RemoteWebDriver.java:377)<br />
                      org.openqa.selenium.support.pagefactory.DefaultElementLocator.findElement(DefaultElementLocator.java:70)<br />
                      org.openqa.selenium.support.pagefactory.internal.LocatingElementHandler.invoke(LocatingElementHandler.java:39)<br />
                      com.sun.proxy.$Proxy14.getWrappedElement(Unknown Source)<br />
                      org.openqa.selenium.interactions.PointerInput$Origin.asArg(PointerInput.java:234)<br />
                      org.openqa.selenium.interactions.PointerInput$Move.encode(PointerInput.java:185)<br />
                      org.openqa.selenium.interactions.Sequence.encode(Sequence.java:73)<br />
                      org.openqa.selenium.interactions.Sequence.toJson(Sequence.java:82)<br />
                      sun.reflect.NativeMethodAccessorImpl.invoke0(Native Method)<br />
                      sun.reflect.NativeMethodAccessorImpl.invoke(NativeMethodAccessorImpl.java:62)<br />
                      sun.reflect.DelegatingMethodAccessorImpl.invoke(DelegatingMethodAccessorImpl.java:43)<br />
                      java.lang.reflect.Method.invoke(Method.java:498)<br />
                      org.openqa.selenium.json.JsonOutput.convertUsingMethod(JsonOutput.java:358)<br />
                      org.openqa.selenium.json.JsonOutput.lambda$new$16(JsonOutput.java:154)<br />
                      org.openqa.selenium.json.JsonOutput.write(JsonOutput.java:287)<br />
                      org.openqa.selenium.json.JsonOutput.lambda$new$22(JsonOutput.java:169)<br />
                      java.util.stream.ForEachOps$ForEachOp$OfRef.accept(ForEachOps.java:184)<br />
                      java.util.stream.ReferencePipeline$2$1.accept(ReferencePipeline.java:175)<br />
                      java.util.Iterator.forEachRemaining(Iterator.java:116)<br />
                      java.util.Spliterators$IteratorSpliterator.forEachRemaining(Spliterators.java:1801)<br />
                      java.util.stream.AbstractPipeline.copyInto(AbstractPipeline.java:481)<br />
                      java.util.stream.AbstractPipeline.wrapAndCopyInto(AbstractPipeline.java:471)<br />
                      java.util.stream.ForEachOps$ForEachOp.evaluateSequential(ForEachOps.java:151)<br />
                      java.util.stream.ForEachOps$ForEachOp$OfRef.evaluateSequential(ForEachOps.java:174)<br />
                      java.util.stream.AbstractPipeline.evaluate(AbstractPipeline.java:234)<br />
                      java.util.stream.ReferencePipeline.forEach(ReferencePipeline.java:418)<br />
                      org.openqa.selenium.json.JsonOutput.lambda$new$23(JsonOutput.java:169)<br />
                      org.openqa.selenium.json.JsonOutput.write(JsonOutput.java:287)<br />
                      org.openqa.selenium.json.JsonOutput.lambda$new$24(JsonOutput.java:182)<br />
                      com.google.common.collect.SingletonImmutableBiMap.forEach(SingletonImmutableBiMap.java:68)<br />
                      org.openqa.selenium.json.JsonOutput.lambda$new$25(JsonOutput.java:177)<br />
                      org.openqa.selenium.json.JsonOutput.write(JsonOutput.java:287)<br />
                      org.openqa.selenium.json.JsonOutput.write(JsonOutput.java:278)<br />
                      org.openqa.selenium.json.Json.toJson(Json.java:42)<br />
                      org.openqa.selenium.remote.codec.AbstractHttpCommandCodec.encode(AbstractHttpCommandCodec.java:259)<br />
                      org.openqa.selenium.remote.codec.AbstractHttpCommandCodec.encode(AbstractHttpCommandCodec.java:127)<br />
                      org.openqa.selenium.remote.HttpCommandExecutor.execute(HttpCommandExecutor.java:172)<br />
                      org.openqa.selenium.remote.service.DriverCommandExecutor.invokeExecute(DriverCommandExecutor.java:167)<br />
                      org.openqa.selenium.remote.service.DriverCommandExecutor.execute(DriverCommandExecutor.java:142)<br />
                      org.openqa.selenium.remote.RemoteWebDriver.execute(RemoteWebDriver.java:567)<br />
                      org.openqa.selenium.remote.RemoteWebDriver.perform(RemoteWebDriver.java:635)<br />
                      org.openqa.selenium.interactions.Actions$BuiltAction.perform(Actions.java:656)<br />
                      org.openqa.selenium.interactions.Actions.perform(Actions.java:612)<br />
                      com.orangehrmlive.demo.utility.Utility.mouseHoverToElement(Utility.java:234)<br />
                      com.orangehrmlive.demo.pages.ViewSystemUsersPage.ClickonUserR(ViewSystemUsersPage.java:101)<br />
                      com.orangehrmlive.demo.testsuite.UsersTest.searchTheUserCreatedAndVerifyIt(UsersTest.java:60)<br />
                      sun.reflect.NativeMethodAccessorImpl.invoke0(Native Method)<br />
                      sun.reflect.NativeMethodAccessorImpl.invoke(NativeMethodAccessorImpl.java:62)<br />
                      sun.reflect.DelegatingMethodAccessorImpl.invoke(DelegatingMethodAccessorImpl.java:43)<br />
                      java.lang.reflect.Method.invoke(Method.java:498)<br />
                      org.testng.internal.invokers.MethodInvocationHelper.invokeMethod(MethodInvocationHelper.java:135)<br />
                      org.testng.internal.invokers.TestInvoker.invokeMethod(TestInvoker.java:673)<br />
                      org.testng.internal.invokers.TestInvoker.invokeTestMethod(TestInvoker.java:220)<br />
                      org.testng.internal.invokers.MethodRunner.runInSequence(MethodRunner.java:50)<br />
                      org.testng.internal.invokers.TestInvoker$MethodInvocationAgent.invoke(TestInvoker.java:945)<br />
                      org.testng.internal.invokers.TestInvoker.invokeTestMethods(TestInvoker.java:193)<br />
                      org.testng.internal.invokers.TestMethodWorker.invokeTestMethods(TestMethodWorker.java:146)<br />
                      org.testng.internal.invokers.TestMethodWorker.run(TestMethodWorker.java:128)<br />
                      java.util.ArrayList.forEach(ArrayList.java:1249)<br />
                      org.testng.TestRunner.privateRun(TestRunner.java:808)<br />
                      org.testng.TestRunner.run(TestRunner.java:603)<br />
                      org.testng.SuiteRunner.runTest(SuiteRunner.java:429)<br />
                      org.testng.SuiteRunner.runSequentially(SuiteRunner.java:423)<br />
                      org.testng.SuiteRunner.privateRun(SuiteRunner.java:383)<br />
                      org.testng.SuiteRunner.run(SuiteRunner.java:326)<br />
                      org.testng.SuiteRunnerWorker.runSuite(SuiteRunnerWorker.java:52)<br />
                      org.testng.SuiteRunnerWorker.run(SuiteRunnerWorker.java:95)<br />
                      org.testng.TestNG.runSuitesSequentially(TestNG.java:1249)<br />
                      org.testng.TestNG.runSuitesLocally(TestNG.java:1169)<br />
                      org.testng.TestNG.runSuites(TestNG.java:1092)<br />
                      org.testng.TestNG.run(TestNG.java:1060)<br />
                      com.intellij.rt.testng.IDEARemoteTestNG.run(IDEARemoteTestNG.java:66)<br />
                      com.intellij.rt.testng.RemoteTestNGStarter.main(RemoteTestNGStarter.java:109)<br />
                  </div>
          </div>
      </td>
</tr>
<tr>
  <td class="method">
                  verifyThatAdminShouldDeleteTheUserSuccessFully
      </td>
  <td class="duration">
    22.869s
  </td>
  <td class="result">
        
    
        

        <a href="javascript:toggleElement('exception-9', 'block')" title="Click to expand/collapse"><b>org.openqa.selenium.json.JsonException: java.lang.reflect.InvocationTargetException<br/>
Build info: version: &apos;4.1.4&apos;, revision: &apos;535d840ee2&apos;<br/>
System info: host: &apos;JITEN&apos;, ip: &apos;192.168.0.208&apos;, os.name: &apos;Windows 10&apos;, os.arch: &apos;amd64&apos;, os.version: &apos;10.0&apos;, java.version: &apos;1.8.0_121&apos;<br/>
Driver info: org.openqa.selenium.chrome.ChromeDriver<br/>
Command: [15e11581b89c7c5a473403c098cfe274, actions {actions=[org.openqa.selenium.interactions.Sequence@15b642b9]}]<br/>
Capabilities {acceptInsecureCerts: false, browserName: chrome, browserVersion: 109.0.5414.120, chrome: {chromedriverVersion: 109.0.5414.74 (e7c5703604da..., userDataDir: C:\Users\mjfoo\AppData\Loca...}, goog:chromeOptions: {debuggerAddress: localhost:53408}, javascriptEnabled: true, networkConnectionEnabled: false, pageLoadStrategy: normal, platform: WINDOWS, platformName: WINDOWS, proxy: Proxy(), se:cdp: ws://localhost:53408/devtoo..., se:cdpVersion: 109.0.5414.120, setWindowRect: true, strictFileInteractability: false, timeouts: {implicit: 0, pageLoad: 300000, script: 30000}, unhandledPromptBehavior: dismiss and notify, webauthn:extension:credBlob: true, webauthn:extension:largeBlob: true, webauthn:virtualAuthenticators: true}<br/>
Session ID: 15e11581b89c7c5a473403c098cfe274</b></a><br />
    <div class="stackTrace" id="exception-9">
              org.openqa.selenium.json.JsonOutput.convertUsingMethod(JsonOutput.java:362)<br />
              org.openqa.selenium.json.JsonOutput.lambda$new$16(JsonOutput.java:154)<br />
              org.openqa.selenium.json.JsonOutput.write(JsonOutput.java:287)<br />
              org.openqa.selenium.json.JsonOutput.lambda$new$22(JsonOutput.java:169)<br />
              java.util.stream.ForEachOps$ForEachOp$OfRef.accept(ForEachOps.java:184)<br />
              java.util.stream.ReferencePipeline$2$1.accept(ReferencePipeline.java:175)<br />
              java.util.Iterator.forEachRemaining(Iterator.java:116)<br />
              java.util.Spliterators$IteratorSpliterator.forEachRemaining(Spliterators.java:1801)<br />
              java.util.stream.AbstractPipeline.copyInto(AbstractPipeline.java:481)<br />
              java.util.stream.AbstractPipeline.wrapAndCopyInto(AbstractPipeline.java:471)<br />
              java.util.stream.ForEachOps$ForEachOp.evaluateSequential(ForEachOps.java:151)<br />
              java.util.stream.ForEachOps$ForEachOp$OfRef.evaluateSequential(ForEachOps.java:174)<br />
              java.util.stream.AbstractPipeline.evaluate(AbstractPipeline.java:234)<br />
              java.util.stream.ReferencePipeline.forEach(ReferencePipeline.java:418)<br />
              org.openqa.selenium.json.JsonOutput.lambda$new$23(JsonOutput.java:169)<br />
              org.openqa.selenium.json.JsonOutput.write(JsonOutput.java:287)<br />
              org.openqa.selenium.json.JsonOutput.lambda$new$24(JsonOutput.java:182)<br />
              com.google.common.collect.SingletonImmutableBiMap.forEach(SingletonImmutableBiMap.java:68)<br />
              org.openqa.selenium.json.JsonOutput.lambda$new$25(JsonOutput.java:177)<br />
              org.openqa.selenium.json.JsonOutput.write(JsonOutput.java:287)<br />
              org.openqa.selenium.json.JsonOutput.write(JsonOutput.java:278)<br />
              org.openqa.selenium.json.Json.toJson(Json.java:42)<br />
              org.openqa.selenium.remote.codec.AbstractHttpCommandCodec.encode(AbstractHttpCommandCodec.java:259)<br />
              org.openqa.selenium.remote.codec.AbstractHttpCommandCodec.encode(AbstractHttpCommandCodec.java:127)<br />
              org.openqa.selenium.remote.HttpCommandExecutor.execute(HttpCommandExecutor.java:172)<br />
              org.openqa.selenium.remote.service.DriverCommandExecutor.invokeExecute(DriverCommandExecutor.java:167)<br />
              org.openqa.selenium.remote.service.DriverCommandExecutor.execute(DriverCommandExecutor.java:142)<br />
              org.openqa.selenium.remote.RemoteWebDriver.execute(RemoteWebDriver.java:567)<br />
              org.openqa.selenium.remote.RemoteWebDriver.perform(RemoteWebDriver.java:635)<br />
              org.openqa.selenium.interactions.Actions$BuiltAction.perform(Actions.java:656)<br />
              org.openqa.selenium.interactions.Actions.perform(Actions.java:612)<br />
              com.orangehrmlive.demo.utility.Utility.mouseHoverToElement(Utility.java:234)<br />
              com.orangehrmlive.demo.pages.ViewSystemUsersPage.ClickonUserR(ViewSystemUsersPage.java:101)<br />
              com.orangehrmlive.demo.testsuite.UsersTest.verifyThatAdminShouldDeleteTheUserSuccessFully(UsersTest.java:74)<br />
              sun.reflect.NativeMethodAccessorImpl.invoke0(Native Method)<br />
              sun.reflect.NativeMethodAccessorImpl.invoke(NativeMethodAccessorImpl.java:62)<br />
              sun.reflect.DelegatingMethodAccessorImpl.invoke(DelegatingMethodAccessorImpl.java:43)<br />
              java.lang.reflect.Method.invoke(Method.java:498)<br />
              org.testng.internal.invokers.MethodInvocationHelper.invokeMethod(MethodInvocationHelper.java:135)<br />
              org.testng.internal.invokers.TestInvoker.invokeMethod(TestInvoker.java:673)<br />
              org.testng.internal.invokers.TestInvoker.invokeTestMethod(TestInvoker.java:220)<br />
              org.testng.internal.invokers.MethodRunner.runInSequence(MethodRunner.java:50)<br />
              org.testng.internal.invokers.TestInvoker$MethodInvocationAgent.invoke(TestInvoker.java:945)<br />
              org.testng.internal.invokers.TestInvoker.invokeTestMethods(TestInvoker.java:193)<br />
              org.testng.internal.invokers.TestMethodWorker.invokeTestMethods(TestMethodWorker.java:146)<br />
              org.testng.internal.invokers.TestMethodWorker.run(TestMethodWorker.java:128)<br />
              java.util.ArrayList.forEach(ArrayList.java:1249)<br />
              org.testng.TestRunner.privateRun(TestRunner.java:808)<br />
              org.testng.TestRunner.run(TestRunner.java:603)<br />
              org.testng.SuiteRunner.runTest(SuiteRunner.java:429)<br />
              org.testng.SuiteRunner.runSequentially(SuiteRunner.java:423)<br />
              org.testng.SuiteRunner.privateRun(SuiteRunner.java:383)<br />
              org.testng.SuiteRunner.run(SuiteRunner.java:326)<br />
              org.testng.SuiteRunnerWorker.runSuite(SuiteRunnerWorker.java:52)<br />
              org.testng.SuiteRunnerWorker.run(SuiteRunnerWorker.java:95)<br />
              org.testng.TestNG.runSuitesSequentially(TestNG.java:1249)<br />
              org.testng.TestNG.runSuitesLocally(TestNG.java:1169)<br />
              org.testng.TestNG.runSuites(TestNG.java:1092)<br />
              org.testng.TestNG.run(TestNG.java:1060)<br />
              com.intellij.rt.testng.IDEARemoteTestNG.run(IDEARemoteTestNG.java:66)<br />
              com.intellij.rt.testng.RemoteTestNGStarter.main(RemoteTestNGStarter.java:109)<br />
                    <b>Caused by: </b> <a href="javascript:toggleElement('exception-10', 'block')" title="Click to expand/collapse">java.lang.reflect.InvocationTargetException</a><br />
        <div class="stackTrace" id="exception-10">
                      sun.reflect.NativeMethodAccessorImpl.invoke0(Native Method)<br />
                      sun.reflect.NativeMethodAccessorImpl.invoke(NativeMethodAccessorImpl.java:62)<br />
                      sun.reflect.DelegatingMethodAccessorImpl.invoke(DelegatingMethodAccessorImpl.java:43)<br />
                      java.lang.reflect.Method.invoke(Method.java:498)<br />
                      org.openqa.selenium.json.JsonOutput.convertUsingMethod(JsonOutput.java:358)<br />
                      org.openqa.selenium.json.JsonOutput.lambda$new$16(JsonOutput.java:154)<br />
                      org.openqa.selenium.json.JsonOutput.write(JsonOutput.java:287)<br />
                      org.openqa.selenium.json.JsonOutput.lambda$new$22(JsonOutput.java:169)<br />
                      java.util.stream.ForEachOps$ForEachOp$OfRef.accept(ForEachOps.java:184)<br />
                      java.util.stream.ReferencePipeline$2$1.accept(ReferencePipeline.java:175)<br />
                      java.util.Iterator.forEachRemaining(Iterator.java:116)<br />
                      java.util.Spliterators$IteratorSpliterator.forEachRemaining(Spliterators.java:1801)<br />
                      java.util.stream.AbstractPipeline.copyInto(AbstractPipeline.java:481)<br />
                      java.util.stream.AbstractPipeline.wrapAndCopyInto(AbstractPipeline.java:471)<br />
                      java.util.stream.ForEachOps$ForEachOp.evaluateSequential(ForEachOps.java:151)<br />
                      java.util.stream.ForEachOps$ForEachOp$OfRef.evaluateSequential(ForEachOps.java:174)<br />
                      java.util.stream.AbstractPipeline.evaluate(AbstractPipeline.java:234)<br />
                      java.util.stream.ReferencePipeline.forEach(ReferencePipeline.java:418)<br />
                      org.openqa.selenium.json.JsonOutput.lambda$new$23(JsonOutput.java:169)<br />
                      org.openqa.selenium.json.JsonOutput.write(JsonOutput.java:287)<br />
                      org.openqa.selenium.json.JsonOutput.lambda$new$24(JsonOutput.java:182)<br />
                      com.google.common.collect.SingletonImmutableBiMap.forEach(SingletonImmutableBiMap.java:68)<br />
                      org.openqa.selenium.json.JsonOutput.lambda$new$25(JsonOutput.java:177)<br />
                      org.openqa.selenium.json.JsonOutput.write(JsonOutput.java:287)<br />
                      org.openqa.selenium.json.JsonOutput.write(JsonOutput.java:278)<br />
                      org.openqa.selenium.json.Json.toJson(Json.java:42)<br />
                      org.openqa.selenium.remote.codec.AbstractHttpCommandCodec.encode(AbstractHttpCommandCodec.java:259)<br />
                      org.openqa.selenium.remote.codec.AbstractHttpCommandCodec.encode(AbstractHttpCommandCodec.java:127)<br />
                      org.openqa.selenium.remote.HttpCommandExecutor.execute(HttpCommandExecutor.java:172)<br />
                      org.openqa.selenium.remote.service.DriverCommandExecutor.invokeExecute(DriverCommandExecutor.java:167)<br />
                      org.openqa.selenium.remote.service.DriverCommandExecutor.execute(DriverCommandExecutor.java:142)<br />
                      org.openqa.selenium.remote.RemoteWebDriver.execute(RemoteWebDriver.java:567)<br />
                      org.openqa.selenium.remote.RemoteWebDriver.perform(RemoteWebDriver.java:635)<br />
                      org.openqa.selenium.interactions.Actions$BuiltAction.perform(Actions.java:656)<br />
                      org.openqa.selenium.interactions.Actions.perform(Actions.java:612)<br />
                      com.orangehrmlive.demo.utility.Utility.mouseHoverToElement(Utility.java:234)<br />
                      com.orangehrmlive.demo.pages.ViewSystemUsersPage.ClickonUserR(ViewSystemUsersPage.java:101)<br />
                      com.orangehrmlive.demo.testsuite.UsersTest.verifyThatAdminShouldDeleteTheUserSuccessFully(UsersTest.java:74)<br />
                      sun.reflect.NativeMethodAccessorImpl.invoke0(Native Method)<br />
                      sun.reflect.NativeMethodAccessorImpl.invoke(NativeMethodAccessorImpl.java:62)<br />
                      sun.reflect.DelegatingMethodAccessorImpl.invoke(DelegatingMethodAccessorImpl.java:43)<br />
                      java.lang.reflect.Method.invoke(Method.java:498)<br />
                      org.testng.internal.invokers.MethodInvocationHelper.invokeMethod(MethodInvocationHelper.java:135)<br />
                      org.testng.internal.invokers.TestInvoker.invokeMethod(TestInvoker.java:673)<br />
                      org.testng.internal.invokers.TestInvoker.invokeTestMethod(TestInvoker.java:220)<br />
                      org.testng.internal.invokers.MethodRunner.runInSequence(MethodRunner.java:50)<br />
                      org.testng.internal.invokers.TestInvoker$MethodInvocationAgent.invoke(TestInvoker.java:945)<br />
                      org.testng.internal.invokers.TestInvoker.invokeTestMethods(TestInvoker.java:193)<br />
                      org.testng.internal.invokers.TestMethodWorker.invokeTestMethods(TestMethodWorker.java:146)<br />
                      org.testng.internal.invokers.TestMethodWorker.run(TestMethodWorker.java:128)<br />
                      java.util.ArrayList.forEach(ArrayList.java:1249)<br />
                      org.testng.TestRunner.privateRun(TestRunner.java:808)<br />
                      org.testng.TestRunner.run(TestRunner.java:603)<br />
                      org.testng.SuiteRunner.runTest(SuiteRunner.java:429)<br />
                      org.testng.SuiteRunner.runSequentially(SuiteRunner.java:423)<br />
                      org.testng.SuiteRunner.privateRun(SuiteRunner.java:383)<br />
                      org.testng.SuiteRunner.run(SuiteRunner.java:326)<br />
                      org.testng.SuiteRunnerWorker.runSuite(SuiteRunnerWorker.java:52)<br />
                      org.testng.SuiteRunnerWorker.run(SuiteRunnerWorker.java:95)<br />
                      org.testng.TestNG.runSuitesSequentially(TestNG.java:1249)<br />
                      org.testng.TestNG.runSuitesLocally(TestNG.java:1169)<br />
                      org.testng.TestNG.runSuites(TestNG.java:1092)<br />
                      org.testng.TestNG.run(TestNG.java:1060)<br />
                      com.intellij.rt.testng.IDEARemoteTestNG.run(IDEARemoteTestNG.java:66)<br />
                      com.intellij.rt.testng.RemoteTestNGStarter.main(RemoteTestNGStarter.java:109)<br />
                  </div>
              <b>Caused by: </b> <a href="javascript:toggleElement('exception-11', 'block')" title="Click to expand/collapse">org.openqa.selenium.NoSuchElementException: no such element: Unable to locate element: {&quot;method&quot;:&quot;xpath&quot;,&quot;selector&quot;:&quot;//*[@id=&apos;app&apos;]/div[1]/div[2]/div[2]/div/div/form/div[1]/div/div[1]/div/div[2]/div/div/div[1]&quot;}<br/>
&nbsp; (Session info: chrome=109.0.5414.120)<br/>
For documentation on this error, please visit: https://selenium.dev/exceptions/#no_such_element<br/>
Build info: version: &apos;4.1.4&apos;, revision: &apos;535d840ee2&apos;<br/>
System info: host: &apos;JITEN&apos;, ip: &apos;192.168.0.208&apos;, os.name: &apos;Windows 10&apos;, os.arch: &apos;amd64&apos;, os.version: &apos;10.0&apos;, java.version: &apos;1.8.0_121&apos;<br/>
Driver info: org.openqa.selenium.chrome.ChromeDriver<br/>
Command: [15e11581b89c7c5a473403c098cfe274, findElement {using=xpath, value=//*[@id=&apos;app&apos;]/div[1]/div[2]/div[2]/div/div/form/div[1]/div/div[1]/div/div[2]/div/div/div[1]}]<br/>
Capabilities {acceptInsecureCerts: false, browserName: chrome, browserVersion: 109.0.5414.120, chrome: {chromedriverVersion: 109.0.5414.74 (e7c5703604da..., userDataDir: C:\Users\mjfoo\AppData\Loca...}, goog:chromeOptions: {debuggerAddress: localhost:53408}, javascriptEnabled: true, networkConnectionEnabled: false, pageLoadStrategy: normal, platform: WINDOWS, platformName: WINDOWS, proxy: Proxy(), se:cdp: ws://localhost:53408/devtoo..., se:cdpVersion: 109.0.5414.120, setWindowRect: true, strictFileInteractability: false, timeouts: {implicit: 0, pageLoad: 300000, script: 30000}, unhandledPromptBehavior: dismiss and notify, webauthn:extension:credBlob: true, webauthn:extension:largeBlob: true, webauthn:virtualAuthenticators: true}<br/>
Session ID: 15e11581b89c7c5a473403c098cfe274</a><br />
        <div class="stackTrace" id="exception-11">
                      sun.reflect.NativeConstructorAccessorImpl.newInstance0(Native Method)<br />
                      sun.reflect.NativeConstructorAccessorImpl.newInstance(NativeConstructorAccessorImpl.java:62)<br />
                      sun.reflect.DelegatingConstructorAccessorImpl.newInstance(DelegatingConstructorAccessorImpl.java:45)<br />
                      java.lang.reflect.Constructor.newInstance(Constructor.java:423)<br />
                      org.openqa.selenium.remote.codec.w3c.W3CHttpResponseCodec.createException(W3CHttpResponseCodec.java:200)<br />
                      org.openqa.selenium.remote.codec.w3c.W3CHttpResponseCodec.decode(W3CHttpResponseCodec.java:133)<br />
                      org.openqa.selenium.remote.codec.w3c.W3CHttpResponseCodec.decode(W3CHttpResponseCodec.java:53)<br />
                      org.openqa.selenium.remote.HttpCommandExecutor.execute(HttpCommandExecutor.java:184)<br />
                      org.openqa.selenium.remote.service.DriverCommandExecutor.invokeExecute(DriverCommandExecutor.java:167)<br />
                      org.openqa.selenium.remote.service.DriverCommandExecutor.execute(DriverCommandExecutor.java:142)<br />
                      org.openqa.selenium.remote.RemoteWebDriver.execute(RemoteWebDriver.java:567)<br />
                      org.openqa.selenium.remote.ElementLocation$ElementFinder$2.findElement(ElementLocation.java:162)<br />
                      org.openqa.selenium.remote.ElementLocation.findElement(ElementLocation.java:60)<br />
                      org.openqa.selenium.remote.RemoteWebDriver.findElement(RemoteWebDriver.java:385)<br />
                      org.openqa.selenium.remote.RemoteWebDriver.findElement(RemoteWebDriver.java:377)<br />
                      org.openqa.selenium.support.pagefactory.DefaultElementLocator.findElement(DefaultElementLocator.java:70)<br />
                      org.openqa.selenium.support.pagefactory.internal.LocatingElementHandler.invoke(LocatingElementHandler.java:39)<br />
                      com.sun.proxy.$Proxy14.getWrappedElement(Unknown Source)<br />
                      org.openqa.selenium.interactions.PointerInput$Origin.asArg(PointerInput.java:234)<br />
                      org.openqa.selenium.interactions.PointerInput$Move.encode(PointerInput.java:185)<br />
                      org.openqa.selenium.interactions.Sequence.encode(Sequence.java:73)<br />
                      org.openqa.selenium.interactions.Sequence.toJson(Sequence.java:82)<br />
                      sun.reflect.NativeMethodAccessorImpl.invoke0(Native Method)<br />
                      sun.reflect.NativeMethodAccessorImpl.invoke(NativeMethodAccessorImpl.java:62)<br />
                      sun.reflect.DelegatingMethodAccessorImpl.invoke(DelegatingMethodAccessorImpl.java:43)<br />
                      java.lang.reflect.Method.invoke(Method.java:498)<br />
                      org.openqa.selenium.json.JsonOutput.convertUsingMethod(JsonOutput.java:358)<br />
                      org.openqa.selenium.json.JsonOutput.lambda$new$16(JsonOutput.java:154)<br />
                      org.openqa.selenium.json.JsonOutput.write(JsonOutput.java:287)<br />
                      org.openqa.selenium.json.JsonOutput.lambda$new$22(JsonOutput.java:169)<br />
                      java.util.stream.ForEachOps$ForEachOp$OfRef.accept(ForEachOps.java:184)<br />
                      java.util.stream.ReferencePipeline$2$1.accept(ReferencePipeline.java:175)<br />
                      java.util.Iterator.forEachRemaining(Iterator.java:116)<br />
                      java.util.Spliterators$IteratorSpliterator.forEachRemaining(Spliterators.java:1801)<br />
                      java.util.stream.AbstractPipeline.copyInto(AbstractPipeline.java:481)<br />
                      java.util.stream.AbstractPipeline.wrapAndCopyInto(AbstractPipeline.java:471)<br />
                      java.util.stream.ForEachOps$ForEachOp.evaluateSequential(ForEachOps.java:151)<br />
                      java.util.stream.ForEachOps$ForEachOp$OfRef.evaluateSequential(ForEachOps.java:174)<br />
                      java.util.stream.AbstractPipeline.evaluate(AbstractPipeline.java:234)<br />
                      java.util.stream.ReferencePipeline.forEach(ReferencePipeline.java:418)<br />
                      org.openqa.selenium.json.JsonOutput.lambda$new$23(JsonOutput.java:169)<br />
                      org.openqa.selenium.json.JsonOutput.write(JsonOutput.java:287)<br />
                      org.openqa.selenium.json.JsonOutput.lambda$new$24(JsonOutput.java:182)<br />
                      com.google.common.collect.SingletonImmutableBiMap.forEach(SingletonImmutableBiMap.java:68)<br />
                      org.openqa.selenium.json.JsonOutput.lambda$new$25(JsonOutput.java:177)<br />
                      org.openqa.selenium.json.JsonOutput.write(JsonOutput.java:287)<br />
                      org.openqa.selenium.json.JsonOutput.write(JsonOutput.java:278)<br />
                      org.openqa.selenium.json.Json.toJson(Json.java:42)<br />
                      org.openqa.selenium.remote.codec.AbstractHttpCommandCodec.encode(AbstractHttpCommandCodec.java:259)<br />
                      org.openqa.selenium.remote.codec.AbstractHttpCommandCodec.encode(AbstractHttpCommandCodec.java:127)<br />
                      org.openqa.selenium.remote.HttpCommandExecutor.execute(HttpCommandExecutor.java:172)<br />
                      org.openqa.selenium.remote.service.DriverCommandExecutor.invokeExecute(DriverCommandExecutor.java:167)<br />
                      org.openqa.selenium.remote.service.DriverCommandExecutor.execute(DriverCommandExecutor.java:142)<br />
                      org.openqa.selenium.remote.RemoteWebDriver.execute(RemoteWebDriver.java:567)<br />
                      org.openqa.selenium.remote.RemoteWebDriver.perform(RemoteWebDriver.java:635)<br />
                      org.openqa.selenium.interactions.Actions$BuiltAction.perform(Actions.java:656)<br />
                      org.openqa.selenium.interactions.Actions.perform(Actions.java:612)<br />
                      com.orangehrmlive.demo.utility.Utility.mouseHoverToElement(Utility.java:234)<br />
                      com.orangehrmlive.demo.pages.ViewSystemUsersPage.ClickonUserR(ViewSystemUsersPage.java:101)<br />
                      com.orangehrmlive.demo.testsuite.UsersTest.verifyThatAdminShouldDeleteTheUserSuccessFully(UsersTest.java:74)<br />
                      sun.reflect.NativeMethodAccessorImpl.invoke0(Native Method)<br />
                      sun.reflect.NativeMethodAccessorImpl.invoke(NativeMethodAccessorImpl.java:62)<br />
                      sun.reflect.DelegatingMethodAccessorImpl.invoke(DelegatingMethodAccessorImpl.java:43)<br />
                      java.lang.reflect.Method.invoke(Method.java:498)<br />
                      org.testng.internal.invokers.MethodInvocationHelper.invokeMethod(MethodInvocationHelper.java:135)<br />
                      org.testng.internal.invokers.TestInvoker.invokeMethod(TestInvoker.java:673)<br />
                      org.testng.internal.invokers.TestInvoker.invokeTestMethod(TestInvoker.java:220)<br />
                      org.testng.internal.invokers.MethodRunner.runInSequence(MethodRunner.java:50)<br />
                      org.testng.internal.invokers.TestInvoker$MethodInvocationAgent.invoke(TestInvoker.java:945)<br />
                      org.testng.internal.invokers.TestInvoker.invokeTestMethods(TestInvoker.java:193)<br />
                      org.testng.internal.invokers.TestMethodWorker.invokeTestMethods(TestMethodWorker.java:146)<br />
                      org.testng.internal.invokers.TestMethodWorker.run(TestMethodWorker.java:128)<br />
                      java.util.ArrayList.forEach(ArrayList.java:1249)<br />
                      org.testng.TestRunner.privateRun(TestRunner.java:808)<br />
                      org.testng.TestRunner.run(TestRunner.java:603)<br />
                      org.testng.SuiteRunner.runTest(SuiteRunner.java:429)<br />
                      org.testng.SuiteRunner.runSequentially(SuiteRunner.java:423)<br />
                      org.testng.SuiteRunner.privateRun(SuiteRunner.java:383)<br />
                      org.testng.SuiteRunner.run(SuiteRunner.java:326)<br />
                      org.testng.SuiteRunnerWorker.runSuite(SuiteRunnerWorker.java:52)<br />
                      org.testng.SuiteRunnerWorker.run(SuiteRunnerWorker.java:95)<br />
                      org.testng.TestNG.runSuitesSequentially(TestNG.java:1249)<br />
                      org.testng.TestNG.runSuitesLocally(TestNG.java:1169)<br />
                      org.testng.TestNG.runSuites(TestNG.java:1092)<br />
                      org.testng.TestNG.run(TestNG.java:1060)<br />
                      com.intellij.rt.testng.IDEARemoteTestNG.run(IDEARemoteTestNG.java:66)<br />
                      com.intellij.rt.testng.RemoteTestNGStarter.main(RemoteTestNGStarter.java:109)<br />
                  </div>
          </div>
      </td>
</tr>
      </table>


  <table class="resultsTable">
    <tr><th colspan="3" class="header passed">Passed Tests</th></tr>
          <tr>
        <td colspan="3" class="group">com.orangehrmlive.demo.testsuite.LoginTest</td>
      </tr>
            
<tr>
  <td class="method">
                  verifyThatTheLogoDisplayOnHomePage
      </td>
  <td class="duration">
    1.274s
  </td>
  <td class="result">
        
    
        

      </td>
</tr>
<tr>
  <td class="method">
                  verifyUserShouldLogOutSuccessFully
      </td>
  <td class="duration">
    2.784s
  </td>
  <td class="result">
        
    
        

      </td>
</tr>
<tr>
  <td class="method">
                  verifyUserShouldLoginSuccessFully
      </td>
  <td class="duration">
    1.294s
  </td>
  <td class="result">
        
    
        

      </td>
</tr>
      </table>
  
</body>
</html>
