<?xml version="1.0" encoding="UTF-8"?>
<testsuite name="Login Test"
           tests="4"
           failures="4"
           errors="0"
           skipped="0"
           time="92.408">
  <properties />
            <testcase name="searchTheDeletedUserAndVerifyTheMessageNoRecordFound" time="23.013" classname="com.orangehrmlive.demo.testsuite.UsersTest">
                <failure type="org.openqa.selenium.json.JsonException"
                  message="java.lang.reflect.InvocationTargetException
Build info: version: &apos;4.1.4&apos;, revision: &apos;535d840ee2&apos;
System info: host: &apos;JITEN&apos;, ip: &apos;192.168.0.208&apos;, os.name: &apos;Windows 10&apos;, os.arch: &apos;amd64&apos;, os.version: &apos;10.0&apos;, java.version: &apos;1.8.0_121&apos;
Driver info: org.openqa.selenium.chrome.ChromeDriver
Command: [f39815dd835a6b0a92c4024dc0618b5f, actions {actions=[org.openqa.selenium.interactions.Sequence@41ffaeb8]}]
Capabilities {acceptInsecureCerts: false, browserName: chrome, browserVersion: 109.0.5414.120, chrome: {chromedriverVersion: 109.0.5414.74 (e7c5703604da..., userDataDir: C:\Users\mjfoo\AppData\Loca...}, goog:chromeOptions: {debuggerAddress: localhost:53241}, javascriptEnabled: true, networkConnectionEnabled: false, pageLoadStrategy: normal, platform: WINDOWS, platformName: WINDOWS, proxy: Proxy(), se:cdp: ws://localhost:53241/devtoo..., se:cdpVersion: 109.0.5414.120, setWindowRect: true, strictFileInteractability: false, timeouts: {implicit: 0, pageLoad: 300000, script: 30000}, unhandledPromptBehavior: dismiss and notify, webauthn:extension:credBlob: true, webauthn:extension:largeBlob: true, webauthn:virtualAuthenticators: true}
Session ID: f39815dd835a6b0a92c4024dc0618b5f"
              >
<![CDATA[org.openqa.selenium.json.JsonException: java.lang.reflect.InvocationTargetException
Build info: version: '4.1.4', revision: '535d840ee2'
System info: host: 'JITEN', ip: '192.168.0.208', os.name: 'Windows 10', os.arch: 'amd64', os.version: '10.0', java.version: '1.8.0_121'
Driver info: org.openqa.selenium.chrome.ChromeDriver
Command: [f39815dd835a6b0a92c4024dc0618b5f, actions {actions=[org.openqa.selenium.interactions.Sequence@41ffaeb8]}]
Capabilities {acceptInsecureCerts: false, browserName: chrome, browserVersion: 109.0.5414.120, chrome: {chromedriverVersion: 109.0.5414.74 (e7c5703604da..., userDataDir: C:\Users\mjfoo\AppData\Loca...}, goog:chromeOptions: {debuggerAddress: localhost:53241}, javascriptEnabled: true, networkConnectionEnabled: false, pageLoadStrategy: normal, platform: WINDOWS, platformName: WINDOWS, proxy: Proxy(), se:cdp: ws://localhost:53241/devtoo..., se:cdpVersion: 109.0.5414.120, setWindowRect: true, strictFileInteractability: false, timeouts: {implicit: 0, pageLoad: 300000, script: 30000}, unhandledPromptBehavior: dismiss and notify, webauthn:extension:credBlob: true, webauthn:extension:largeBlob: true, webauthn:virtualAuthenticators: true}
Session ID: f39815dd835a6b0a92c4024dc0618b5f
  org.openqa.selenium.json.JsonOutput.convertUsingMethod(JsonOutput.java:362)
  org.openqa.selenium.json.JsonOutput.lambda$new$16(JsonOutput.java:154)
  org.openqa.selenium.json.JsonOutput.write(JsonOutput.java:287)
  org.openqa.selenium.json.JsonOutput.lambda$new$22(JsonOutput.java:169)
  java.util.stream.ForEachOps$ForEachOp$OfRef.accept(ForEachOps.java:184)
  java.util.stream.ReferencePipeline$2$1.accept(ReferencePipeline.java:175)
  java.util.Iterator.forEachRemaining(Iterator.java:116)
  java.util.Spliterators$IteratorSpliterator.forEachRemaining(Spliterators.java:1801)
  java.util.stream.AbstractPipeline.copyInto(AbstractPipeline.java:481)
  java.util.stream.AbstractPipeline.wrapAndCopyInto(AbstractPipeline.java:471)
  java.util.stream.ForEachOps$ForEachOp.evaluateSequential(ForEachOps.java:151)
  java.util.stream.ForEachOps$ForEachOp$OfRef.evaluateSequential(ForEachOps.java:174)
  java.util.stream.AbstractPipeline.evaluate(AbstractPipeline.java:234)
  java.util.stream.ReferencePipeline.forEach(ReferencePipeline.java:418)
  org.openqa.selenium.json.JsonOutput.lambda$new$23(JsonOutput.java:169)
  org.openqa.selenium.json.JsonOutput.write(JsonOutput.java:287)
  org.openqa.selenium.json.JsonOutput.lambda$new$24(JsonOutput.java:182)
  com.google.common.collect.SingletonImmutableBiMap.forEach(SingletonImmutableBiMap.java:68)
  org.openqa.selenium.json.JsonOutput.lambda$new$25(JsonOutput.java:177)
  org.openqa.selenium.json.JsonOutput.write(JsonOutput.java:287)
  org.openqa.selenium.json.JsonOutput.write(JsonOutput.java:278)
  org.openqa.selenium.json.Json.toJson(Json.java:42)
  org.openqa.selenium.remote.codec.AbstractHttpCommandCodec.encode(AbstractHttpCommandCodec.java:259)
  org.openqa.selenium.remote.codec.AbstractHttpCommandCodec.encode(AbstractHttpCommandCodec.java:127)
  org.openqa.selenium.remote.HttpCommandExecutor.execute(HttpCommandExecutor.java:172)
  org.openqa.selenium.remote.service.DriverCommandExecutor.invokeExecute(DriverCommandExecutor.java:167)
  org.openqa.selenium.remote.service.DriverCommandExecutor.execute(DriverCommandExecutor.java:142)
  org.openqa.selenium.remote.RemoteWebDriver.execute(RemoteWebDriver.java:567)
  org.openqa.selenium.remote.RemoteWebDriver.perform(RemoteWebDriver.java:635)
  org.openqa.selenium.interactions.Actions$BuiltAction.perform(Actions.java:656)
  org.openqa.selenium.interactions.Actions.perform(Actions.java:612)
  com.orangehrmlive.demo.utility.Utility.mouseHoverToElement(Utility.java:234)
  com.orangehrmlive.demo.pages.ViewSystemUsersPage.ClickonUserR(ViewSystemUsersPage.java:101)
  com.orangehrmlive.demo.testsuite.UsersTest.searchTheDeletedUserAndVerifyTheMessageNoRecordFound(UsersTest.java:89)
  sun.reflect.NativeMethodAccessorImpl.invoke0(Native Method)
  sun.reflect.NativeMethodAccessorImpl.invoke(NativeMethodAccessorImpl.java:62)
  sun.reflect.DelegatingMethodAccessorImpl.invoke(DelegatingMethodAccessorImpl.java:43)
  java.lang.reflect.Method.invoke(Method.java:498)
  org.testng.internal.invokers.MethodInvocationHelper.invokeMethod(MethodInvocationHelper.java:135)
  org.testng.internal.invokers.TestInvoker.invokeMethod(TestInvoker.java:673)
  org.testng.internal.invokers.TestInvoker.invokeTestMethod(TestInvoker.java:220)
  org.testng.internal.invokers.MethodRunner.runInSequence(MethodRunner.java:50)
  org.testng.internal.invokers.TestInvoker$MethodInvocationAgent.invoke(TestInvoker.java:945)
  org.testng.internal.invokers.TestInvoker.invokeTestMethods(TestInvoker.java:193)
  org.testng.internal.invokers.TestMethodWorker.invokeTestMethods(TestMethodWorker.java:146)
  org.testng.internal.invokers.TestMethodWorker.run(TestMethodWorker.java:128)
  java.util.ArrayList.forEach(ArrayList.java:1249)
  org.testng.TestRunner.privateRun(TestRunner.java:808)
  org.testng.TestRunner.run(TestRunner.java:603)
  org.testng.SuiteRunner.runTest(SuiteRunner.java:429)
  org.testng.SuiteRunner.runSequentially(SuiteRunner.java:423)
  org.testng.SuiteRunner.privateRun(SuiteRunner.java:383)
  org.testng.SuiteRunner.run(SuiteRunner.java:326)
  org.testng.SuiteRunnerWorker.runSuite(SuiteRunnerWorker.java:52)
  org.testng.SuiteRunnerWorker.run(SuiteRunnerWorker.java:95)
  org.testng.TestNG.runSuitesSequentially(TestNG.java:1249)
  org.testng.TestNG.runSuitesLocally(TestNG.java:1169)
  org.testng.TestNG.runSuites(TestNG.java:1092)
  org.testng.TestNG.run(TestNG.java:1060)
  com.intellij.rt.testng.IDEARemoteTestNG.run(IDEARemoteTestNG.java:66)
  com.intellij.rt.testng.RemoteTestNGStarter.main(RemoteTestNGStarter.java:109)
Caused by: java.lang.reflect.InvocationTargetException
  sun.reflect.NativeMethodAccessorImpl.invoke0(Native Method)
  sun.reflect.NativeMethodAccessorImpl.invoke(NativeMethodAccessorImpl.java:62)
  sun.reflect.DelegatingMethodAccessorImpl.invoke(DelegatingMethodAccessorImpl.java:43)
  java.lang.reflect.Method.invoke(Method.java:498)
  org.openqa.selenium.json.JsonOutput.convertUsingMethod(JsonOutput.java:358)
  org.openqa.selenium.json.JsonOutput.lambda$new$16(JsonOutput.java:154)
  org.openqa.selenium.json.JsonOutput.write(JsonOutput.java:287)
  org.openqa.selenium.json.JsonOutput.lambda$new$22(JsonOutput.java:169)
  java.util.stream.ForEachOps$ForEachOp$OfRef.accept(ForEachOps.java:184)
  java.util.stream.ReferencePipeline$2$1.accept(ReferencePipeline.java:175)
  java.util.Iterator.forEachRemaining(Iterator.java:116)
  java.util.Spliterators$IteratorSpliterator.forEachRemaining(Spliterators.java:1801)
  java.util.stream.AbstractPipeline.copyInto(AbstractPipeline.java:481)
  java.util.stream.AbstractPipeline.wrapAndCopyInto(AbstractPipeline.java:471)
  java.util.stream.ForEachOps$ForEachOp.evaluateSequential(ForEachOps.java:151)
  java.util.stream.ForEachOps$ForEachOp$OfRef.evaluateSequential(ForEachOps.java:174)
  java.util.stream.AbstractPipeline.evaluate(AbstractPipeline.java:234)
  java.util.stream.ReferencePipeline.forEach(ReferencePipeline.java:418)
  org.openqa.selenium.json.JsonOutput.lambda$new$23(JsonOutput.java:169)
  org.openqa.selenium.json.JsonOutput.write(JsonOutput.java:287)
  org.openqa.selenium.json.JsonOutput.lambda$new$24(JsonOutput.java:182)
  com.google.common.collect.SingletonImmutableBiMap.forEach(SingletonImmutableBiMap.java:68)
  org.openqa.selenium.json.JsonOutput.lambda$new$25(JsonOutput.java:177)
  org.openqa.selenium.json.JsonOutput.write(JsonOutput.java:287)
  org.openqa.selenium.json.JsonOutput.write(JsonOutput.java:278)
  org.openqa.selenium.json.Json.toJson(Json.java:42)
  org.openqa.selenium.remote.codec.AbstractHttpCommandCodec.encode(AbstractHttpCommandCodec.java:259)
  org.openqa.selenium.remote.codec.AbstractHttpCommandCodec.encode(AbstractHttpCommandCodec.java:127)
  org.openqa.selenium.remote.HttpCommandExecutor.execute(HttpCommandExecutor.java:172)
  org.openqa.selenium.remote.service.DriverCommandExecutor.invokeExecute(DriverCommandExecutor.java:167)
  org.openqa.selenium.remote.service.DriverCommandExecutor.execute(DriverCommandExecutor.java:142)
  org.openqa.selenium.remote.RemoteWebDriver.execute(RemoteWebDriver.java:567)
  org.openqa.selenium.remote.RemoteWebDriver.perform(RemoteWebDriver.java:635)
  org.openqa.selenium.interactions.Actions$BuiltAction.perform(Actions.java:656)
  org.openqa.selenium.interactions.Actions.perform(Actions.java:612)
  com.orangehrmlive.demo.utility.Utility.mouseHoverToElement(Utility.java:234)
  com.orangehrmlive.demo.pages.ViewSystemUsersPage.ClickonUserR(ViewSystemUsersPage.java:101)
  com.orangehrmlive.demo.testsuite.UsersTest.searchTheDeletedUserAndVerifyTheMessageNoRecordFound(UsersTest.java:89)
  sun.reflect.NativeMethodAccessorImpl.invoke0(Native Method)
  sun.reflect.NativeMethodAccessorImpl.invoke(NativeMethodAccessorImpl.java:62)
  sun.reflect.DelegatingMethodAccessorImpl.invoke(DelegatingMethodAccessorImpl.java:43)
  java.lang.reflect.Method.invoke(Method.java:498)
  org.testng.internal.invokers.MethodInvocationHelper.invokeMethod(MethodInvocationHelper.java:135)
  org.testng.internal.invokers.TestInvoker.invokeMethod(TestInvoker.java:673)
  org.testng.internal.invokers.TestInvoker.invokeTestMethod(TestInvoker.java:220)
  org.testng.internal.invokers.MethodRunner.runInSequence(MethodRunner.java:50)
  org.testng.internal.invokers.TestInvoker$MethodInvocationAgent.invoke(TestInvoker.java:945)
  org.testng.internal.invokers.TestInvoker.invokeTestMethods(TestInvoker.java:193)
  org.testng.internal.invokers.TestMethodWorker.invokeTestMethods(TestMethodWorker.java:146)
  org.testng.internal.invokers.TestMethodWorker.run(TestMethodWorker.java:128)
  java.util.ArrayList.forEach(ArrayList.java:1249)
  org.testng.TestRunner.privateRun(TestRunner.java:808)
  org.testng.TestRunner.run(TestRunner.java:603)
  org.testng.SuiteRunner.runTest(SuiteRunner.java:429)
  org.testng.SuiteRunner.runSequentially(SuiteRunner.java:423)
  org.testng.SuiteRunner.privateRun(SuiteRunner.java:383)
  org.testng.SuiteRunner.run(SuiteRunner.java:326)
  org.testng.SuiteRunnerWorker.runSuite(SuiteRunnerWorker.java:52)
  org.testng.SuiteRunnerWorker.run(SuiteRunnerWorker.java:95)
  org.testng.TestNG.runSuitesSequentially(TestNG.java:1249)
  org.testng.TestNG.runSuitesLocally(TestNG.java:1169)
  org.testng.TestNG.runSuites(TestNG.java:1092)
  org.testng.TestNG.run(TestNG.java:1060)
  com.intellij.rt.testng.IDEARemoteTestNG.run(IDEARemoteTestNG.java:66)
  com.intellij.rt.testng.RemoteTestNGStarter.main(RemoteTestNGStarter.java:109)
Caused by: org.openqa.selenium.NoSuchElementException: no such element: Unable to locate element: {"method":"xpath","selector":"//*[@id='app']/div[1]/div[2]/div[2]/div/div/form/div[1]/div/div[1]/div/div[2]/div/div/div[1]"}
  (Session info: chrome=109.0.5414.120)
For documentation on this error, please visit: https://selenium.dev/exceptions/#no_such_element
Build info: version: '4.1.4', revision: '535d840ee2'
System info: host: 'JITEN', ip: '192.168.0.208', os.name: 'Windows 10', os.arch: 'amd64', os.version: '10.0', java.version: '1.8.0_121'
Driver info: org.openqa.selenium.chrome.ChromeDriver
Command: [f39815dd835a6b0a92c4024dc0618b5f, findElement {using=xpath, value=//*[@id='app']/div[1]/div[2]/div[2]/div/div/form/div[1]/div/div[1]/div/div[2]/div/div/div[1]}]
Capabilities {acceptInsecureCerts: false, browserName: chrome, browserVersion: 109.0.5414.120, chrome: {chromedriverVersion: 109.0.5414.74 (e7c5703604da..., userDataDir: C:\Users\mjfoo\AppData\Loca...}, goog:chromeOptions: {debuggerAddress: localhost:53241}, javascriptEnabled: true, networkConnectionEnabled: false, pageLoadStrategy: normal, platform: WINDOWS, platformName: WINDOWS, proxy: Proxy(), se:cdp: ws://localhost:53241/devtoo..., se:cdpVersion: 109.0.5414.120, setWindowRect: true, strictFileInteractability: false, timeouts: {implicit: 0, pageLoad: 300000, script: 30000}, unhandledPromptBehavior: dismiss and notify, webauthn:extension:credBlob: true, webauthn:extension:largeBlob: true, webauthn:virtualAuthenticators: true}
Session ID: f39815dd835a6b0a92c4024dc0618b5f
  sun.reflect.NativeConstructorAccessorImpl.newInstance0(Native Method)
  sun.reflect.NativeConstructorAccessorImpl.newInstance(NativeConstructorAccessorImpl.java:62)
  sun.reflect.DelegatingConstructorAccessorImpl.newInstance(DelegatingConstructorAccessorImpl.java:45)
  java.lang.reflect.Constructor.newInstance(Constructor.java:423)
  org.openqa.selenium.remote.codec.w3c.W3CHttpResponseCodec.createException(W3CHttpResponseCodec.java:200)
  org.openqa.selenium.remote.codec.w3c.W3CHttpResponseCodec.decode(W3CHttpResponseCodec.java:133)
  org.openqa.selenium.remote.codec.w3c.W3CHttpResponseCodec.decode(W3CHttpResponseCodec.java:53)
  org.openqa.selenium.remote.HttpCommandExecutor.execute(HttpCommandExecutor.java:184)
  org.openqa.selenium.remote.service.DriverCommandExecutor.invokeExecute(DriverCommandExecutor.java:167)
  org.openqa.selenium.remote.service.DriverCommandExecutor.execute(DriverCommandExecutor.java:142)
  org.openqa.selenium.remote.RemoteWebDriver.execute(RemoteWebDriver.java:567)
  org.openqa.selenium.remote.ElementLocation$ElementFinder$2.findElement(ElementLocation.java:162)
  org.openqa.selenium.remote.ElementLocation.findElement(ElementLocation.java:60)
  org.openqa.selenium.remote.RemoteWebDriver.findElement(RemoteWebDriver.java:385)
  org.openqa.selenium.remote.RemoteWebDriver.findElement(RemoteWebDriver.java:377)
  org.openqa.selenium.support.pagefactory.DefaultElementLocator.findElement(DefaultElementLocator.java:70)
  org.openqa.selenium.support.pagefactory.internal.LocatingElementHandler.invoke(LocatingElementHandler.java:39)
  com.sun.proxy.$Proxy14.getWrappedElement(Unknown Source)
  org.openqa.selenium.interactions.PointerInput$Origin.asArg(PointerInput.java:234)
  org.openqa.selenium.interactions.PointerInput$Move.encode(PointerInput.java:185)
  org.openqa.selenium.interactions.Sequence.encode(Sequence.java:73)
  org.openqa.selenium.interactions.Sequence.toJson(Sequence.java:82)
  sun.reflect.NativeMethodAccessorImpl.invoke0(Native Method)
  sun.reflect.NativeMethodAccessorImpl.invoke(NativeMethodAccessorImpl.java:62)
  sun.reflect.DelegatingMethodAccessorImpl.invoke(DelegatingMethodAccessorImpl.java:43)
  java.lang.reflect.Method.invoke(Method.java:498)
  org.openqa.selenium.json.JsonOutput.convertUsingMethod(JsonOutput.java:358)
  org.openqa.selenium.json.JsonOutput.lambda$new$16(JsonOutput.java:154)
  org.openqa.selenium.json.JsonOutput.write(JsonOutput.java:287)
  org.openqa.selenium.json.JsonOutput.lambda$new$22(JsonOutput.java:169)
  java.util.stream.ForEachOps$ForEachOp$OfRef.accept(ForEachOps.java:184)
  java.util.stream.ReferencePipeline$2$1.accept(ReferencePipeline.java:175)
  java.util.Iterator.forEachRemaining(Iterator.java:116)
  java.util.Spliterators$IteratorSpliterator.forEachRemaining(Spliterators.java:1801)
  java.util.stream.AbstractPipeline.copyInto(AbstractPipeline.java:481)
  java.util.stream.AbstractPipeline.wrapAndCopyInto(AbstractPipeline.java:471)
  java.util.stream.ForEachOps$ForEachOp.evaluateSequential(ForEachOps.java:151)
  java.util.stream.ForEachOps$ForEachOp$OfRef.evaluateSequential(ForEachOps.java:174)
  java.util.stream.AbstractPipeline.evaluate(AbstractPipeline.java:234)
  java.util.stream.ReferencePipeline.forEach(ReferencePipeline.java:418)
  org.openqa.selenium.json.JsonOutput.lambda$new$23(JsonOutput.java:169)
  org.openqa.selenium.json.JsonOutput.write(JsonOutput.java:287)
  org.openqa.selenium.json.JsonOutput.lambda$new$24(JsonOutput.java:182)
  com.google.common.collect.SingletonImmutableBiMap.forEach(SingletonImmutableBiMap.java:68)
  org.openqa.selenium.json.JsonOutput.lambda$new$25(JsonOutput.java:177)
  org.openqa.selenium.json.JsonOutput.write(JsonOutput.java:287)
  org.openqa.selenium.json.JsonOutput.write(JsonOutput.java:278)
  org.openqa.selenium.json.Json.toJson(Json.java:42)
  org.openqa.selenium.remote.codec.AbstractHttpCommandCodec.encode(AbstractHttpCommandCodec.java:259)
  org.openqa.selenium.remote.codec.AbstractHttpCommandCodec.encode(AbstractHttpCommandCodec.java:127)
  org.openqa.selenium.remote.HttpCommandExecutor.execute(HttpCommandExecutor.java:172)
  org.openqa.selenium.remote.service.DriverCommandExecutor.invokeExecute(DriverCommandExecutor.java:167)
  org.openqa.selenium.remote.service.DriverCommandExecutor.execute(DriverCommandExecutor.java:142)
  org.openqa.selenium.remote.RemoteWebDriver.execute(RemoteWebDriver.java:567)
  org.openqa.selenium.remote.RemoteWebDriver.perform(RemoteWebDriver.java:635)
  org.openqa.selenium.interactions.Actions$BuiltAction.perform(Actions.java:656)
  org.openqa.selenium.interactions.Actions.perform(Actions.java:612)
  com.orangehrmlive.demo.utility.Utility.mouseHoverToElement(Utility.java:234)
  com.orangehrmlive.demo.pages.ViewSystemUsersPage.ClickonUserR(ViewSystemUsersPage.java:101)
  com.orangehrmlive.demo.testsuite.UsersTest.searchTheDeletedUserAndVerifyTheMessageNoRecordFound(UsersTest.java:89)
  sun.reflect.NativeMethodAccessorImpl.invoke0(Native Method)
  sun.reflect.NativeMethodAccessorImpl.invoke(NativeMethodAccessorImpl.java:62)
  sun.reflect.DelegatingMethodAccessorImpl.invoke(DelegatingMethodAccessorImpl.java:43)
  java.lang.reflect.Method.invoke(Method.java:498)
  org.testng.internal.invokers.MethodInvocationHelper.invokeMethod(MethodInvocationHelper.java:135)
  org.testng.internal.invokers.TestInvoker.invokeMethod(TestInvoker.java:673)
  org.testng.internal.invokers.TestInvoker.invokeTestMethod(TestInvoker.java:220)
  org.testng.internal.invokers.MethodRunner.runInSequence(MethodRunner.java:50)
  org.testng.internal.invokers.TestInvoker$MethodInvocationAgent.invoke(TestInvoker.java:945)
  org.testng.internal.invokers.TestInvoker.invokeTestMethods(TestInvoker.java:193)
  org.testng.internal.invokers.TestMethodWorker.invokeTestMethods(TestMethodWorker.java:146)
  org.testng.internal.invokers.TestMethodWorker.run(TestMethodWorker.java:128)
  java.util.ArrayList.forEach(ArrayList.java:1249)
  org.testng.TestRunner.privateRun(TestRunner.java:808)
  org.testng.TestRunner.run(TestRunner.java:603)
  org.testng.SuiteRunner.runTest(SuiteRunner.java:429)
  org.testng.SuiteRunner.runSequentially(SuiteRunner.java:423)
  org.testng.SuiteRunner.privateRun(SuiteRunner.java:383)
  org.testng.SuiteRunner.run(SuiteRunner.java:326)
  org.testng.SuiteRunnerWorker.runSuite(SuiteRunnerWorker.java:52)
  org.testng.SuiteRunnerWorker.run(SuiteRunnerWorker.java:95)
  org.testng.TestNG.runSuitesSequentially(TestNG.java:1249)
  org.testng.TestNG.runSuitesLocally(TestNG.java:1169)
  org.testng.TestNG.runSuites(TestNG.java:1092)
  org.testng.TestNG.run(TestNG.java:1060)
  com.intellij.rt.testng.IDEARemoteTestNG.run(IDEARemoteTestNG.java:66)
  com.intellij.rt.testng.RemoteTestNGStarter.main(RemoteTestNGStarter.java:109)
]]>
      </failure>

          </testcase>
            <testcase name="searchTheUserCreatedAndVerifyIt" time="22.948" classname="com.orangehrmlive.demo.testsuite.UsersTest">
                <failure type="org.openqa.selenium.json.JsonException"
                  message="java.lang.reflect.InvocationTargetException
Build info: version: &apos;4.1.4&apos;, revision: &apos;535d840ee2&apos;
System info: host: &apos;JITEN&apos;, ip: &apos;192.168.0.208&apos;, os.name: &apos;Windows 10&apos;, os.arch: &apos;amd64&apos;, os.version: &apos;10.0&apos;, java.version: &apos;1.8.0_121&apos;
Driver info: org.openqa.selenium.chrome.ChromeDriver
Command: [9e52926f8a38c06a7fd947525d1b37b7, actions {actions=[org.openqa.selenium.interactions.Sequence@50756c76]}]
Capabilities {acceptInsecureCerts: false, browserName: chrome, browserVersion: 109.0.5414.120, chrome: {chromedriverVersion: 109.0.5414.74 (e7c5703604da..., userDataDir: C:\Users\mjfoo\AppData\Loca...}, goog:chromeOptions: {debuggerAddress: localhost:53274}, javascriptEnabled: true, networkConnectionEnabled: false, pageLoadStrategy: normal, platform: WINDOWS, platformName: WINDOWS, proxy: Proxy(), se:cdp: ws://localhost:53274/devtoo..., se:cdpVersion: 109.0.5414.120, setWindowRect: true, strictFileInteractability: false, timeouts: {implicit: 0, pageLoad: 300000, script: 30000}, unhandledPromptBehavior: dismiss and notify, webauthn:extension:credBlob: true, webauthn:extension:largeBlob: true, webauthn:virtualAuthenticators: true}
Session ID: 9e52926f8a38c06a7fd947525d1b37b7"
              >
<![CDATA[org.openqa.selenium.json.JsonException: java.lang.reflect.InvocationTargetException
Build info: version: '4.1.4', revision: '535d840ee2'
System info: host: 'JITEN', ip: '192.168.0.208', os.name: 'Windows 10', os.arch: 'amd64', os.version: '10.0', java.version: '1.8.0_121'
Driver info: org.openqa.selenium.chrome.ChromeDriver
Command: [9e52926f8a38c06a7fd947525d1b37b7, actions {actions=[org.openqa.selenium.interactions.Sequence@50756c76]}]
Capabilities {acceptInsecureCerts: false, browserName: chrome, browserVersion: 109.0.5414.120, chrome: {chromedriverVersion: 109.0.5414.74 (e7c5703604da..., userDataDir: C:\Users\mjfoo\AppData\Loca...}, goog:chromeOptions: {debuggerAddress: localhost:53274}, javascriptEnabled: true, networkConnectionEnabled: false, pageLoadStrategy: normal, platform: WINDOWS, platformName: WINDOWS, proxy: Proxy(), se:cdp: ws://localhost:53274/devtoo..., se:cdpVersion: 109.0.5414.120, setWindowRect: true, strictFileInteractability: false, timeouts: {implicit: 0, pageLoad: 300000, script: 30000}, unhandledPromptBehavior: dismiss and notify, webauthn:extension:credBlob: true, webauthn:extension:largeBlob: true, webauthn:virtualAuthenticators: true}
Session ID: 9e52926f8a38c06a7fd947525d1b37b7
  org.openqa.selenium.json.JsonOutput.convertUsingMethod(JsonOutput.java:362)
  org.openqa.selenium.json.JsonOutput.lambda$new$16(JsonOutput.java:154)
  org.openqa.selenium.json.JsonOutput.write(JsonOutput.java:287)
  org.openqa.selenium.json.JsonOutput.lambda$new$22(JsonOutput.java:169)
  java.util.stream.ForEachOps$ForEachOp$OfRef.accept(ForEachOps.java:184)
  java.util.stream.ReferencePipeline$2$1.accept(ReferencePipeline.java:175)
  java.util.Iterator.forEachRemaining(Iterator.java:116)
  java.util.Spliterators$IteratorSpliterator.forEachRemaining(Spliterators.java:1801)
  java.util.stream.AbstractPipeline.copyInto(AbstractPipeline.java:481)
  java.util.stream.AbstractPipeline.wrapAndCopyInto(AbstractPipeline.java:471)
  java.util.stream.ForEachOps$ForEachOp.evaluateSequential(ForEachOps.java:151)
  java.util.stream.ForEachOps$ForEachOp$OfRef.evaluateSequential(ForEachOps.java:174)
  java.util.stream.AbstractPipeline.evaluate(AbstractPipeline.java:234)
  java.util.stream.ReferencePipeline.forEach(ReferencePipeline.java:418)
  org.openqa.selenium.json.JsonOutput.lambda$new$23(JsonOutput.java:169)
  org.openqa.selenium.json.JsonOutput.write(JsonOutput.java:287)
  org.openqa.selenium.json.JsonOutput.lambda$new$24(JsonOutput.java:182)
  com.google.common.collect.SingletonImmutableBiMap.forEach(SingletonImmutableBiMap.java:68)
  org.openqa.selenium.json.JsonOutput.lambda$new$25(JsonOutput.java:177)
  org.openqa.selenium.json.JsonOutput.write(JsonOutput.java:287)
  org.openqa.selenium.json.JsonOutput.write(JsonOutput.java:278)
  org.openqa.selenium.json.Json.toJson(Json.java:42)
  org.openqa.selenium.remote.codec.AbstractHttpCommandCodec.encode(AbstractHttpCommandCodec.java:259)
  org.openqa.selenium.remote.codec.AbstractHttpCommandCodec.encode(AbstractHttpCommandCodec.java:127)
  org.openqa.selenium.remote.HttpCommandExecutor.execute(HttpCommandExecutor.java:172)
  org.openqa.selenium.remote.service.DriverCommandExecutor.invokeExecute(DriverCommandExecutor.java:167)
  org.openqa.selenium.remote.service.DriverCommandExecutor.execute(DriverCommandExecutor.java:142)
  org.openqa.selenium.remote.RemoteWebDriver.execute(RemoteWebDriver.java:567)
  org.openqa.selenium.remote.RemoteWebDriver.perform(RemoteWebDriver.java:635)
  org.openqa.selenium.interactions.Actions$BuiltAction.perform(Actions.java:656)
  org.openqa.selenium.interactions.Actions.perform(Actions.java:612)
  com.orangehrmlive.demo.utility.Utility.mouseHoverToElement(Utility.java:234)
  com.orangehrmlive.demo.pages.ViewSystemUsersPage.ClickonUserR(ViewSystemUsersPage.java:101)
  com.orangehrmlive.demo.testsuite.UsersTest.searchTheUserCreatedAndVerifyIt(UsersTest.java:60)
  sun.reflect.NativeMethodAccessorImpl.invoke0(Native Method)
  sun.reflect.NativeMethodAccessorImpl.invoke(NativeMethodAccessorImpl.java:62)
  sun.reflect.DelegatingMethodAccessorImpl.invoke(DelegatingMethodAccessorImpl.java:43)
  java.lang.reflect.Method.invoke(Method.java:498)
  org.testng.internal.invokers.MethodInvocationHelper.invokeMethod(MethodInvocationHelper.java:135)
  org.testng.internal.invokers.TestInvoker.invokeMethod(TestInvoker.java:673)
  org.testng.internal.invokers.TestInvoker.invokeTestMethod(TestInvoker.java:220)
  org.testng.internal.invokers.MethodRunner.runInSequence(MethodRunner.java:50)
  org.testng.internal.invokers.TestInvoker$MethodInvocationAgent.invoke(TestInvoker.java:945)
  org.testng.internal.invokers.TestInvoker.invokeTestMethods(TestInvoker.java:193)
  org.testng.internal.invokers.TestMethodWorker.invokeTestMethods(TestMethodWorker.java:146)
  org.testng.internal.invokers.TestMethodWorker.run(TestMethodWorker.java:128)
  java.util.ArrayList.forEach(ArrayList.java:1249)
  org.testng.TestRunner.privateRun(TestRunner.java:808)
  org.testng.TestRunner.run(TestRunner.java:603)
  org.testng.SuiteRunner.runTest(SuiteRunner.java:429)
  org.testng.SuiteRunner.runSequentially(SuiteRunner.java:423)
  org.testng.SuiteRunner.privateRun(SuiteRunner.java:383)
  org.testng.SuiteRunner.run(SuiteRunner.java:326)
  org.testng.SuiteRunnerWorker.runSuite(SuiteRunnerWorker.java:52)
  org.testng.SuiteRunnerWorker.run(SuiteRunnerWorker.java:95)
  org.testng.TestNG.runSuitesSequentially(TestNG.java:1249)
  org.testng.TestNG.runSuitesLocally(TestNG.java:1169)
  org.testng.TestNG.runSuites(TestNG.java:1092)
  org.testng.TestNG.run(TestNG.java:1060)
  com.intellij.rt.testng.IDEARemoteTestNG.run(IDEARemoteTestNG.java:66)
  com.intellij.rt.testng.RemoteTestNGStarter.main(RemoteTestNGStarter.java:109)
Caused by: java.lang.reflect.InvocationTargetException
  sun.reflect.NativeMethodAccessorImpl.invoke0(Native Method)
  sun.reflect.NativeMethodAccessorImpl.invoke(NativeMethodAccessorImpl.java:62)
  sun.reflect.DelegatingMethodAccessorImpl.invoke(DelegatingMethodAccessorImpl.java:43)
  java.lang.reflect.Method.invoke(Method.java:498)
  org.openqa.selenium.json.JsonOutput.convertUsingMethod(JsonOutput.java:358)
  org.openqa.selenium.json.JsonOutput.lambda$new$16(JsonOutput.java:154)
  org.openqa.selenium.json.JsonOutput.write(JsonOutput.java:287)
  org.openqa.selenium.json.JsonOutput.lambda$new$22(JsonOutput.java:169)
  java.util.stream.ForEachOps$ForEachOp$OfRef.accept(ForEachOps.java:184)
  java.util.stream.ReferencePipeline$2$1.accept(ReferencePipeline.java:175)
  java.util.Iterator.forEachRemaining(Iterator.java:116)
  java.util.Spliterators$IteratorSpliterator.forEachRemaining(Spliterators.java:1801)
  java.util.stream.AbstractPipeline.copyInto(AbstractPipeline.java:481)
  java.util.stream.AbstractPipeline.wrapAndCopyInto(AbstractPipeline.java:471)
  java.util.stream.ForEachOps$ForEachOp.evaluateSequential(ForEachOps.java:151)
  java.util.stream.ForEachOps$ForEachOp$OfRef.evaluateSequential(ForEachOps.java:174)
  java.util.stream.AbstractPipeline.evaluate(AbstractPipeline.java:234)
  java.util.stream.ReferencePipeline.forEach(ReferencePipeline.java:418)
  org.openqa.selenium.json.JsonOutput.lambda$new$23(JsonOutput.java:169)
  org.openqa.selenium.json.JsonOutput.write(JsonOutput.java:287)
  org.openqa.selenium.json.JsonOutput.lambda$new$24(JsonOutput.java:182)
  com.google.common.collect.SingletonImmutableBiMap.forEach(SingletonImmutableBiMap.java:68)
  org.openqa.selenium.json.JsonOutput.lambda$new$25(JsonOutput.java:177)
  org.openqa.selenium.json.JsonOutput.write(JsonOutput.java:287)
  org.openqa.selenium.json.JsonOutput.write(JsonOutput.java:278)
  org.openqa.selenium.json.Json.toJson(Json.java:42)
  org.openqa.selenium.remote.codec.AbstractHttpCommandCodec.encode(AbstractHttpCommandCodec.java:259)
  org.openqa.selenium.remote.codec.AbstractHttpCommandCodec.encode(AbstractHttpCommandCodec.java:127)
  org.openqa.selenium.remote.HttpCommandExecutor.execute(HttpCommandExecutor.java:172)
  org.openqa.selenium.remote.service.DriverCommandExecutor.invokeExecute(DriverCommandExecutor.java:167)
  org.openqa.selenium.remote.service.DriverCommandExecutor.execute(DriverCommandExecutor.java:142)
  org.openqa.selenium.remote.RemoteWebDriver.execute(RemoteWebDriver.java:567)
  org.openqa.selenium.remote.RemoteWebDriver.perform(RemoteWebDriver.java:635)
  org.openqa.selenium.interactions.Actions$BuiltAction.perform(Actions.java:656)
  org.openqa.selenium.interactions.Actions.perform(Actions.java:612)
  com.orangehrmlive.demo.utility.Utility.mouseHoverToElement(Utility.java:234)
  com.orangehrmlive.demo.pages.ViewSystemUsersPage.ClickonUserR(ViewSystemUsersPage.java:101)
  com.orangehrmlive.demo.testsuite.UsersTest.searchTheUserCreatedAndVerifyIt(UsersTest.java:60)
  sun.reflect.NativeMethodAccessorImpl.invoke0(Native Method)
  sun.reflect.NativeMethodAccessorImpl.invoke(NativeMethodAccessorImpl.java:62)
  sun.reflect.DelegatingMethodAccessorImpl.invoke(DelegatingMethodAccessorImpl.java:43)
  java.lang.reflect.Method.invoke(Method.java:498)
  org.testng.internal.invokers.MethodInvocationHelper.invokeMethod(MethodInvocationHelper.java:135)
  org.testng.internal.invokers.TestInvoker.invokeMethod(TestInvoker.java:673)
  org.testng.internal.invokers.TestInvoker.invokeTestMethod(TestInvoker.java:220)
  org.testng.internal.invokers.MethodRunner.runInSequence(MethodRunner.java:50)
  org.testng.internal.invokers.TestInvoker$MethodInvocationAgent.invoke(TestInvoker.java:945)
  org.testng.internal.invokers.TestInvoker.invokeTestMethods(TestInvoker.java:193)
  org.testng.internal.invokers.TestMethodWorker.invokeTestMethods(TestMethodWorker.java:146)
  org.testng.internal.invokers.TestMethodWorker.run(TestMethodWorker.java:128)
  java.util.ArrayList.forEach(ArrayList.java:1249)
  org.testng.TestRunner.privateRun(TestRunner.java:808)
  org.testng.TestRunner.run(TestRunner.java:603)
  org.testng.SuiteRunner.runTest(SuiteRunner.java:429)
  org.testng.SuiteRunner.runSequentially(SuiteRunner.java:423)
  org.testng.SuiteRunner.privateRun(SuiteRunner.java:383)
  org.testng.SuiteRunner.run(SuiteRunner.java:326)
  org.testng.SuiteRunnerWorker.runSuite(SuiteRunnerWorker.java:52)
  org.testng.SuiteRunnerWorker.run(SuiteRunnerWorker.java:95)
  org.testng.TestNG.runSuitesSequentially(TestNG.java:1249)
  org.testng.TestNG.runSuitesLocally(TestNG.java:1169)
  org.testng.TestNG.runSuites(TestNG.java:1092)
  org.testng.TestNG.run(TestNG.java:1060)
  com.intellij.rt.testng.IDEARemoteTestNG.run(IDEARemoteTestNG.java:66)
  com.intellij.rt.testng.RemoteTestNGStarter.main(RemoteTestNGStarter.java:109)
Caused by: org.openqa.selenium.NoSuchElementException: no such element: Unable to locate element: {"method":"xpath","selector":"//*[@id='app']/div[1]/div[2]/div[2]/div/div/form/div[1]/div/div[1]/div/div[2]/div/div/div[1]"}
  (Session info: chrome=109.0.5414.120)
For documentation on this error, please visit: https://selenium.dev/exceptions/#no_such_element
Build info: version: '4.1.4', revision: '535d840ee2'
System info: host: 'JITEN', ip: '192.168.0.208', os.name: 'Windows 10', os.arch: 'amd64', os.version: '10.0', java.version: '1.8.0_121'
Driver info: org.openqa.selenium.chrome.ChromeDriver
Command: [9e52926f8a38c06a7fd947525d1b37b7, findElement {using=xpath, value=//*[@id='app']/div[1]/div[2]/div[2]/div/div/form/div[1]/div/div[1]/div/div[2]/div/div/div[1]}]
Capabilities {acceptInsecureCerts: false, browserName: chrome, browserVersion: 109.0.5414.120, chrome: {chromedriverVersion: 109.0.5414.74 (e7c5703604da..., userDataDir: C:\Users\mjfoo\AppData\Loca...}, goog:chromeOptions: {debuggerAddress: localhost:53274}, javascriptEnabled: true, networkConnectionEnabled: false, pageLoadStrategy: normal, platform: WINDOWS, platformName: WINDOWS, proxy: Proxy(), se:cdp: ws://localhost:53274/devtoo..., se:cdpVersion: 109.0.5414.120, setWindowRect: true, strictFileInteractability: false, timeouts: {implicit: 0, pageLoad: 300000, script: 30000}, unhandledPromptBehavior: dismiss and notify, webauthn:extension:credBlob: true, webauthn:extension:largeBlob: true, webauthn:virtualAuthenticators: true}
Session ID: 9e52926f8a38c06a7fd947525d1b37b7
  sun.reflect.NativeConstructorAccessorImpl.newInstance0(Native Method)
  sun.reflect.NativeConstructorAccessorImpl.newInstance(NativeConstructorAccessorImpl.java:62)
  sun.reflect.DelegatingConstructorAccessorImpl.newInstance(DelegatingConstructorAccessorImpl.java:45)
  java.lang.reflect.Constructor.newInstance(Constructor.java:423)
  org.openqa.selenium.remote.codec.w3c.W3CHttpResponseCodec.createException(W3CHttpResponseCodec.java:200)
  org.openqa.selenium.remote.codec.w3c.W3CHttpResponseCodec.decode(W3CHttpResponseCodec.java:133)
  org.openqa.selenium.remote.codec.w3c.W3CHttpResponseCodec.decode(W3CHttpResponseCodec.java:53)
  org.openqa.selenium.remote.HttpCommandExecutor.execute(HttpCommandExecutor.java:184)
  org.openqa.selenium.remote.service.DriverCommandExecutor.invokeExecute(DriverCommandExecutor.java:167)
  org.openqa.selenium.remote.service.DriverCommandExecutor.execute(DriverCommandExecutor.java:142)
  org.openqa.selenium.remote.RemoteWebDriver.execute(RemoteWebDriver.java:567)
  org.openqa.selenium.remote.ElementLocation$ElementFinder$2.findElement(ElementLocation.java:162)
  org.openqa.selenium.remote.ElementLocation.findElement(ElementLocation.java:60)
  org.openqa.selenium.remote.RemoteWebDriver.findElement(RemoteWebDriver.java:385)
  org.openqa.selenium.remote.RemoteWebDriver.findElement(RemoteWebDriver.java:377)
  org.openqa.selenium.support.pagefactory.DefaultElementLocator.findElement(DefaultElementLocator.java:70)
  org.openqa.selenium.support.pagefactory.internal.LocatingElementHandler.invoke(LocatingElementHandler.java:39)
  com.sun.proxy.$Proxy14.getWrappedElement(Unknown Source)
  org.openqa.selenium.interactions.PointerInput$Origin.asArg(PointerInput.java:234)
  org.openqa.selenium.interactions.PointerInput$Move.encode(PointerInput.java:185)
  org.openqa.selenium.interactions.Sequence.encode(Sequence.java:73)
  org.openqa.selenium.interactions.Sequence.toJson(Sequence.java:82)
  sun.reflect.NativeMethodAccessorImpl.invoke0(Native Method)
  sun.reflect.NativeMethodAccessorImpl.invoke(NativeMethodAccessorImpl.java:62)
  sun.reflect.DelegatingMethodAccessorImpl.invoke(DelegatingMethodAccessorImpl.java:43)
  java.lang.reflect.Method.invoke(Method.java:498)
  org.openqa.selenium.json.JsonOutput.convertUsingMethod(JsonOutput.java:358)
  org.openqa.selenium.json.JsonOutput.lambda$new$16(JsonOutput.java:154)
  org.openqa.selenium.json.JsonOutput.write(JsonOutput.java:287)
  org.openqa.selenium.json.JsonOutput.lambda$new$22(JsonOutput.java:169)
  java.util.stream.ForEachOps$ForEachOp$OfRef.accept(ForEachOps.java:184)
  java.util.stream.ReferencePipeline$2$1.accept(ReferencePipeline.java:175)
  java.util.Iterator.forEachRemaining(Iterator.java:116)
  java.util.Spliterators$IteratorSpliterator.forEachRemaining(Spliterators.java:1801)
  java.util.stream.AbstractPipeline.copyInto(AbstractPipeline.java:481)
  java.util.stream.AbstractPipeline.wrapAndCopyInto(AbstractPipeline.java:471)
  java.util.stream.ForEachOps$ForEachOp.evaluateSequential(ForEachOps.java:151)
  java.util.stream.ForEachOps$ForEachOp$OfRef.evaluateSequential(ForEachOps.java:174)
  java.util.stream.AbstractPipeline.evaluate(AbstractPipeline.java:234)
  java.util.stream.ReferencePipeline.forEach(ReferencePipeline.java:418)
  org.openqa.selenium.json.JsonOutput.lambda$new$23(JsonOutput.java:169)
  org.openqa.selenium.json.JsonOutput.write(JsonOutput.java:287)
  org.openqa.selenium.json.JsonOutput.lambda$new$24(JsonOutput.java:182)
  com.google.common.collect.SingletonImmutableBiMap.forEach(SingletonImmutableBiMap.java:68)
  org.openqa.selenium.json.JsonOutput.lambda$new$25(JsonOutput.java:177)
  org.openqa.selenium.json.JsonOutput.write(JsonOutput.java:287)
  org.openqa.selenium.json.JsonOutput.write(JsonOutput.java:278)
  org.openqa.selenium.json.Json.toJson(Json.java:42)
  org.openqa.selenium.remote.codec.AbstractHttpCommandCodec.encode(AbstractHttpCommandCodec.java:259)
  org.openqa.selenium.remote.codec.AbstractHttpCommandCodec.encode(AbstractHttpCommandCodec.java:127)
  org.openqa.selenium.remote.HttpCommandExecutor.execute(HttpCommandExecutor.java:172)
  org.openqa.selenium.remote.service.DriverCommandExecutor.invokeExecute(DriverCommandExecutor.java:167)
  org.openqa.selenium.remote.service.DriverCommandExecutor.execute(DriverCommandExecutor.java:142)
  org.openqa.selenium.remote.RemoteWebDriver.execute(RemoteWebDriver.java:567)
  org.openqa.selenium.remote.RemoteWebDriver.perform(RemoteWebDriver.java:635)
  org.openqa.selenium.interactions.Actions$BuiltAction.perform(Actions.java:656)
  org.openqa.selenium.interactions.Actions.perform(Actions.java:612)
  com.orangehrmlive.demo.utility.Utility.mouseHoverToElement(Utility.java:234)
  com.orangehrmlive.demo.pages.ViewSystemUsersPage.ClickonUserR(ViewSystemUsersPage.java:101)
  com.orangehrmlive.demo.testsuite.UsersTest.searchTheUserCreatedAndVerifyIt(UsersTest.java:60)
  sun.reflect.NativeMethodAccessorImpl.invoke0(Native Method)
  sun.reflect.NativeMethodAccessorImpl.invoke(NativeMethodAccessorImpl.java:62)
  sun.reflect.DelegatingMethodAccessorImpl.invoke(DelegatingMethodAccessorImpl.java:43)
  java.lang.reflect.Method.invoke(Method.java:498)
  org.testng.internal.invokers.MethodInvocationHelper.invokeMethod(MethodInvocationHelper.java:135)
  org.testng.internal.invokers.TestInvoker.invokeMethod(TestInvoker.java:673)
  org.testng.internal.invokers.TestInvoker.invokeTestMethod(TestInvoker.java:220)
  org.testng.internal.invokers.MethodRunner.runInSequence(MethodRunner.java:50)
  org.testng.internal.invokers.TestInvoker$MethodInvocationAgent.invoke(TestInvoker.java:945)
  org.testng.internal.invokers.TestInvoker.invokeTestMethods(TestInvoker.java:193)
  org.testng.internal.invokers.TestMethodWorker.invokeTestMethods(TestMethodWorker.java:146)
  org.testng.internal.invokers.TestMethodWorker.run(TestMethodWorker.java:128)
  java.util.ArrayList.forEach(ArrayList.java:1249)
  org.testng.TestRunner.privateRun(TestRunner.java:808)
  org.testng.TestRunner.run(TestRunner.java:603)
  org.testng.SuiteRunner.runTest(SuiteRunner.java:429)
  org.testng.SuiteRunner.runSequentially(SuiteRunner.java:423)
  org.testng.SuiteRunner.privateRun(SuiteRunner.java:383)
  org.testng.SuiteRunner.run(SuiteRunner.java:326)
  org.testng.SuiteRunnerWorker.runSuite(SuiteRunnerWorker.java:52)
  org.testng.SuiteRunnerWorker.run(SuiteRunnerWorker.java:95)
  org.testng.TestNG.runSuitesSequentially(TestNG.java:1249)
  org.testng.TestNG.runSuitesLocally(TestNG.java:1169)
  org.testng.TestNG.runSuites(TestNG.java:1092)
  org.testng.TestNG.run(TestNG.java:1060)
  com.intellij.rt.testng.IDEARemoteTestNG.run(IDEARemoteTestNG.java:66)
  com.intellij.rt.testng.RemoteTestNGStarter.main(RemoteTestNGStarter.java:109)
]]>
      </failure>

          </testcase>
            <testcase name="verifyThatAdminShouldDeleteTheUserSuccessFully" time="22.869" classname="com.orangehrmlive.demo.testsuite.UsersTest">
                <failure type="org.openqa.selenium.json.JsonException"
                  message="java.lang.reflect.InvocationTargetException
Build info: version: &apos;4.1.4&apos;, revision: &apos;535d840ee2&apos;
System info: host: &apos;JITEN&apos;, ip: &apos;192.168.0.208&apos;, os.name: &apos;Windows 10&apos;, os.arch: &apos;amd64&apos;, os.version: &apos;10.0&apos;, java.version: &apos;1.8.0_121&apos;
Driver info: org.openqa.selenium.chrome.ChromeDriver
Command: [15e11581b89c7c5a473403c098cfe274, actions {actions=[org.openqa.selenium.interactions.Sequence@15b642b9]}]
Capabilities {acceptInsecureCerts: false, browserName: chrome, browserVersion: 109.0.5414.120, chrome: {chromedriverVersion: 109.0.5414.74 (e7c5703604da..., userDataDir: C:\Users\mjfoo\AppData\Loca...}, goog:chromeOptions: {debuggerAddress: localhost:53408}, javascriptEnabled: true, networkConnectionEnabled: false, pageLoadStrategy: normal, platform: WINDOWS, platformName: WINDOWS, proxy: Proxy(), se:cdp: ws://localhost:53408/devtoo..., se:cdpVersion: 109.0.5414.120, setWindowRect: true, strictFileInteractability: false, timeouts: {implicit: 0, pageLoad: 300000, script: 30000}, unhandledPromptBehavior: dismiss and notify, webauthn:extension:credBlob: true, webauthn:extension:largeBlob: true, webauthn:virtualAuthenticators: true}
Session ID: 15e11581b89c7c5a473403c098cfe274"
              >
<![CDATA[org.openqa.selenium.json.JsonException: java.lang.reflect.InvocationTargetException
Build info: version: '4.1.4', revision: '535d840ee2'
System info: host: 'JITEN', ip: '192.168.0.208', os.name: 'Windows 10', os.arch: 'amd64', os.version: '10.0', java.version: '1.8.0_121'
Driver info: org.openqa.selenium.chrome.ChromeDriver
Command: [15e11581b89c7c5a473403c098cfe274, actions {actions=[org.openqa.selenium.interactions.Sequence@15b642b9]}]
Capabilities {acceptInsecureCerts: false, browserName: chrome, browserVersion: 109.0.5414.120, chrome: {chromedriverVersion: 109.0.5414.74 (e7c5703604da..., userDataDir: C:\Users\mjfoo\AppData\Loca...}, goog:chromeOptions: {debuggerAddress: localhost:53408}, javascriptEnabled: true, networkConnectionEnabled: false, pageLoadStrategy: normal, platform: WINDOWS, platformName: WINDOWS, proxy: Proxy(), se:cdp: ws://localhost:53408/devtoo..., se:cdpVersion: 109.0.5414.120, setWindowRect: true, strictFileInteractability: false, timeouts: {implicit: 0, pageLoad: 300000, script: 30000}, unhandledPromptBehavior: dismiss and notify, webauthn:extension:credBlob: true, webauthn:extension:largeBlob: true, webauthn:virtualAuthenticators: true}
Session ID: 15e11581b89c7c5a473403c098cfe274
  org.openqa.selenium.json.JsonOutput.convertUsingMethod(JsonOutput.java:362)
  org.openqa.selenium.json.JsonOutput.lambda$new$16(JsonOutput.java:154)
  org.openqa.selenium.json.JsonOutput.write(JsonOutput.java:287)
  org.openqa.selenium.json.JsonOutput.lambda$new$22(JsonOutput.java:169)
  java.util.stream.ForEachOps$ForEachOp$OfRef.accept(ForEachOps.java:184)
  java.util.stream.ReferencePipeline$2$1.accept(ReferencePipeline.java:175)
  java.util.Iterator.forEachRemaining(Iterator.java:116)
  java.util.Spliterators$IteratorSpliterator.forEachRemaining(Spliterators.java:1801)
  java.util.stream.AbstractPipeline.copyInto(AbstractPipeline.java:481)
  java.util.stream.AbstractPipeline.wrapAndCopyInto(AbstractPipeline.java:471)
  java.util.stream.ForEachOps$ForEachOp.evaluateSequential(ForEachOps.java:151)
  java.util.stream.ForEachOps$ForEachOp$OfRef.evaluateSequential(ForEachOps.java:174)
  java.util.stream.AbstractPipeline.evaluate(AbstractPipeline.java:234)
  java.util.stream.ReferencePipeline.forEach(ReferencePipeline.java:418)
  org.openqa.selenium.json.JsonOutput.lambda$new$23(JsonOutput.java:169)
  org.openqa.selenium.json.JsonOutput.write(JsonOutput.java:287)
  org.openqa.selenium.json.JsonOutput.lambda$new$24(JsonOutput.java:182)
  com.google.common.collect.SingletonImmutableBiMap.forEach(SingletonImmutableBiMap.java:68)
  org.openqa.selenium.json.JsonOutput.lambda$new$25(JsonOutput.java:177)
  org.openqa.selenium.json.JsonOutput.write(JsonOutput.java:287)
  org.openqa.selenium.json.JsonOutput.write(JsonOutput.java:278)
  org.openqa.selenium.json.Json.toJson(Json.java:42)
  org.openqa.selenium.remote.codec.AbstractHttpCommandCodec.encode(AbstractHttpCommandCodec.java:259)
  org.openqa.selenium.remote.codec.AbstractHttpCommandCodec.encode(AbstractHttpCommandCodec.java:127)
  org.openqa.selenium.remote.HttpCommandExecutor.execute(HttpCommandExecutor.java:172)
  org.openqa.selenium.remote.service.DriverCommandExecutor.invokeExecute(DriverCommandExecutor.java:167)
  org.openqa.selenium.remote.service.DriverCommandExecutor.execute(DriverCommandExecutor.java:142)
  org.openqa.selenium.remote.RemoteWebDriver.execute(RemoteWebDriver.java:567)
  org.openqa.selenium.remote.RemoteWebDriver.perform(RemoteWebDriver.java:635)
  org.openqa.selenium.interactions.Actions$BuiltAction.perform(Actions.java:656)
  org.openqa.selenium.interactions.Actions.perform(Actions.java:612)
  com.orangehrmlive.demo.utility.Utility.mouseHoverToElement(Utility.java:234)
  com.orangehrmlive.demo.pages.ViewSystemUsersPage.ClickonUserR(ViewSystemUsersPage.java:101)
  com.orangehrmlive.demo.testsuite.UsersTest.verifyThatAdminShouldDeleteTheUserSuccessFully(UsersTest.java:74)
  sun.reflect.NativeMethodAccessorImpl.invoke0(Native Method)
  sun.reflect.NativeMethodAccessorImpl.invoke(NativeMethodAccessorImpl.java:62)
  sun.reflect.DelegatingMethodAccessorImpl.invoke(DelegatingMethodAccessorImpl.java:43)
  java.lang.reflect.Method.invoke(Method.java:498)
  org.testng.internal.invokers.MethodInvocationHelper.invokeMethod(MethodInvocationHelper.java:135)
  org.testng.internal.invokers.TestInvoker.invokeMethod(TestInvoker.java:673)
  org.testng.internal.invokers.TestInvoker.invokeTestMethod(TestInvoker.java:220)
  org.testng.internal.invokers.MethodRunner.runInSequence(MethodRunner.java:50)
  org.testng.internal.invokers.TestInvoker$MethodInvocationAgent.invoke(TestInvoker.java:945)
  org.testng.internal.invokers.TestInvoker.invokeTestMethods(TestInvoker.java:193)
  org.testng.internal.invokers.TestMethodWorker.invokeTestMethods(TestMethodWorker.java:146)
  org.testng.internal.invokers.TestMethodWorker.run(TestMethodWorker.java:128)
  java.util.ArrayList.forEach(ArrayList.java:1249)
  org.testng.TestRunner.privateRun(TestRunner.java:808)
  org.testng.TestRunner.run(TestRunner.java:603)
  org.testng.SuiteRunner.runTest(SuiteRunner.java:429)
  org.testng.SuiteRunner.runSequentially(SuiteRunner.java:423)
  org.testng.SuiteRunner.privateRun(SuiteRunner.java:383)
  org.testng.SuiteRunner.run(SuiteRunner.java:326)
  org.testng.SuiteRunnerWorker.runSuite(SuiteRunnerWorker.java:52)
  org.testng.SuiteRunnerWorker.run(SuiteRunnerWorker.java:95)
  org.testng.TestNG.runSuitesSequentially(TestNG.java:1249)
  org.testng.TestNG.runSuitesLocally(TestNG.java:1169)
  org.testng.TestNG.runSuites(TestNG.java:1092)
  org.testng.TestNG.run(TestNG.java:1060)
  com.intellij.rt.testng.IDEARemoteTestNG.run(IDEARemoteTestNG.java:66)
  com.intellij.rt.testng.RemoteTestNGStarter.main(RemoteTestNGStarter.java:109)
Caused by: java.lang.reflect.InvocationTargetException
  sun.reflect.NativeMethodAccessorImpl.invoke0(Native Method)
  sun.reflect.NativeMethodAccessorImpl.invoke(NativeMethodAccessorImpl.java:62)
  sun.reflect.DelegatingMethodAccessorImpl.invoke(DelegatingMethodAccessorImpl.java:43)
  java.lang.reflect.Method.invoke(Method.java:498)
  org.openqa.selenium.json.JsonOutput.convertUsingMethod(JsonOutput.java:358)
  org.openqa.selenium.json.JsonOutput.lambda$new$16(JsonOutput.java:154)
  org.openqa.selenium.json.JsonOutput.write(JsonOutput.java:287)
  org.openqa.selenium.json.JsonOutput.lambda$new$22(JsonOutput.java:169)
  java.util.stream.ForEachOps$ForEachOp$OfRef.accept(ForEachOps.java:184)
  java.util.stream.ReferencePipeline$2$1.accept(ReferencePipeline.java:175)
  java.util.Iterator.forEachRemaining(Iterator.java:116)
  java.util.Spliterators$IteratorSpliterator.forEachRemaining(Spliterators.java:1801)
  java.util.stream.AbstractPipeline.copyInto(AbstractPipeline.java:481)
  java.util.stream.AbstractPipeline.wrapAndCopyInto(AbstractPipeline.java:471)
  java.util.stream.ForEachOps$ForEachOp.evaluateSequential(ForEachOps.java:151)
  java.util.stream.ForEachOps$ForEachOp$OfRef.evaluateSequential(ForEachOps.java:174)
  java.util.stream.AbstractPipeline.evaluate(AbstractPipeline.java:234)
  java.util.stream.ReferencePipeline.forEach(ReferencePipeline.java:418)
  org.openqa.selenium.json.JsonOutput.lambda$new$23(JsonOutput.java:169)
  org.openqa.selenium.json.JsonOutput.write(JsonOutput.java:287)
  org.openqa.selenium.json.JsonOutput.lambda$new$24(JsonOutput.java:182)
  com.google.common.collect.SingletonImmutableBiMap.forEach(SingletonImmutableBiMap.java:68)
  org.openqa.selenium.json.JsonOutput.lambda$new$25(JsonOutput.java:177)
  org.openqa.selenium.json.JsonOutput.write(JsonOutput.java:287)
  org.openqa.selenium.json.JsonOutput.write(JsonOutput.java:278)
  org.openqa.selenium.json.Json.toJson(Json.java:42)
  org.openqa.selenium.remote.codec.AbstractHttpCommandCodec.encode(AbstractHttpCommandCodec.java:259)
  org.openqa.selenium.remote.codec.AbstractHttpCommandCodec.encode(AbstractHttpCommandCodec.java:127)
  org.openqa.selenium.remote.HttpCommandExecutor.execute(HttpCommandExecutor.java:172)
  org.openqa.selenium.remote.service.DriverCommandExecutor.invokeExecute(DriverCommandExecutor.java:167)
  org.openqa.selenium.remote.service.DriverCommandExecutor.execute(DriverCommandExecutor.java:142)
  org.openqa.selenium.remote.RemoteWebDriver.execute(RemoteWebDriver.java:567)
  org.openqa.selenium.remote.RemoteWebDriver.perform(RemoteWebDriver.java:635)
  org.openqa.selenium.interactions.Actions$BuiltAction.perform(Actions.java:656)
  org.openqa.selenium.interactions.Actions.perform(Actions.java:612)
  com.orangehrmlive.demo.utility.Utility.mouseHoverToElement(Utility.java:234)
  com.orangehrmlive.demo.pages.ViewSystemUsersPage.ClickonUserR(ViewSystemUsersPage.java:101)
  com.orangehrmlive.demo.testsuite.UsersTest.verifyThatAdminShouldDeleteTheUserSuccessFully(UsersTest.java:74)
  sun.reflect.NativeMethodAccessorImpl.invoke0(Native Method)
  sun.reflect.NativeMethodAccessorImpl.invoke(NativeMethodAccessorImpl.java:62)
  sun.reflect.DelegatingMethodAccessorImpl.invoke(DelegatingMethodAccessorImpl.java:43)
  java.lang.reflect.Method.invoke(Method.java:498)
  org.testng.internal.invokers.MethodInvocationHelper.invokeMethod(MethodInvocationHelper.java:135)
  org.testng.internal.invokers.TestInvoker.invokeMethod(TestInvoker.java:673)
  org.testng.internal.invokers.TestInvoker.invokeTestMethod(TestInvoker.java:220)
  org.testng.internal.invokers.MethodRunner.runInSequence(MethodRunner.java:50)
  org.testng.internal.invokers.TestInvoker$MethodInvocationAgent.invoke(TestInvoker.java:945)
  org.testng.internal.invokers.TestInvoker.invokeTestMethods(TestInvoker.java:193)
  org.testng.internal.invokers.TestMethodWorker.invokeTestMethods(TestMethodWorker.java:146)
  org.testng.internal.invokers.TestMethodWorker.run(TestMethodWorker.java:128)
  java.util.ArrayList.forEach(ArrayList.java:1249)
  org.testng.TestRunner.privateRun(TestRunner.java:808)
  org.testng.TestRunner.run(TestRunner.java:603)
  org.testng.SuiteRunner.runTest(SuiteRunner.java:429)
  org.testng.SuiteRunner.runSequentially(SuiteRunner.java:423)
  org.testng.SuiteRunner.privateRun(SuiteRunner.java:383)
  org.testng.SuiteRunner.run(SuiteRunner.java:326)
  org.testng.SuiteRunnerWorker.runSuite(SuiteRunnerWorker.java:52)
  org.testng.SuiteRunnerWorker.run(SuiteRunnerWorker.java:95)
  org.testng.TestNG.runSuitesSequentially(TestNG.java:1249)
  org.testng.TestNG.runSuitesLocally(TestNG.java:1169)
  org.testng.TestNG.runSuites(TestNG.java:1092)
  org.testng.TestNG.run(TestNG.java:1060)
  com.intellij.rt.testng.IDEARemoteTestNG.run(IDEARemoteTestNG.java:66)
  com.intellij.rt.testng.RemoteTestNGStarter.main(RemoteTestNGStarter.java:109)
Caused by: org.openqa.selenium.NoSuchElementException: no such element: Unable to locate element: {"method":"xpath","selector":"//*[@id='app']/div[1]/div[2]/div[2]/div/div/form/div[1]/div/div[1]/div/div[2]/div/div/div[1]"}
  (Session info: chrome=109.0.5414.120)
For documentation on this error, please visit: https://selenium.dev/exceptions/#no_such_element
Build info: version: '4.1.4', revision: '535d840ee2'
System info: host: 'JITEN', ip: '192.168.0.208', os.name: 'Windows 10', os.arch: 'amd64', os.version: '10.0', java.version: '1.8.0_121'
Driver info: org.openqa.selenium.chrome.ChromeDriver
Command: [15e11581b89c7c5a473403c098cfe274, findElement {using=xpath, value=//*[@id='app']/div[1]/div[2]/div[2]/div/div/form/div[1]/div/div[1]/div/div[2]/div/div/div[1]}]
Capabilities {acceptInsecureCerts: false, browserName: chrome, browserVersion: 109.0.5414.120, chrome: {chromedriverVersion: 109.0.5414.74 (e7c5703604da..., userDataDir: C:\Users\mjfoo\AppData\Loca...}, goog:chromeOptions: {debuggerAddress: localhost:53408}, javascriptEnabled: true, networkConnectionEnabled: false, pageLoadStrategy: normal, platform: WINDOWS, platformName: WINDOWS, proxy: Proxy(), se:cdp: ws://localhost:53408/devtoo..., se:cdpVersion: 109.0.5414.120, setWindowRect: true, strictFileInteractability: false, timeouts: {implicit: 0, pageLoad: 300000, script: 30000}, unhandledPromptBehavior: dismiss and notify, webauthn:extension:credBlob: true, webauthn:extension:largeBlob: true, webauthn:virtualAuthenticators: true}
Session ID: 15e11581b89c7c5a473403c098cfe274
  sun.reflect.NativeConstructorAccessorImpl.newInstance0(Native Method)
  sun.reflect.NativeConstructorAccessorImpl.newInstance(NativeConstructorAccessorImpl.java:62)
  sun.reflect.DelegatingConstructorAccessorImpl.newInstance(DelegatingConstructorAccessorImpl.java:45)
  java.lang.reflect.Constructor.newInstance(Constructor.java:423)
  org.openqa.selenium.remote.codec.w3c.W3CHttpResponseCodec.createException(W3CHttpResponseCodec.java:200)
  org.openqa.selenium.remote.codec.w3c.W3CHttpResponseCodec.decode(W3CHttpResponseCodec.java:133)
  org.openqa.selenium.remote.codec.w3c.W3CHttpResponseCodec.decode(W3CHttpResponseCodec.java:53)
  org.openqa.selenium.remote.HttpCommandExecutor.execute(HttpCommandExecutor.java:184)
  org.openqa.selenium.remote.service.DriverCommandExecutor.invokeExecute(DriverCommandExecutor.java:167)
  org.openqa.selenium.remote.service.DriverCommandExecutor.execute(DriverCommandExecutor.java:142)
  org.openqa.selenium.remote.RemoteWebDriver.execute(RemoteWebDriver.java:567)
  org.openqa.selenium.remote.ElementLocation$ElementFinder$2.findElement(ElementLocation.java:162)
  org.openqa.selenium.remote.ElementLocation.findElement(ElementLocation.java:60)
  org.openqa.selenium.remote.RemoteWebDriver.findElement(RemoteWebDriver.java:385)
  org.openqa.selenium.remote.RemoteWebDriver.findElement(RemoteWebDriver.java:377)
  org.openqa.selenium.support.pagefactory.DefaultElementLocator.findElement(DefaultElementLocator.java:70)
  org.openqa.selenium.support.pagefactory.internal.LocatingElementHandler.invoke(LocatingElementHandler.java:39)
  com.sun.proxy.$Proxy14.getWrappedElement(Unknown Source)
  org.openqa.selenium.interactions.PointerInput$Origin.asArg(PointerInput.java:234)
  org.openqa.selenium.interactions.PointerInput$Move.encode(PointerInput.java:185)
  org.openqa.selenium.interactions.Sequence.encode(Sequence.java:73)
  org.openqa.selenium.interactions.Sequence.toJson(Sequence.java:82)
  sun.reflect.NativeMethodAccessorImpl.invoke0(Native Method)
  sun.reflect.NativeMethodAccessorImpl.invoke(NativeMethodAccessorImpl.java:62)
  sun.reflect.DelegatingMethodAccessorImpl.invoke(DelegatingMethodAccessorImpl.java:43)
  java.lang.reflect.Method.invoke(Method.java:498)
  org.openqa.selenium.json.JsonOutput.convertUsingMethod(JsonOutput.java:358)
  org.openqa.selenium.json.JsonOutput.lambda$new$16(JsonOutput.java:154)
  org.openqa.selenium.json.JsonOutput.write(JsonOutput.java:287)
  org.openqa.selenium.json.JsonOutput.lambda$new$22(JsonOutput.java:169)
  java.util.stream.ForEachOps$ForEachOp$OfRef.accept(ForEachOps.java:184)
  java.util.stream.ReferencePipeline$2$1.accept(ReferencePipeline.java:175)
  java.util.Iterator.forEachRemaining(Iterator.java:116)
  java.util.Spliterators$IteratorSpliterator.forEachRemaining(Spliterators.java:1801)
  java.util.stream.AbstractPipeline.copyInto(AbstractPipeline.java:481)
  java.util.stream.AbstractPipeline.wrapAndCopyInto(AbstractPipeline.java:471)
  java.util.stream.ForEachOps$ForEachOp.evaluateSequential(ForEachOps.java:151)
  java.util.stream.ForEachOps$ForEachOp$OfRef.evaluateSequential(ForEachOps.java:174)
  java.util.stream.AbstractPipeline.evaluate(AbstractPipeline.java:234)
  java.util.stream.ReferencePipeline.forEach(ReferencePipeline.java:418)
  org.openqa.selenium.json.JsonOutput.lambda$new$23(JsonOutput.java:169)
  org.openqa.selenium.json.JsonOutput.write(JsonOutput.java:287)
  org.openqa.selenium.json.JsonOutput.lambda$new$24(JsonOutput.java:182)
  com.google.common.collect.SingletonImmutableBiMap.forEach(SingletonImmutableBiMap.java:68)
  org.openqa.selenium.json.JsonOutput.lambda$new$25(JsonOutput.java:177)
  org.openqa.selenium.json.JsonOutput.write(JsonOutput.java:287)
  org.openqa.selenium.json.JsonOutput.write(JsonOutput.java:278)
  org.openqa.selenium.json.Json.toJson(Json.java:42)
  org.openqa.selenium.remote.codec.AbstractHttpCommandCodec.encode(AbstractHttpCommandCodec.java:259)
  org.openqa.selenium.remote.codec.AbstractHttpCommandCodec.encode(AbstractHttpCommandCodec.java:127)
  org.openqa.selenium.remote.HttpCommandExecutor.execute(HttpCommandExecutor.java:172)
  org.openqa.selenium.remote.service.DriverCommandExecutor.invokeExecute(DriverCommandExecutor.java:167)
  org.openqa.selenium.remote.service.DriverCommandExecutor.execute(DriverCommandExecutor.java:142)
  org.openqa.selenium.remote.RemoteWebDriver.execute(RemoteWebDriver.java:567)
  org.openqa.selenium.remote.RemoteWebDriver.perform(RemoteWebDriver.java:635)
  org.openqa.selenium.interactions.Actions$BuiltAction.perform(Actions.java:656)
  org.openqa.selenium.interactions.Actions.perform(Actions.java:612)
  com.orangehrmlive.demo.utility.Utility.mouseHoverToElement(Utility.java:234)
  com.orangehrmlive.demo.pages.ViewSystemUsersPage.ClickonUserR(ViewSystemUsersPage.java:101)
  com.orangehrmlive.demo.testsuite.UsersTest.verifyThatAdminShouldDeleteTheUserSuccessFully(UsersTest.java:74)
  sun.reflect.NativeMethodAccessorImpl.invoke0(Native Method)
  sun.reflect.NativeMethodAccessorImpl.invoke(NativeMethodAccessorImpl.java:62)
  sun.reflect.DelegatingMethodAccessorImpl.invoke(DelegatingMethodAccessorImpl.java:43)
  java.lang.reflect.Method.invoke(Method.java:498)
  org.testng.internal.invokers.MethodInvocationHelper.invokeMethod(MethodInvocationHelper.java:135)
  org.testng.internal.invokers.TestInvoker.invokeMethod(TestInvoker.java:673)
  org.testng.internal.invokers.TestInvoker.invokeTestMethod(TestInvoker.java:220)
  org.testng.internal.invokers.MethodRunner.runInSequence(MethodRunner.java:50)
  org.testng.internal.invokers.TestInvoker$MethodInvocationAgent.invoke(TestInvoker.java:945)
  org.testng.internal.invokers.TestInvoker.invokeTestMethods(TestInvoker.java:193)
  org.testng.internal.invokers.TestMethodWorker.invokeTestMethods(TestMethodWorker.java:146)
  org.testng.internal.invokers.TestMethodWorker.run(TestMethodWorker.java:128)
  java.util.ArrayList.forEach(ArrayList.java:1249)
  org.testng.TestRunner.privateRun(TestRunner.java:808)
  org.testng.TestRunner.run(TestRunner.java:603)
  org.testng.SuiteRunner.runTest(SuiteRunner.java:429)
  org.testng.SuiteRunner.runSequentially(SuiteRunner.java:423)
  org.testng.SuiteRunner.privateRun(SuiteRunner.java:383)
  org.testng.SuiteRunner.run(SuiteRunner.java:326)
  org.testng.SuiteRunnerWorker.runSuite(SuiteRunnerWorker.java:52)
  org.testng.SuiteRunnerWorker.run(SuiteRunnerWorker.java:95)
  org.testng.TestNG.runSuitesSequentially(TestNG.java:1249)
  org.testng.TestNG.runSuitesLocally(TestNG.java:1169)
  org.testng.TestNG.runSuites(TestNG.java:1092)
  org.testng.TestNG.run(TestNG.java:1060)
  com.intellij.rt.testng.IDEARemoteTestNG.run(IDEARemoteTestNG.java:66)
  com.intellij.rt.testng.RemoteTestNGStarter.main(RemoteTestNGStarter.java:109)
]]>
      </failure>

          </testcase>
            <testcase name="adminShouldAddUserSuccessFully" time="23.578" classname="com.orangehrmlive.demo.testsuite.UsersTest">
                <failure type="org.openqa.selenium.json.JsonException"
                  message="java.lang.reflect.InvocationTargetException
Build info: version: &apos;4.1.4&apos;, revision: &apos;535d840ee2&apos;
System info: host: &apos;JITEN&apos;, ip: &apos;192.168.0.208&apos;, os.name: &apos;Windows 10&apos;, os.arch: &apos;amd64&apos;, os.version: &apos;10.0&apos;, java.version: &apos;1.8.0_121&apos;
Driver info: org.openqa.selenium.chrome.ChromeDriver
Command: [940e7deff222e8bd63c39331e22d5ddd, actions {actions=[org.openqa.selenium.interactions.Sequence@72e789cb]}]
Capabilities {acceptInsecureCerts: false, browserName: chrome, browserVersion: 109.0.5414.120, chrome: {chromedriverVersion: 109.0.5414.74 (e7c5703604da..., userDataDir: C:\Users\mjfoo\AppData\Loca...}, goog:chromeOptions: {debuggerAddress: localhost:53211}, javascriptEnabled: true, networkConnectionEnabled: false, pageLoadStrategy: normal, platform: WINDOWS, platformName: WINDOWS, proxy: Proxy(), se:cdp: ws://localhost:53211/devtoo..., se:cdpVersion: 109.0.5414.120, setWindowRect: true, strictFileInteractability: false, timeouts: {implicit: 0, pageLoad: 300000, script: 30000}, unhandledPromptBehavior: dismiss and notify, webauthn:extension:credBlob: true, webauthn:extension:largeBlob: true, webauthn:virtualAuthenticators: true}
Session ID: 940e7deff222e8bd63c39331e22d5ddd"
              >
<![CDATA[org.openqa.selenium.json.JsonException: java.lang.reflect.InvocationTargetException
Build info: version: '4.1.4', revision: '535d840ee2'
System info: host: 'JITEN', ip: '192.168.0.208', os.name: 'Windows 10', os.arch: 'amd64', os.version: '10.0', java.version: '1.8.0_121'
Driver info: org.openqa.selenium.chrome.ChromeDriver
Command: [940e7deff222e8bd63c39331e22d5ddd, actions {actions=[org.openqa.selenium.interactions.Sequence@72e789cb]}]
Capabilities {acceptInsecureCerts: false, browserName: chrome, browserVersion: 109.0.5414.120, chrome: {chromedriverVersion: 109.0.5414.74 (e7c5703604da..., userDataDir: C:\Users\mjfoo\AppData\Loca...}, goog:chromeOptions: {debuggerAddress: localhost:53211}, javascriptEnabled: true, networkConnectionEnabled: false, pageLoadStrategy: normal, platform: WINDOWS, platformName: WINDOWS, proxy: Proxy(), se:cdp: ws://localhost:53211/devtoo..., se:cdpVersion: 109.0.5414.120, setWindowRect: true, strictFileInteractability: false, timeouts: {implicit: 0, pageLoad: 300000, script: 30000}, unhandledPromptBehavior: dismiss and notify, webauthn:extension:credBlob: true, webauthn:extension:largeBlob: true, webauthn:virtualAuthenticators: true}
Session ID: 940e7deff222e8bd63c39331e22d5ddd
  org.openqa.selenium.json.JsonOutput.convertUsingMethod(JsonOutput.java:362)
  org.openqa.selenium.json.JsonOutput.lambda$new$16(JsonOutput.java:154)
  org.openqa.selenium.json.JsonOutput.write(JsonOutput.java:287)
  org.openqa.selenium.json.JsonOutput.lambda$new$22(JsonOutput.java:169)
  java.util.stream.ForEachOps$ForEachOp$OfRef.accept(ForEachOps.java:184)
  java.util.stream.ReferencePipeline$2$1.accept(ReferencePipeline.java:175)
  java.util.Iterator.forEachRemaining(Iterator.java:116)
  java.util.Spliterators$IteratorSpliterator.forEachRemaining(Spliterators.java:1801)
  java.util.stream.AbstractPipeline.copyInto(AbstractPipeline.java:481)
  java.util.stream.AbstractPipeline.wrapAndCopyInto(AbstractPipeline.java:471)
  java.util.stream.ForEachOps$ForEachOp.evaluateSequential(ForEachOps.java:151)
  java.util.stream.ForEachOps$ForEachOp$OfRef.evaluateSequential(ForEachOps.java:174)
  java.util.stream.AbstractPipeline.evaluate(AbstractPipeline.java:234)
  java.util.stream.ReferencePipeline.forEach(ReferencePipeline.java:418)
  org.openqa.selenium.json.JsonOutput.lambda$new$23(JsonOutput.java:169)
  org.openqa.selenium.json.JsonOutput.write(JsonOutput.java:287)
  org.openqa.selenium.json.JsonOutput.lambda$new$24(JsonOutput.java:182)
  com.google.common.collect.SingletonImmutableBiMap.forEach(SingletonImmutableBiMap.java:68)
  org.openqa.selenium.json.JsonOutput.lambda$new$25(JsonOutput.java:177)
  org.openqa.selenium.json.JsonOutput.write(JsonOutput.java:287)
  org.openqa.selenium.json.JsonOutput.write(JsonOutput.java:278)
  org.openqa.selenium.json.Json.toJson(Json.java:42)
  org.openqa.selenium.remote.codec.AbstractHttpCommandCodec.encode(AbstractHttpCommandCodec.java:259)
  org.openqa.selenium.remote.codec.AbstractHttpCommandCodec.encode(AbstractHttpCommandCodec.java:127)
  org.openqa.selenium.remote.HttpCommandExecutor.execute(HttpCommandExecutor.java:172)
  org.openqa.selenium.remote.service.DriverCommandExecutor.invokeExecute(DriverCommandExecutor.java:167)
  org.openqa.selenium.remote.service.DriverCommandExecutor.execute(DriverCommandExecutor.java:142)
  org.openqa.selenium.remote.RemoteWebDriver.execute(RemoteWebDriver.java:567)
  org.openqa.selenium.remote.RemoteWebDriver.perform(RemoteWebDriver.java:635)
  org.openqa.selenium.interactions.Actions$BuiltAction.perform(Actions.java:656)
  org.openqa.selenium.interactions.Actions.perform(Actions.java:612)
  com.orangehrmlive.demo.utility.Utility.mouseHoverToElement(Utility.java:234)
  com.orangehrmlive.demo.pages.AddUserPage.ClickonUserrole(AddUserPage.java:109)
  com.orangehrmlive.demo.testsuite.UsersTest.adminShouldAddUserSuccessFully(UsersTest.java:42)
  sun.reflect.NativeMethodAccessorImpl.invoke0(Native Method)
  sun.reflect.NativeMethodAccessorImpl.invoke(NativeMethodAccessorImpl.java:62)
  sun.reflect.DelegatingMethodAccessorImpl.invoke(DelegatingMethodAccessorImpl.java:43)
  java.lang.reflect.Method.invoke(Method.java:498)
  org.testng.internal.invokers.MethodInvocationHelper.invokeMethod(MethodInvocationHelper.java:135)
  org.testng.internal.invokers.TestInvoker.invokeMethod(TestInvoker.java:673)
  org.testng.internal.invokers.TestInvoker.invokeTestMethod(TestInvoker.java:220)
  org.testng.internal.invokers.MethodRunner.runInSequence(MethodRunner.java:50)
  org.testng.internal.invokers.TestInvoker$MethodInvocationAgent.invoke(TestInvoker.java:945)
  org.testng.internal.invokers.TestInvoker.invokeTestMethods(TestInvoker.java:193)
  org.testng.internal.invokers.TestMethodWorker.invokeTestMethods(TestMethodWorker.java:146)
  org.testng.internal.invokers.TestMethodWorker.run(TestMethodWorker.java:128)
  java.util.ArrayList.forEach(ArrayList.java:1249)
  org.testng.TestRunner.privateRun(TestRunner.java:808)
  org.testng.TestRunner.run(TestRunner.java:603)
  org.testng.SuiteRunner.runTest(SuiteRunner.java:429)
  org.testng.SuiteRunner.runSequentially(SuiteRunner.java:423)
  org.testng.SuiteRunner.privateRun(SuiteRunner.java:383)
  org.testng.SuiteRunner.run(SuiteRunner.java:326)
  org.testng.SuiteRunnerWorker.runSuite(SuiteRunnerWorker.java:52)
  org.testng.SuiteRunnerWorker.run(SuiteRunnerWorker.java:95)
  org.testng.TestNG.runSuitesSequentially(TestNG.java:1249)
  org.testng.TestNG.runSuitesLocally(TestNG.java:1169)
  org.testng.TestNG.runSuites(TestNG.java:1092)
  org.testng.TestNG.run(TestNG.java:1060)
  com.intellij.rt.testng.IDEARemoteTestNG.run(IDEARemoteTestNG.java:66)
  com.intellij.rt.testng.RemoteTestNGStarter.main(RemoteTestNGStarter.java:109)
Caused by: java.lang.reflect.InvocationTargetException
  sun.reflect.NativeMethodAccessorImpl.invoke0(Native Method)
  sun.reflect.NativeMethodAccessorImpl.invoke(NativeMethodAccessorImpl.java:62)
  sun.reflect.DelegatingMethodAccessorImpl.invoke(DelegatingMethodAccessorImpl.java:43)
  java.lang.reflect.Method.invoke(Method.java:498)
  org.openqa.selenium.json.JsonOutput.convertUsingMethod(JsonOutput.java:358)
  org.openqa.selenium.json.JsonOutput.lambda$new$16(JsonOutput.java:154)
  org.openqa.selenium.json.JsonOutput.write(JsonOutput.java:287)
  org.openqa.selenium.json.JsonOutput.lambda$new$22(JsonOutput.java:169)
  java.util.stream.ForEachOps$ForEachOp$OfRef.accept(ForEachOps.java:184)
  java.util.stream.ReferencePipeline$2$1.accept(ReferencePipeline.java:175)
  java.util.Iterator.forEachRemaining(Iterator.java:116)
  java.util.Spliterators$IteratorSpliterator.forEachRemaining(Spliterators.java:1801)
  java.util.stream.AbstractPipeline.copyInto(AbstractPipeline.java:481)
  java.util.stream.AbstractPipeline.wrapAndCopyInto(AbstractPipeline.java:471)
  java.util.stream.ForEachOps$ForEachOp.evaluateSequential(ForEachOps.java:151)
  java.util.stream.ForEachOps$ForEachOp$OfRef.evaluateSequential(ForEachOps.java:174)
  java.util.stream.AbstractPipeline.evaluate(AbstractPipeline.java:234)
  java.util.stream.ReferencePipeline.forEach(ReferencePipeline.java:418)
  org.openqa.selenium.json.JsonOutput.lambda$new$23(JsonOutput.java:169)
  org.openqa.selenium.json.JsonOutput.write(JsonOutput.java:287)
  org.openqa.selenium.json.JsonOutput.lambda$new$24(JsonOutput.java:182)
  com.google.common.collect.SingletonImmutableBiMap.forEach(SingletonImmutableBiMap.java:68)
  org.openqa.selenium.json.JsonOutput.lambda$new$25(JsonOutput.java:177)
  org.openqa.selenium.json.JsonOutput.write(JsonOutput.java:287)
  org.openqa.selenium.json.JsonOutput.write(JsonOutput.java:278)
  org.openqa.selenium.json.Json.toJson(Json.java:42)
  org.openqa.selenium.remote.codec.AbstractHttpCommandCodec.encode(AbstractHttpCommandCodec.java:259)
  org.openqa.selenium.remote.codec.AbstractHttpCommandCodec.encode(AbstractHttpCommandCodec.java:127)
  org.openqa.selenium.remote.HttpCommandExecutor.execute(HttpCommandExecutor.java:172)
  org.openqa.selenium.remote.service.DriverCommandExecutor.invokeExecute(DriverCommandExecutor.java:167)
  org.openqa.selenium.remote.service.DriverCommandExecutor.execute(DriverCommandExecutor.java:142)
  org.openqa.selenium.remote.RemoteWebDriver.execute(RemoteWebDriver.java:567)
  org.openqa.selenium.remote.RemoteWebDriver.perform(RemoteWebDriver.java:635)
  org.openqa.selenium.interactions.Actions$BuiltAction.perform(Actions.java:656)
  org.openqa.selenium.interactions.Actions.perform(Actions.java:612)
  com.orangehrmlive.demo.utility.Utility.mouseHoverToElement(Utility.java:234)
  com.orangehrmlive.demo.pages.AddUserPage.ClickonUserrole(AddUserPage.java:109)
  com.orangehrmlive.demo.testsuite.UsersTest.adminShouldAddUserSuccessFully(UsersTest.java:42)
  sun.reflect.NativeMethodAccessorImpl.invoke0(Native Method)
  sun.reflect.NativeMethodAccessorImpl.invoke(NativeMethodAccessorImpl.java:62)
  sun.reflect.DelegatingMethodAccessorImpl.invoke(DelegatingMethodAccessorImpl.java:43)
  java.lang.reflect.Method.invoke(Method.java:498)
  org.testng.internal.invokers.MethodInvocationHelper.invokeMethod(MethodInvocationHelper.java:135)
  org.testng.internal.invokers.TestInvoker.invokeMethod(TestInvoker.java:673)
  org.testng.internal.invokers.TestInvoker.invokeTestMethod(TestInvoker.java:220)
  org.testng.internal.invokers.MethodRunner.runInSequence(MethodRunner.java:50)
  org.testng.internal.invokers.TestInvoker$MethodInvocationAgent.invoke(TestInvoker.java:945)
  org.testng.internal.invokers.TestInvoker.invokeTestMethods(TestInvoker.java:193)
  org.testng.internal.invokers.TestMethodWorker.invokeTestMethods(TestMethodWorker.java:146)
  org.testng.internal.invokers.TestMethodWorker.run(TestMethodWorker.java:128)
  java.util.ArrayList.forEach(ArrayList.java:1249)
  org.testng.TestRunner.privateRun(TestRunner.java:808)
  org.testng.TestRunner.run(TestRunner.java:603)
  org.testng.SuiteRunner.runTest(SuiteRunner.java:429)
  org.testng.SuiteRunner.runSequentially(SuiteRunner.java:423)
  org.testng.SuiteRunner.privateRun(SuiteRunner.java:383)
  org.testng.SuiteRunner.run(SuiteRunner.java:326)
  org.testng.SuiteRunnerWorker.runSuite(SuiteRunnerWorker.java:52)
  org.testng.SuiteRunnerWorker.run(SuiteRunnerWorker.java:95)
  org.testng.TestNG.runSuitesSequentially(TestNG.java:1249)
  org.testng.TestNG.runSuitesLocally(TestNG.java:1169)
  org.testng.TestNG.runSuites(TestNG.java:1092)
  org.testng.TestNG.run(TestNG.java:1060)
  com.intellij.rt.testng.IDEARemoteTestNG.run(IDEARemoteTestNG.java:66)
  com.intellij.rt.testng.RemoteTestNGStarter.main(RemoteTestNGStarter.java:109)
Caused by: org.openqa.selenium.NoSuchElementException: no such element: Unable to locate element: {"method":"xpath","selector":"//div[@class='oxd-select-wrapper']/child::div/div[text()='Admin']"}
  (Session info: chrome=109.0.5414.120)
For documentation on this error, please visit: https://selenium.dev/exceptions/#no_such_element
Build info: version: '4.1.4', revision: '535d840ee2'
System info: host: 'JITEN', ip: '192.168.0.208', os.name: 'Windows 10', os.arch: 'amd64', os.version: '10.0', java.version: '1.8.0_121'
Driver info: org.openqa.selenium.chrome.ChromeDriver
Command: [940e7deff222e8bd63c39331e22d5ddd, findElement {using=xpath, value=//div[@class='oxd-select-wrapper']/child::div/div[text()='Admin']}]
Capabilities {acceptInsecureCerts: false, browserName: chrome, browserVersion: 109.0.5414.120, chrome: {chromedriverVersion: 109.0.5414.74 (e7c5703604da..., userDataDir: C:\Users\mjfoo\AppData\Loca...}, goog:chromeOptions: {debuggerAddress: localhost:53211}, javascriptEnabled: true, networkConnectionEnabled: false, pageLoadStrategy: normal, platform: WINDOWS, platformName: WINDOWS, proxy: Proxy(), se:cdp: ws://localhost:53211/devtoo..., se:cdpVersion: 109.0.5414.120, setWindowRect: true, strictFileInteractability: false, timeouts: {implicit: 0, pageLoad: 300000, script: 30000}, unhandledPromptBehavior: dismiss and notify, webauthn:extension:credBlob: true, webauthn:extension:largeBlob: true, webauthn:virtualAuthenticators: true}
Session ID: 940e7deff222e8bd63c39331e22d5ddd
  sun.reflect.NativeConstructorAccessorImpl.newInstance0(Native Method)
  sun.reflect.NativeConstructorAccessorImpl.newInstance(NativeConstructorAccessorImpl.java:62)
  sun.reflect.DelegatingConstructorAccessorImpl.newInstance(DelegatingConstructorAccessorImpl.java:45)
  java.lang.reflect.Constructor.newInstance(Constructor.java:423)
  org.openqa.selenium.remote.codec.w3c.W3CHttpResponseCodec.createException(W3CHttpResponseCodec.java:200)
  org.openqa.selenium.remote.codec.w3c.W3CHttpResponseCodec.decode(W3CHttpResponseCodec.java:133)
  org.openqa.selenium.remote.codec.w3c.W3CHttpResponseCodec.decode(W3CHttpResponseCodec.java:53)
  org.openqa.selenium.remote.HttpCommandExecutor.execute(HttpCommandExecutor.java:184)
  org.openqa.selenium.remote.service.DriverCommandExecutor.invokeExecute(DriverCommandExecutor.java:167)
  org.openqa.selenium.remote.service.DriverCommandExecutor.execute(DriverCommandExecutor.java:142)
  org.openqa.selenium.remote.RemoteWebDriver.execute(RemoteWebDriver.java:567)
  org.openqa.selenium.remote.ElementLocation$ElementFinder$2.findElement(ElementLocation.java:162)
  org.openqa.selenium.remote.ElementLocation.findElement(ElementLocation.java:60)
  org.openqa.selenium.remote.RemoteWebDriver.findElement(RemoteWebDriver.java:385)
  org.openqa.selenium.remote.RemoteWebDriver.findElement(RemoteWebDriver.java:377)
  org.openqa.selenium.support.pagefactory.DefaultElementLocator.findElement(DefaultElementLocator.java:70)
  org.openqa.selenium.support.pagefactory.internal.LocatingElementHandler.invoke(LocatingElementHandler.java:39)
  com.sun.proxy.$Proxy14.getWrappedElement(Unknown Source)
  org.openqa.selenium.interactions.PointerInput$Origin.asArg(PointerInput.java:234)
  org.openqa.selenium.interactions.PointerInput$Move.encode(PointerInput.java:185)
  org.openqa.selenium.interactions.Sequence.encode(Sequence.java:73)
  org.openqa.selenium.interactions.Sequence.toJson(Sequence.java:82)
  sun.reflect.NativeMethodAccessorImpl.invoke0(Native Method)
  sun.reflect.NativeMethodAccessorImpl.invoke(NativeMethodAccessorImpl.java:62)
  sun.reflect.DelegatingMethodAccessorImpl.invoke(DelegatingMethodAccessorImpl.java:43)
  java.lang.reflect.Method.invoke(Method.java:498)
  org.openqa.selenium.json.JsonOutput.convertUsingMethod(JsonOutput.java:358)
  org.openqa.selenium.json.JsonOutput.lambda$new$16(JsonOutput.java:154)
  org.openqa.selenium.json.JsonOutput.write(JsonOutput.java:287)
  org.openqa.selenium.json.JsonOutput.lambda$new$22(JsonOutput.java:169)
  java.util.stream.ForEachOps$ForEachOp$OfRef.accept(ForEachOps.java:184)
  java.util.stream.ReferencePipeline$2$1.accept(ReferencePipeline.java:175)
  java.util.Iterator.forEachRemaining(Iterator.java:116)
  java.util.Spliterators$IteratorSpliterator.forEachRemaining(Spliterators.java:1801)
  java.util.stream.AbstractPipeline.copyInto(AbstractPipeline.java:481)
  java.util.stream.AbstractPipeline.wrapAndCopyInto(AbstractPipeline.java:471)
  java.util.stream.ForEachOps$ForEachOp.evaluateSequential(ForEachOps.java:151)
  java.util.stream.ForEachOps$ForEachOp$OfRef.evaluateSequential(ForEachOps.java:174)
  java.util.stream.AbstractPipeline.evaluate(AbstractPipeline.java:234)
  java.util.stream.ReferencePipeline.forEach(ReferencePipeline.java:418)
  org.openqa.selenium.json.JsonOutput.lambda$new$23(JsonOutput.java:169)
  org.openqa.selenium.json.JsonOutput.write(JsonOutput.java:287)
  org.openqa.selenium.json.JsonOutput.lambda$new$24(JsonOutput.java:182)
  com.google.common.collect.SingletonImmutableBiMap.forEach(SingletonImmutableBiMap.java:68)
  org.openqa.selenium.json.JsonOutput.lambda$new$25(JsonOutput.java:177)
  org.openqa.selenium.json.JsonOutput.write(JsonOutput.java:287)
  org.openqa.selenium.json.JsonOutput.write(JsonOutput.java:278)
  org.openqa.selenium.json.Json.toJson(Json.java:42)
  org.openqa.selenium.remote.codec.AbstractHttpCommandCodec.encode(AbstractHttpCommandCodec.java:259)
  org.openqa.selenium.remote.codec.AbstractHttpCommandCodec.encode(AbstractHttpCommandCodec.java:127)
  org.openqa.selenium.remote.HttpCommandExecutor.execute(HttpCommandExecutor.java:172)
  org.openqa.selenium.remote.service.DriverCommandExecutor.invokeExecute(DriverCommandExecutor.java:167)
  org.openqa.selenium.remote.service.DriverCommandExecutor.execute(DriverCommandExecutor.java:142)
  org.openqa.selenium.remote.RemoteWebDriver.execute(RemoteWebDriver.java:567)
  org.openqa.selenium.remote.RemoteWebDriver.perform(RemoteWebDriver.java:635)
  org.openqa.selenium.interactions.Actions$BuiltAction.perform(Actions.java:656)
  org.openqa.selenium.interactions.Actions.perform(Actions.java:612)
  com.orangehrmlive.demo.utility.Utility.mouseHoverToElement(Utility.java:234)
  com.orangehrmlive.demo.pages.AddUserPage.ClickonUserrole(AddUserPage.java:109)
  com.orangehrmlive.demo.testsuite.UsersTest.adminShouldAddUserSuccessFully(UsersTest.java:42)
  sun.reflect.NativeMethodAccessorImpl.invoke0(Native Method)
  sun.reflect.NativeMethodAccessorImpl.invoke(NativeMethodAccessorImpl.java:62)
  sun.reflect.DelegatingMethodAccessorImpl.invoke(DelegatingMethodAccessorImpl.java:43)
  java.lang.reflect.Method.invoke(Method.java:498)
  org.testng.internal.invokers.MethodInvocationHelper.invokeMethod(MethodInvocationHelper.java:135)
  org.testng.internal.invokers.TestInvoker.invokeMethod(TestInvoker.java:673)
  org.testng.internal.invokers.TestInvoker.invokeTestMethod(TestInvoker.java:220)
  org.testng.internal.invokers.MethodRunner.runInSequence(MethodRunner.java:50)
  org.testng.internal.invokers.TestInvoker$MethodInvocationAgent.invoke(TestInvoker.java:945)
  org.testng.internal.invokers.TestInvoker.invokeTestMethods(TestInvoker.java:193)
  org.testng.internal.invokers.TestMethodWorker.invokeTestMethods(TestMethodWorker.java:146)
  org.testng.internal.invokers.TestMethodWorker.run(TestMethodWorker.java:128)
  java.util.ArrayList.forEach(ArrayList.java:1249)
  org.testng.TestRunner.privateRun(TestRunner.java:808)
  org.testng.TestRunner.run(TestRunner.java:603)
  org.testng.SuiteRunner.runTest(SuiteRunner.java:429)
  org.testng.SuiteRunner.runSequentially(SuiteRunner.java:423)
  org.testng.SuiteRunner.privateRun(SuiteRunner.java:383)
  org.testng.SuiteRunner.run(SuiteRunner.java:326)
  org.testng.SuiteRunnerWorker.runSuite(SuiteRunnerWorker.java:52)
  org.testng.SuiteRunnerWorker.run(SuiteRunnerWorker.java:95)
  org.testng.TestNG.runSuitesSequentially(TestNG.java:1249)
  org.testng.TestNG.runSuitesLocally(TestNG.java:1169)
  org.testng.TestNG.runSuites(TestNG.java:1092)
  org.testng.TestNG.run(TestNG.java:1060)
  com.intellij.rt.testng.IDEARemoteTestNG.run(IDEARemoteTestNG.java:66)
  com.intellij.rt.testng.RemoteTestNGStarter.main(RemoteTestNGStarter.java:109)
]]>
      </failure>

          </testcase>
  
  
  
</testsuite>
